#
# A fatal error has been detected by the Java Runtime Environment:
#
#  EXCEPTION_ACCESS_VIOLATION (0xc0000005) at pc=0x0000000066b1e82e, pid=30848, tid=31316
#
# JRE version: Java(TM) SE Runtime Environment (22.0.2+9) (build 22.0.2+9-70)
# Java VM: Java HotSpot(TM) 64-Bit Server VM (22.0.2+9-70, mixed mode, sharing, tiered, compressed oops, compressed class ptrs, g1 gc, windows-amd64)
# Problematic frame:
# C  [gdx-box2d64.dll+0x1e82e]
#
# No core dump will be written. Minidumps are not enabled by default on client versions of Windows
#
# If you would like to submit a bug report, please visit:
#   https://bugreport.java.com/bugreport/crash.jsp
# The crash happened outside the Java Virtual Machine in native code.
# See problematic frame for where to report the bug.
#

---------------  S U M M A R Y ------------

Command Line: -Dfile.encoding=UTF-8 -Duser.country=IN -Duser.language=en -Duser.variant APProject.project.lwjgl3.Lwjgl3Launcher

Host: AMD Ryzen 7 4800HS with Radeon Graphics         , 16 cores, 15G,  Windows 11 , 64 bit Build 22621 (10.0.22621.4391)
Time: Sat Nov 16 21:45:51 2024 India Standard Time elapsed time: 21.479035 seconds (0d 0h 0m 21s)

---------------  T H R E A D  ---------------

Current thread (0x000002543541c8d0):  JavaThread "main"             [_thread_in_native, id=31316, stack(0x000000cf95500000,0x000000cf95600000) (1024K)]

Stack: [0x000000cf95500000,0x000000cf95600000],  sp=0x000000cf955fee00,  free space=1019k
Native frames: (J=compiled Java code, j=interpreted, Vv=VM code, C=native code)
C  [gdx-box2d64.dll+0x1e82e]  (no source info available)
C  [gdx-box2d64.dll+0x20533]  (no source info available)
C  [gdx-box2d64.dll+0x2594f]  (no source info available)
C  0x000002544656cfc7  (no source info available)

The last pc belongs to native method entry point (kind = native) (printed below).
Java frames: (J=compiled Java code, j=interpreted, Vv=VM code)
j  com.badlogic.gdx.physics.box2d.World.jniDestroyBody(JJ)V+0
j  com.badlogic.gdx.physics.box2d.World.destroyBody(Lcom/badlogic/gdx/physics/box2d/Body;)V+42
j  APProject.project.Block.dispose(Lcom/badlogic/gdx/physics/box2d/World;)V+26
j  APProject.project.Level1.dispose()V+180
j  APProject.project.Main.dispose()V+36
j  com.badlogic.gdx.backends.lwjgl3.Lwjgl3Window.dispose()V+13
j  com.badlogic.gdx.backends.lwjgl3.Lwjgl3Application.loop()V+408
j  com.badlogic.gdx.backends.lwjgl3.Lwjgl3Application.<init>(Lcom/badlogic/gdx/ApplicationListener;Lcom/badlogic/gdx/backends/lwjgl3/Lwjgl3ApplicationConfiguration;)V+269
j  APProject.project.lwjgl3.Lwjgl3Launcher.createApplication()Lcom/badlogic/gdx/backends/lwjgl3/Lwjgl3Application;+14
j  APProject.project.lwjgl3.Lwjgl3Launcher.main([Ljava/lang/String;)V+7
v  ~StubRoutines::call_stub 0x000002544656100d

siginfo: EXCEPTION_ACCESS_VIOLATION (0xc0000005), reading address 0x0000000000000000


Registers:
RAX=0x0000000000000000, RBX=0x00000254a85257e0, RCX=0x0000000000000000, RDX=0x000002549f9ad630
RSP=0x000000cf955fee00, RBP=0x000000cf955fefa0, RSI=0x000002549f9c68d0, RDI=0x0000000000000002
R8 =0x000002549f9ad630, R9 =0x00000254a852d800, R10=0x000002544656cf98, R11=0x0000000000000102
R12=0x000002549f9ad630, R13=0x000002549f9ad630, R14=0x00000254a85257e0, R15=0x000002543541c8d0
RIP=0x0000000066b1e82e, EFLAGS=0x0000000000010246


Register to memory mapping:

RAX=0x0 is null
RBX=0x00000254a85257e0 points into unknown readable memory: 0x000002543f800000 | 00 00 80 3f 54 02 00 00
RCX=0x0 is null
RDX=0x000002549f9ad630 points into unknown readable memory: 0x000002549f904c30 | 30 4c 90 9f 54 02 00 00
RSP=0x000000cf955fee00 is pointing into the stack for thread: 0x000002543541c8d0
RBP=0x000000cf955fefa0 is pointing into the stack for thread: 0x000002543541c8d0
RSI=0x000002549f9c68d0 points into unknown readable memory: 0x0000000000000004 | 04 00 00 00 00 00 00 00
RDI=0x0000000000000002 is an unknown value
R8 =0x000002549f9ad630 points into unknown readable memory: 0x000002549f904c30 | 30 4c 90 9f 54 02 00 00
R9 =0x00000254a852d800 points into unknown readable memory: 0x0000002600000000 | 00 00 00 00 26 00 00 00
R10=0x000002544656cf98 is at code_begin+1016 in an Interpreter codelet
native method entry point (kind = native)  [0x000002544656cba0, 0x000002544656d6c0]  2848 bytes
R11=0x0000000000000102 is an unknown value
R12=0x000002549f9ad630 points into unknown readable memory: 0x000002549f904c30 | 30 4c 90 9f 54 02 00 00
R13=0x000002549f9ad630 points into unknown readable memory: 0x000002549f904c30 | 30 4c 90 9f 54 02 00 00
R14=0x00000254a85257e0 points into unknown readable memory: 0x000002543f800000 | 00 00 80 3f 54 02 00 00
R15=0x000002543541c8d0 is a thread

Top of Stack: (sp=0x000000cf955fee00)
0x000000cf955fee00:   0000000000000000 000000089c0d0a00
0x000000cf955fee10:   00007ffc6f943e18 0000000000000000
0x000000cf955fee20:   0000000000000000 000002549f9ad630
0x000000cf955fee30:   00000254a852d800 0000000066b20533
0x000000cf955fee40:   0000000100000005 0000000000000003
0x000000cf955fee50:   000002543541cf50 0000002800000003
0x000000cf955fee60:   0000025498798b40 0000000000000024
0x000000cf955fee70:   000002549f9ad630 00000254a852d800
0x000000cf955fee80:   000000cf955fefe0 0000000066b2594f
0x000000cf955fee90:   000000cf955fefa0 00007ffc6f31ce95
0x000000cf955feea0:   000000cf955feec0 0000025446584d26
0x000000cf955feeb0:   0000000066b466a0 000002543541cc90
0x000000cf955feec0:   000000cf955fefe0 000002543541c8d0
0x000000cf955feed0:   0000000066b46700 000002543541cc90
0x000000cf955feee0:   000000cf955fefe0 0000025498798b40
0x000000cf955feef0:   000002543541c8d0 0000000000000000
0x000000cf955fef00:   0000025498798b40 000002544656cfc7
0x000000cf955fef10:   0000025498798b40 000000cf955fefe0
0x000000cf955fef20:   0000000000000002 000002544656ccb3
0x000000cf955fef30:   0000025498798b40 0000000000000024
0x000000cf955fef40:   00000254987cfba8 000000cf955fefe0
0x000000cf955fef50:   000002544656cc5b fffffffffffffff7
0x000000cf955fef60:   0000025498798b40 0000000000000008
0x000000cf955fef70:   00000254987ad3e8 0000000000000000
0x000000cf955fef80:   0000000717240708 0000025498798b40
0x000000cf955fef90:   0000000000000000 000000cf955fefc0
0x000000cf955fefa0:   000000cf955ff030 00000254465688c0
0x000000cf955fefb0:   0000000000000000 000002544656a517
0x000000cf955fefc0:   00000254a852d800 0000000000000000
0x000000cf955fefd0:   000002549f9ad630 0000000000000000
0x000000cf955fefe0:   00000007173d78e8 fffffffffffffff7
0x000000cf955feff0:   00000254987989f2 0000000000000006 

Instructions: (pc=0x0000000066b1e82e)
0x0000000066b1e72e:   00 00 00 00 c3 90 66 66 2e 0f 1f 84 00 00 00 00
0x0000000066b1e73e:   00 90 41 54 57 56 53 48 83 ec 28 49 8b 41 08 f3
0x0000000066b1e74e:   41 0f 10 41 10 48 89 41 40 41 8b 41 1e 48 89 cb
0x0000000066b1e75e:   49 89 d4 f3 0f 11 41 20 f3 41 0f 10 41 14 4c 89
0x0000000066b1e76e:   ce 89 41 34 41 0f b7 41 22 4c 89 41 10 66 89 41
0x0000000066b1e77e:   38 41 0f b6 41 1c f3 0f 11 41 24 88 41 3a 48 c7
0x0000000066b1e78e:   41 08 00 00 00 00 49 8b 09 48 8b 01 ff 50 10 48
0x0000000066b1e79e:   89 c1 48 89 43 18 48 8b 00 ff 50 18 4c 89 e1 89
0x0000000066b1e7ae:   c2 89 c7 c1 e2 05 e8 07 c6 fe ff 48 89 43 28 85
0x0000000066b1e7be:   ff 7e 2e 8d 4f ff 48 8d 50 10 48 c1 e1 05 48 8d
0x0000000066b1e7ce:   44 08 30 0f 1f 80 00 00 00 00 48 c7 02 00 00 00
0x0000000066b1e7de:   00 48 83 c2 20 c7 42 ec ff ff ff ff 48 39 c2 75
0x0000000066b1e7ee:   e9 f3 0f 10 46 18 c7 43 30 00 00 00 00 f3 0f 11
0x0000000066b1e7fe:   03 48 83 c4 28 5b 5e 5f 41 5c c3 90 66 0f 1f 44
0x0000000066b1e80e:   00 00 41 55 41 54 53 48 83 ec 20 8b 41 30 48 89
0x0000000066b1e81e:   cb 49 89 d5 85 c0 0f 85 9e 00 00 00 48 8b 4b 18
0x0000000066b1e82e:   48 8b 01 ff 50 18 48 8b 53 28 4c 89 e9 c1 e0 05
0x0000000066b1e83e:   41 89 c0 e8 9a c7 fe ff 4c 8b 63 18 48 c7 43 28
0x0000000066b1e84e:   00 00 00 00 41 8b 44 24 08 83 f8 02 0f 84 b0 00
0x0000000066b1e85e:   00 00 77 3e 85 c0 0f 84 c6 00 00 00 49 8b 04 24
0x0000000066b1e86e:   4c 89 e1 ff 10 41 b8 38 00 00 00 4c 89 e2 4c 89
0x0000000066b1e87e:   e9 e8 5c c7 fe ff 48 c7 43 18 00 00 00 00 48 83
0x0000000066b1e88e:   c4 20 5b 41 5c 41 5d c3 66 2e 0f 1f 84 00 00 00
0x0000000066b1e89e:   00 00 83 f8 03 75 4b 49 8b 04 24 4c 89 e1 ff 10
0x0000000066b1e8ae:   41 b8 30 00 00 00 4c 89 e2 4c 89 e9 e8 21 c7 fe
0x0000000066b1e8be:   ff eb c3 0f 1f 80 00 00 00 00 41 b8 48 00 00 00
0x0000000066b1e8ce:   48 8d 15 8b 38 02 00 48 8d 0d e4 38 02 00 ff 15
0x0000000066b1e8de:   d2 7a 03 00 e9 43 ff ff ff 66 0f 1f 84 00 00 00
0x0000000066b1e8ee:   00 00 41 b8 73 00 00 00 48 8d 15 63 38 02 00 48
0x0000000066b1e8fe:   8d 0d ce 38 02 00 ff 15 aa 7a 03 00 e9 75 ff ff
0x0000000066b1e90e:   ff 90 49 8b 04 24 4c 89 e1 ff 10 41 b8 a0 00 00
0x0000000066b1e91e:   00 4c 89 e2 4c 89 e9 e8 b6 c6 fe ff e9 55 ff ff 


Stack slot to memory mapping:

stack at sp + 0 slots: 0x0 is null
stack at sp + 1 slots: 0x000000089c0d0a00 is an unknown value
stack at sp + 2 slots: 0x00007ffc6f943e18 jvm.dll
stack at sp + 3 slots: 0x0 is null
stack at sp + 4 slots: 0x0 is null
stack at sp + 5 slots: 0x000002549f9ad630 points into unknown readable memory: 0x000002549f904c30 | 30 4c 90 9f 54 02 00 00
stack at sp + 6 slots: 0x00000254a852d800 points into unknown readable memory: 0x0000002600000000 | 00 00 00 00 26 00 00 00
stack at sp + 7 slots: 0x0000000066b20533 gdx-box2d64.dll

native method entry point (kind = native)  [0x000002544656cba0, 0x000002544656d6c0]  2848 bytes
[MachCode]
  0x000002544656cba0: 488b 4b08 | 0fb7 492e | 584c 8d74 | ccf8 6800 | 0000 0068 | 0000 0000 | 5055 488b | ec41 5568 
  0x000002544656cbc0: 0000 0000 | 4c8b 6b08 | 4d8d 6d38 | 5348 8b53 | 0848 8b52 | 0848 8b52 | 1848 8b52 | 7048 8b12 
  0x000002544656cbe0: 5248 8b53 | 1048 85d2 | 0f84 0700 | 0000 4881 | c210 0100 | 0052 488b | 5308 488b | 5208 488b 
  0x000002544656cc00: 5210 5249 | 8bc6 482b | c548 c1e8 | 0350 6800 | 0000 0068 | f7ff ffff | 41c6 8781 | 0400 0001 
  0x000002544656cc20: 488b 4310 | 4885 c074 | 208b 88cc | 0000 0083 | c102 8988 | cc00 0000 | 2388 e000 | 0000 0f84 
  0x000002544656cc40: cb09 0000 | e9cf 0000 | 0048 8b43 | 1848 85c0 | 0f85 b000 | 0000 e805 | 0000 00e9 | 9900 0000 
  0x000002544656cc60: 488b d348 | 8d44 2408 | 4c89 6dc0 | 498b cfc5 | f877 4989 | afb0 0300 | 0049 8987 | a003 0000 
  0x000002544656cc80: 4883 ec20 | 40f6 c40f | 0f84 1900 | 0000 4883 | ec08 48b8 | 00a7 316f | fc7f 0000 | ffd0 4883 
  0x000002544656cca0: c408 e90c | 0000 0048 | b800 a731 | 6ffc 7f00 | 00ff d048 | 83c4 2049 | c787 a003 | 0000 0000 
  0x000002544656ccc0: 0000 49c7 | 87b0 0300 | 0000 0000 | 0049 c787 | a803 0000 | 0000 0000 | c5f8 7749 | 837f 0800 
  0x000002544656cce0: 0f84 0500 | 0000 e915 | 42ff ff4c | 8b6d c04c | 8b75 c84e | 8d74 f500 | c348 8b43 | 1848 85c0 
  0x000002544656cd00: 0f84 1200 | 0000 8b48 | 0883 c102 | 8948 0823 | 481c 0f84 | f708 0000 | 493b a7f0 | 0400 000f 
  0x000002544656cd20: 8748 0000 | 0089 8424 | 00f0 ffff | 8984 2400 | e0ff ff89 | 8424 00d0 | ffff 8984 | 2400 c0ff 
  0x000002544656cd40: ff89 8424 | 00b0 ffff | 8984 2400 | a0ff ff89 | 8424 0090 | ffff 8984 | 2400 80ff | ff49 3ba7 
  0x000002544656cd60: e804 0000 | 7607 4989 | a7f0 0400 | 0041 c687 | 8104 0000 | 0049 ba6c | 40b8 6ffc | 7f00 0041 
  0x000002544656cd80: 803a 000f | 843e 0000 | 0048 8b55 | e849 8bcf | 4883 ec20 | 40f6 c40f | 0f84 1900 | 0000 4883 
  0x000002544656cda0: ec08 48b8 | 80b9 686f | fc7f 0000 | ffd0 4883 | c408 e90c | 0000 0048 | b880 b968 | 6ffc 7f00 
  0x000002544656cdc0: 00ff d048 | 83c4 2048 | 8b5d e84c | 8b5b 0845 | 0fb7 5b2e | 41c1 e303 | 492b e348 | 83ec 2048 
  0x000002544656cde0: 83e4 f04c | 8b5b 604d | 85db 0f85 | ab00 0000 | e805 0000 | 00e9 9900 | 0000 488b | d348 8d44 
  0x000002544656ce00: 2408 4c89 | 6dc0 498b | cfc5 f877 | 4989 afb0 | 0300 0049 | 8987 a003 | 0000 4883 | ec20 40f6 
  0x000002544656ce20: c40f 0f84 | 1900 0000 | 4883 ec08 | 48b8 20ce | 316f fc7f | 0000 ffd0 | 4883 c408 | e90c 0000 
  0x000002544656ce40: 0048 b820 | ce31 6ffc | 7f00 00ff | d048 83c4 | 2049 c787 | a003 0000 | 0000 0000 | 49c7 87b0 
  0x000002544656ce60: 0300 0000 | 0000 0049 | c787 a803 | 0000 0000 | 0000 c5f8 | 7749 837f | 0800 0f84 | 0500 0000 
  0x000002544656ce80: e97b 40ff | ff4c 8b6d | c04c 8b75 | c84e 8d74 | f500 c348 | 8b5d e84c | 8b5b 6041 | ffd3 488b 
  0x000002544656cea0: 5de8 4889 | 4518 448b | 5b28 41f6 | c308 0f84 | 1b00 0000 | 4c8b 5b08 | 4d8b 5b08 | 4d8b 5b18 
  0x000002544656cec0: 4d8b 5b70 | 4d8b 1b4c | 895d 1048 | 8d55 1048 | 8b43 5849 | ba80 1069 | 6ffc 7f00 | 0049 3bc2 
  0x000002544656cee0: 0f85 ab00 | 0000 e805 | 0000 00e9 | 9900 0000 | 488b d348 | 8d44 2408 | 4c89 6dc0 | 498b cfc5 
  0x000002544656cf00: f877 4989 | afb0 0300 | 0049 8987 | a003 0000 | 4883 ec20 | 40f6 c40f | 0f84 1900 | 0000 4883 
  0x000002544656cf20: ec08 48b8 | 20ce 316f | fc7f 0000 | ffd0 4883 | c408 e90c | 0000 0048 | b820 ce31 | 6ffc 7f00 
  0x000002544656cf40: 00ff d048 | 83c4 2049 | c787 a003 | 0000 0000 | 0000 49c7 | 87b0 0300 | 0000 0000 | 0049 c787 
  0x000002544656cf60: a803 0000 | 0000 0000 | c5f8 7749 | 837f 0800 | 0f84 0500 | 0000 e985 | 3fff ff4c | 8b6d c04c 
  0x000002544656cf80: 8b75 c84e | 8d74 f500 | c348 8b5d | e848 8b43 | 5849 8d8f | c003 0000 | c5f8 7749 | 89af b003 
  0x000002544656cfa0: 0000 49ba | 98cf 5646 | 5402 0000 | 4d89 97a8 | 0300 0049 | 89a7 a003 | 0000 41c7 | 8754 0400 
  0x000002544656cfc0: 0004 0000 | 00ff d0c5 | f877 4883 | ec10 c5fb | 1104 2448 | 83ec 1048 | 8904 2448 | c744 2408 
  0x000002544656cfe0: 0000 0000 | 41c7 8754 | 0400 0005 | 0000 00f0 | 8344 24c0 | 0049 3baf | 5804 0000 | 0f87 0e00 
  0x000002544656d000: 0000 4183 | bf50 0400 | 0000 0f84 | 2000 0000 | 498b cf4c | 8be4 4883 | ec20 4883 | e4f0 48b8 
  0x000002544656d020: 4023 336f | fc7f 0000 | ffd0 498b | e44d 33e4 | 41c7 8754 | 0400 0008 | 0000 0049 | c787 a003 
  0x000002544656d040: 0000 0000 | 0000 49c7 | 87b0 0300 | 0000 0000 | 0049 c787 | a803 0000 | 0000 0000 | c5f8 774d 
  0x000002544656d060: 8b9f 3004 | 0000 41c7 | 8300 0100 | 0000 0000 | 0049 bb1a | a556 4654 | 0200 004c | 3b5d 180f 
  0x000002544656d080: 8524 0200 | 0048 8b04 | 2448 83c4 | 1048 85c0 | 0f84 fe01 | 0000 a803 | 0f85 0800 | 0000 488b 
  0x000002544656d0a0: 00e9 ee01 | 0000 a801 | 0f85 0900 | 0000 488b | 40fe e9dd | 0100 0048 | 8b40 ff41 | 807f 3800 
  0x000002544656d0c0: 0f84 ce01 | 0000 4883 | f800 0f84 | c401 0000 | 4d8b 5f28 | 4983 fb00 | 0f84 1400 | 0000 4983 
  0x000002544656d0e0: eb08 4d89 | 5f28 4d03 | 5f30 4989 | 03e9 a201 | 0000 4881 | ecd0 0000 | 0048 8904 | 2448 894c 
  0x000002544656d100: 2408 4889 | 5424 1048 | 8974 2418 | 4889 7c24 | 204c 8944 | 2428 4c89 | 4c24 304c | 8954 2438 
  0x000002544656d120: 4c89 5c24 | 40c5 fb11 | 4424 50c5 | fb11 4c24 | 58c5 fb11 | 5424 60c5 | fb11 5c24 | 68c5 fb11 
  0x000002544656d140: 6424 70c5 | fb11 6c24 | 78c5 fb11 | b424 8000 | 0000 c5fb | 11bc 2488 | 0000 00c5 | 7b11 8424 
  0x000002544656d160: 9000 0000 | c57b 118c | 2498 0000 | 00c5 7b11 | 9424 a000 | 0000 c57b | 119c 24a8 | 0000 00c5 
  0x000002544656d180: 7b11 a424 | b000 0000 | c57b 11ac | 24b8 0000 | 00c5 7b11 | b424 c000 | 0000 c57b | 11bc 24c8 
  0x000002544656d1a0: 0000 0049 | 8bd7 488b | c848 83ec | 2040 f6c4 | 0f0f 8419 | 0000 0048 | 83ec 0848 | b830 3f26 
  0x000002544656d1c0: 6ffc 7f00 | 00ff d048 | 83c4 08e9 | 0c00 0000 | 48b8 303f | 266f fc7f | 0000 ffd0 | 4883 c420 
  0x000002544656d1e0: c57b 10bc | 24c8 0000 | 00c5 7b10 | b424 c000 | 0000 c57b | 10ac 24b8 | 0000 00c5 | 7b10 a424 
  0x000002544656d200: b000 0000 | c57b 109c | 24a8 0000 | 00c5 7b10 | 9424 a000 | 0000 c57b | 108c 2498 | 0000 00c5 
  0x000002544656d220: 7b10 8424 | 9000 0000 | c5fb 10bc | 2488 0000 | 00c5 fb10 | b424 8000 | 0000 c5fb | 106c 2478 
  0x000002544656d240: c5fb 1064 | 2470 c5fb | 105c 2468 | c5fb 1054 | 2460 c5fb | 104c 2458 | c5fb 1044 | 2450 4c8b 
  0x000002544656d260: 5c24 404c | 8b54 2438 | 4c8b 4c24 | 304c 8b44 | 2428 488b | 7c24 2048 | 8b74 2418 | 488b 5424 
  0x000002544656d280: 1048 8b4c | 2408 488b | 0424 4881 | c4d0 0000 | 00c5 f877 | 4889 4510 | 4883 ec10 | 4889 0424 
  0x000002544656d2a0: 48c7 4424 | 0800 0000 | 0041 83bf | d004 0000 | 020f 85bf | 0000 0048 | 81ec 8000 | 0000 4889 
  0x000002544656d2c0: 4424 7848 | 894c 2470 | 4889 5424 | 6848 895c | 2460 4889 | 6c24 5048 | 8974 2448 | 4889 7c24 
  0x000002544656d2e0: 404c 8944 | 2438 4c89 | 4c24 304c | 8954 2428 | 4c89 5c24 | 204c 8964 | 2418 4c89 | 6c24 104c 
  0x000002544656d300: 8974 2408 | 4c89 3c24 | 4c8b e448 | 83ec 2048 | 83e4 f048 | b8d0 f168 | 6ffc 7f00 | 00ff d049 
  0x000002544656d320: 8be4 4c8b | 3c24 4c8b | 7424 084c | 8b6c 2410 | 4c8b 6424 | 184c 8b5c | 2420 4c8b | 5424 284c 
  0x000002544656d340: 8b4c 2430 | 4c8b 4424 | 3848 8b7c | 2440 488b | 7424 4848 | 8b6c 2450 | 488b 5c24 | 6048 8b54 
  0x000002544656d360: 2468 488b | 4c24 7048 | 8b44 2478 | 4881 c480 | 0000 004d | 33e4 488b | 5de8 4c8b | 6b08 4d8d 
  0x000002544656d380: 6d38 4983 | 7f08 000f | 84bb 0000 | 00e8 0500 | 0000 e996 | 0000 0048 | 8d44 2408 | 4c89 6dc0 
  0x000002544656d3a0: 498b cfc5 | f877 4989 | afb0 0300 | 0049 8987 | a003 0000 | 4883 ec20 | 40f6 c40f | 0f84 1900 
  0x000002544656d3c0: 0000 4883 | ec08 48b8 | 60ec 316f | fc7f 0000 | ffd0 4883 | c408 e90c | 0000 0048 | b860 ec31 
  0x000002544656d3e0: 6ffc 7f00 | 00ff d048 | 83c4 2049 | c787 a003 | 0000 0000 | 0000 49c7 | 87b0 0300 | 0000 0000 
  0x000002544656d400: 0049 c787 | a803 0000 | 0000 0000 | c5f8 7749 | 837f 0800 | 0f84 0500 | 0000 e9e1 | 3aff ff4c 
  0x000002544656d420: 8b6d c04c | 8b75 c84e | 8d74 f500 | c348 b9c0 | 2890 6ffc | 7f00 0048 | 83e4 f048 | b830 9957 
  0x000002544656d440: 6ffc 7f00 | 00ff d0f4 | 448b 5b28 | 41f6 c320 | 0f84 4401 | 0000 488d | 55a8 4c8b | 5a08 4d85 
  0x000002544656d460: db0f 85bb | 0000 00e8 | 0500 0000 | e996 0000 | 0048 8d44 | 2408 4c89 | 6dc0 498b | cfc5 f877 
  0x000002544656d480: 4989 afb0 | 0300 0049 | 8987 a003 | 0000 4883 | ec20 40f6 | c40f 0f84 | 1900 0000 | 4883 ec08 
  0x000002544656d4a0: 48b8 90eb | 316f fc7f | 0000 ffd0 | 4883 c408 | e90c 0000 | 0048 b890 | eb31 6ffc | 7f00 00ff 
  0x000002544656d4c0: d048 83c4 | 2049 c787 | a003 0000 | 0000 0000 | 49c7 87b0 | 0300 0000 | 0000 0049 | c787 a803 
  0x000002544656d4e0: 0000 0000 | 0000 c5f8 | 7749 837f | 0800 0f84 | 0500 0000 | e907 3aff | ff4c 8b6d | c04c 8b75 
  0x000002544656d500: c84e 8d74 | f500 c348 | b9c0 2890 | 6ffc 7f00 | 0048 83e4 | f048 b830 | 9957 6ffc | 7f00 00ff 
  0x000002544656d520: d0f4 4c89 | 6dc0 488d | 024c 8b4a | 0848 c742 | 0800 0000 | 004c 8b00 | 4d85 c00f | 840b 0000 
  0x000002544656d540: 00f0 4d0f | b101 0f85 | 0c00 0000 | 49ff 8f58 | 0500 00e9 | 3e00 0000 | 4c89 4a08 | 488b ca48 
  0x000002544656d560: 83ec 2040 | f6c4 0f0f | 8419 0000 | 0048 83ec | 0848 b820 | be31 6ffc | 7f00 00ff | d048 83c4 
  0x000002544656d580: 08e9 0c00 | 0000 48b8 | 20be 316f | fc7f 0000 | ffd0 4883 | c420 4c8b | 6dc0 49ba | 6c40 b86f 
  0x000002544656d5a0: fc7f 0000 | 4180 3a00 | 0f84 3e00 | 0000 488b | 55e8 498b | cf48 83ec | 2040 f6c4 | 0f0f 8419 
  0x000002544656d5c0: 0000 0048 | 83ec 0848 | b880 b968 | 6ffc 7f00 | 00ff d048 | 83c4 08e9 | 0c00 0000 | 48b8 80b9 
  0x000002544656d5e0: 686f fc7f | 0000 ffd0 | 4883 c420 | 488b 0424 | 4883 c410 | c5fb 1004 | 2448 83c4 | 104c 8b5d 
  0x000002544656d600: 1841 ffd3 | 4c8b 5df8 | c95f 498b | e3ff e7ba | 0000 0000 | e805 0000 | 00e9 9600 | 0000 488d 
  0x000002544656d620: 4424 084c | 896d c049 | 8bcf c5f8 | 7749 89af | b003 0000 | 4989 87a0 | 0300 0048 | 83ec 2040 
  0x000002544656d640: f6c4 0f0f | 8419 0000 | 0048 83ec | 0848 b8e0 | b131 6ffc | 7f00 00ff | d048 83c4 | 08e9 0c00 
  0x000002544656d660: 0000 48b8 | e0b1 316f | fc7f 0000 | ffd0 4883 | c420 49c7 | 87a0 0300 | 0000 0000 | 0049 c787 
  0x000002544656d680: b003 0000 | 0000 0000 | 49c7 87a8 | 0300 0000 | 0000 00c5 | f877 4983 | 7f08 000f | 8405 0000 
  0x000002544656d6a0: 00e9 5a38 | ffff 4c8b | 6dc0 4c8b | 75c8 4e8d | 74f5 00c3 | 488b 5de8 | e95b f6ff | ff66 6690 
[/MachCode]

---------------  P R O C E S S  ---------------

Threads class SMR info:
_java_thread_list=0x000002549ec6c020, length=13, elements={
0x000002543541c8d0, 0x0000025456d58ff0, 0x0000025456d59d10, 0x0000025456d5bef0,
0x0000025456d5ce90, 0x0000025456d5da20, 0x0000025456d6a830, 0x0000025456d706e0,
0x0000025456d7b480, 0x000002549c1a8400, 0x000002549c1b1170, 0x000002549ec0ab80,
0x00000254a4005860
}

Java Threads: ( => current thread )
=>0x000002543541c8d0 JavaThread "main"                              [_thread_in_native, id=31316, stack(0x000000cf95500000,0x000000cf95600000) (1024K)]
  0x0000025456d58ff0 JavaThread "Reference Handler"          daemon [_thread_blocked, id=29264, stack(0x000000cf95d00000,0x000000cf95e00000) (1024K)]
  0x0000025456d59d10 JavaThread "Finalizer"                  daemon [_thread_blocked, id=24012, stack(0x000000cf95e00000,0x000000cf95f00000) (1024K)]
  0x0000025456d5bef0 JavaThread "Signal Dispatcher"          daemon [_thread_blocked, id=12364, stack(0x000000cf95f00000,0x000000cf96000000) (1024K)]
  0x0000025456d5ce90 JavaThread "Attach Listener"            daemon [_thread_blocked, id=352, stack(0x000000cf96000000,0x000000cf96100000) (1024K)]
  0x0000025456d5da20 JavaThread "Service Thread"             daemon [_thread_blocked, id=2876, stack(0x000000cf96100000,0x000000cf96200000) (1024K)]
  0x0000025456d6a830 JavaThread "Monitor Deflation Thread"   daemon [_thread_blocked, id=31348, stack(0x000000cf96200000,0x000000cf96300000) (1024K)]
  0x0000025456d706e0 JavaThread "C2 CompilerThread0"         daemon [_thread_blocked, id=16940, stack(0x000000cf96300000,0x000000cf96400000) (1024K)]
  0x0000025456d7b480 JavaThread "C1 CompilerThread0"         daemon [_thread_blocked, id=8444, stack(0x000000cf96400000,0x000000cf96500000) (1024K)]
  0x000002549c1a8400 JavaThread "Notification Thread"        daemon [_thread_blocked, id=32284, stack(0x000000cf96600000,0x000000cf96700000) (1024K)]
  0x000002549c1b1170 JavaThread "Common-Cleaner"             daemon [_thread_blocked, id=16264, stack(0x000000cf96700000,0x000000cf96800000) (1024K)]
  0x000002549ec0ab80 JavaThread "Thread-0"                   daemon [_thread_blocked, id=22692, stack(0x000000cf96800000,0x000000cf96900000) (1024K)]
  0x00000254a4005860 JavaThread "LWJGL3 Timer"               daemon [_thread_blocked, id=14896, stack(0x000000cf97900000,0x000000cf97a00000) (1024K)]
Total: 13

Other Threads:
  0x0000025456d3fc30 VMThread "VM Thread"                           [id=3624, stack(0x000000cf95c00000,0x000000cf95d00000) (1024K)]
  0x0000025456d25fe0 WatcherThread "VM Periodic Task Thread"        [id=22708, stack(0x000000cf95b00000,0x000000cf95c00000) (1024K)]
  0x00000254356632b0 WorkerThread "GC Thread#0"                     [id=17040, stack(0x000000cf95600000,0x000000cf95700000) (1024K)]
  0x00000254a4673c00 WorkerThread "GC Thread#1"                     [id=14268, stack(0x000000cf97100000,0x000000cf97200000) (1024K)]
  0x00000254a4060990 WorkerThread "GC Thread#2"                     [id=24260, stack(0x000000cf97200000,0x000000cf97300000) (1024K)]
  0x00000254a442de50 WorkerThread "GC Thread#3"                     [id=30960, stack(0x000000cf97300000,0x000000cf97400000) (1024K)]
  0x00000254a436ce30 WorkerThread "GC Thread#4"                     [id=34732, stack(0x000000cf97400000,0x000000cf97500000) (1024K)]
  0x00000254a405e060 WorkerThread "GC Thread#5"                     [id=23648, stack(0x000000cf97500000,0x000000cf97600000) (1024K)]
  0x00000254a4931a80 WorkerThread "GC Thread#6"                     [id=29836, stack(0x000000cf97600000,0x000000cf97700000) (1024K)]
  0x00000254a4932240 WorkerThread "GC Thread#7"                     [id=30856, stack(0x000000cf97700000,0x000000cf97800000) (1024K)]
  0x0000025435674d70 ConcurrentGCThread "G1 Main Marker"            [id=2996, stack(0x000000cf95700000,0x000000cf95800000) (1024K)]
  0x0000025435675a30 WorkerThread "G1 Conc#0"                       [id=23800, stack(0x000000cf95800000,0x000000cf95900000) (1024K)]
  0x0000025456bf9ff0 ConcurrentGCThread "G1 Refine#0"               [id=32592, stack(0x000000cf95900000,0x000000cf95a00000) (1024K)]
  0x0000025456bfab70 ConcurrentGCThread "G1 Service"                [id=21540, stack(0x000000cf95a00000,0x000000cf95b00000) (1024K)]
Total: 14

Threads with active compile tasks:
Total: 0

VM state: not at safepoint (normal execution)

VM Mutex/Monitor currently owned by a thread: None

Heap address: 0x0000000709400000, size: 3948 MB, Compressed Oops mode: Zero based, Oop shift amount: 3

CDS archive(s) mapped at: [0x0000025457000000-0x0000025457c60000-0x0000025457c60000), size 12976128, SharedBaseAddress: 0x0000025457000000, ArchiveRelocationMode: 1.
Compressed class space mapped at: 0x0000025458000000-0x0000025498000000, reserved size: 1073741824
Narrow klass base: 0x0000025457000000, Narrow klass shift: 0, Narrow klass range: 0x41000000

GC Precious Log:
 CardTable entry size: 512
 Card Set container configuration: InlinePtr #cards 4 size 8 Array Of Cards #cards 16 size 48 Howl #buckets 8 coarsen threshold 3686 Howl Bitmap #cards 512 size 80 coarsen threshold 460 Card regions per heap region 1 cards per card region 4096
 CPUs: 16 total, 16 available
 Memory: 15789M
 Large Page Support: Disabled
 NUMA Support: Disabled
 Compressed Oops: Enabled (Zero based)
 Heap Region Size: 2M
 Heap Min Capacity: 8M
 Heap Initial Capacity: 248M
 Heap Max Capacity: 3948M
 Pre-touch: Disabled
 Parallel Workers: 13
 Concurrent Workers: 3
 Concurrent Refinement Workers: 13
 Periodic GC: Disabled

Heap:
 garbage-first heap   total reserved 4042752K, committed 253952K, used 13755K [0x0000000709400000, 0x0000000800000000)
  region size 2048K, 7 young (14336K), 2 survivors (4096K)
 Metaspace       used 6914K, committed 7104K, reserved 1114112K
  class space    used 488K, committed 576K, reserved 1048576K

Heap Regions: E=young(eden), S=young(survivor), O=old, HS=humongous(starts), HC=humongous(continues), CS=collection set, F=free, TAMS=top-at-mark-start, PB=parsable bottom
|   0|0x0000000709400000, 0x0000000709600000, 0x0000000709600000|100%|HS|  |TAMS 0x0000000709400000| PB 0x0000000709400000| Complete |  0
|   1|0x0000000709600000, 0x0000000709800000, 0x0000000709800000|100%|HS|  |TAMS 0x0000000709600000| PB 0x0000000709600000| Complete |  0
|   2|0x0000000709800000, 0x0000000709800000, 0x0000000709a00000|  0%| F|  |TAMS 0x0000000709800000| PB 0x0000000709800000| Untracked |  0
|   3|0x0000000709a00000, 0x0000000709a00000, 0x0000000709c00000|  0%| F|  |TAMS 0x0000000709a00000| PB 0x0000000709a00000| Untracked |  0
|   4|0x0000000709c00000, 0x0000000709c00000, 0x0000000709e00000|  0%| F|  |TAMS 0x0000000709c00000| PB 0x0000000709c00000| Untracked |  0
|   5|0x0000000709e00000, 0x0000000709e00000, 0x000000070a000000|  0%| F|  |TAMS 0x0000000709e00000| PB 0x0000000709e00000| Untracked |  0
|   6|0x000000070a000000, 0x000000070a000000, 0x000000070a200000|  0%| F|  |TAMS 0x000000070a000000| PB 0x000000070a000000| Untracked |  0
|   7|0x000000070a200000, 0x000000070a200000, 0x000000070a400000|  0%| F|  |TAMS 0x000000070a200000| PB 0x000000070a200000| Untracked |  0
|   8|0x000000070a400000, 0x000000070a400000, 0x000000070a600000|  0%| F|  |TAMS 0x000000070a400000| PB 0x000000070a400000| Untracked |  0
|   9|0x000000070a600000, 0x000000070a600000, 0x000000070a800000|  0%| F|  |TAMS 0x000000070a600000| PB 0x000000070a600000| Untracked |  0
|  10|0x000000070a800000, 0x000000070a800000, 0x000000070aa00000|  0%| F|  |TAMS 0x000000070a800000| PB 0x000000070a800000| Untracked |  0
|  11|0x000000070aa00000, 0x000000070aa00000, 0x000000070ac00000|  0%| F|  |TAMS 0x000000070aa00000| PB 0x000000070aa00000| Untracked |  0
|  12|0x000000070ac00000, 0x000000070ac00000, 0x000000070ae00000|  0%| F|  |TAMS 0x000000070ac00000| PB 0x000000070ac00000| Untracked |  0
|  13|0x000000070ae00000, 0x000000070ae00000, 0x000000070b000000|  0%| F|  |TAMS 0x000000070ae00000| PB 0x000000070ae00000| Untracked |  0
|  14|0x000000070b000000, 0x000000070b000000, 0x000000070b200000|  0%| F|  |TAMS 0x000000070b000000| PB 0x000000070b000000| Untracked |  0
|  15|0x000000070b200000, 0x000000070b200000, 0x000000070b400000|  0%| F|  |TAMS 0x000000070b200000| PB 0x000000070b200000| Untracked |  0
|  16|0x000000070b400000, 0x000000070b400000, 0x000000070b600000|  0%| F|  |TAMS 0x000000070b400000| PB 0x000000070b400000| Untracked |  0
|  17|0x000000070b600000, 0x000000070b600000, 0x000000070b800000|  0%| F|  |TAMS 0x000000070b600000| PB 0x000000070b600000| Untracked |  0
|  18|0x000000070b800000, 0x000000070b800000, 0x000000070ba00000|  0%| F|  |TAMS 0x000000070b800000| PB 0x000000070b800000| Untracked |  0
|  19|0x000000070ba00000, 0x000000070ba00000, 0x000000070bc00000|  0%| F|  |TAMS 0x000000070ba00000| PB 0x000000070ba00000| Untracked |  0
|  20|0x000000070bc00000, 0x000000070bc00000, 0x000000070be00000|  0%| F|  |TAMS 0x000000070bc00000| PB 0x000000070bc00000| Untracked |  0
|  21|0x000000070be00000, 0x000000070be00000, 0x000000070c000000|  0%| F|  |TAMS 0x000000070be00000| PB 0x000000070be00000| Untracked |  0
|  22|0x000000070c000000, 0x000000070c000000, 0x000000070c200000|  0%| F|  |TAMS 0x000000070c000000| PB 0x000000070c000000| Untracked |  0
|  23|0x000000070c200000, 0x000000070c200000, 0x000000070c400000|  0%| F|  |TAMS 0x000000070c200000| PB 0x000000070c200000| Untracked |  0
|  24|0x000000070c400000, 0x000000070c400000, 0x000000070c600000|  0%| F|  |TAMS 0x000000070c400000| PB 0x000000070c400000| Untracked |  0
|  25|0x000000070c600000, 0x000000070c600000, 0x000000070c800000|  0%| F|  |TAMS 0x000000070c600000| PB 0x000000070c600000| Untracked |  0
|  26|0x000000070c800000, 0x000000070c800000, 0x000000070ca00000|  0%| F|  |TAMS 0x000000070c800000| PB 0x000000070c800000| Untracked |  0
|  27|0x000000070ca00000, 0x000000070ca00000, 0x000000070cc00000|  0%| F|  |TAMS 0x000000070ca00000| PB 0x000000070ca00000| Untracked |  0
|  28|0x000000070cc00000, 0x000000070cc00000, 0x000000070ce00000|  0%| F|  |TAMS 0x000000070cc00000| PB 0x000000070cc00000| Untracked |  0
|  29|0x000000070ce00000, 0x000000070ce00000, 0x000000070d000000|  0%| F|  |TAMS 0x000000070ce00000| PB 0x000000070ce00000| Untracked |  0
|  30|0x000000070d000000, 0x000000070d000000, 0x000000070d200000|  0%| F|  |TAMS 0x000000070d000000| PB 0x000000070d000000| Untracked |  0
|  31|0x000000070d200000, 0x000000070d200000, 0x000000070d400000|  0%| F|  |TAMS 0x000000070d200000| PB 0x000000070d200000| Untracked |  0
|  32|0x000000070d400000, 0x000000070d400000, 0x000000070d600000|  0%| F|  |TAMS 0x000000070d400000| PB 0x000000070d400000| Untracked |  0
|  33|0x000000070d600000, 0x000000070d600000, 0x000000070d800000|  0%| F|  |TAMS 0x000000070d600000| PB 0x000000070d600000| Untracked |  0
|  34|0x000000070d800000, 0x000000070d800000, 0x000000070da00000|  0%| F|  |TAMS 0x000000070d800000| PB 0x000000070d800000| Untracked |  0
|  35|0x000000070da00000, 0x000000070da00000, 0x000000070dc00000|  0%| F|  |TAMS 0x000000070da00000| PB 0x000000070da00000| Untracked |  0
|  36|0x000000070dc00000, 0x000000070dc00000, 0x000000070de00000|  0%| F|  |TAMS 0x000000070dc00000| PB 0x000000070dc00000| Untracked |  0
|  37|0x000000070de00000, 0x000000070de00000, 0x000000070e000000|  0%| F|  |TAMS 0x000000070de00000| PB 0x000000070de00000| Untracked |  0
|  38|0x000000070e000000, 0x000000070e000000, 0x000000070e200000|  0%| F|  |TAMS 0x000000070e000000| PB 0x000000070e000000| Untracked |  0
|  39|0x000000070e200000, 0x000000070e200000, 0x000000070e400000|  0%| F|  |TAMS 0x000000070e200000| PB 0x000000070e200000| Untracked |  0
|  40|0x000000070e400000, 0x000000070e400000, 0x000000070e600000|  0%| F|  |TAMS 0x000000070e400000| PB 0x000000070e400000| Untracked |  0
|  41|0x000000070e600000, 0x000000070e600000, 0x000000070e800000|  0%| F|  |TAMS 0x000000070e600000| PB 0x000000070e600000| Untracked |  0
|  42|0x000000070e800000, 0x000000070e800000, 0x000000070ea00000|  0%| F|  |TAMS 0x000000070e800000| PB 0x000000070e800000| Untracked |  0
|  43|0x000000070ea00000, 0x000000070ea00000, 0x000000070ec00000|  0%| F|  |TAMS 0x000000070ea00000| PB 0x000000070ea00000| Untracked |  0
|  44|0x000000070ec00000, 0x000000070ec00000, 0x000000070ee00000|  0%| F|  |TAMS 0x000000070ec00000| PB 0x000000070ec00000| Untracked |  0
|  45|0x000000070ee00000, 0x000000070ee00000, 0x000000070f000000|  0%| F|  |TAMS 0x000000070ee00000| PB 0x000000070ee00000| Untracked |  0
|  46|0x000000070f000000, 0x000000070f000000, 0x000000070f200000|  0%| F|  |TAMS 0x000000070f000000| PB 0x000000070f000000| Untracked |  0
|  47|0x000000070f200000, 0x000000070f200000, 0x000000070f400000|  0%| F|  |TAMS 0x000000070f200000| PB 0x000000070f200000| Untracked |  0
|  48|0x000000070f400000, 0x000000070f400000, 0x000000070f600000|  0%| F|  |TAMS 0x000000070f400000| PB 0x000000070f400000| Untracked |  0
|  49|0x000000070f600000, 0x000000070f600000, 0x000000070f800000|  0%| F|  |TAMS 0x000000070f600000| PB 0x000000070f600000| Untracked |  0
|  50|0x000000070f800000, 0x000000070f800000, 0x000000070fa00000|  0%| F|  |TAMS 0x000000070f800000| PB 0x000000070f800000| Untracked |  0
|  51|0x000000070fa00000, 0x000000070fa00000, 0x000000070fc00000|  0%| F|  |TAMS 0x000000070fa00000| PB 0x000000070fa00000| Untracked |  0
|  52|0x000000070fc00000, 0x000000070fc00000, 0x000000070fe00000|  0%| F|  |TAMS 0x000000070fc00000| PB 0x000000070fc00000| Untracked |  0
|  53|0x000000070fe00000, 0x000000070fe00000, 0x0000000710000000|  0%| F|  |TAMS 0x000000070fe00000| PB 0x000000070fe00000| Untracked |  0
|  54|0x0000000710000000, 0x0000000710000000, 0x0000000710200000|  0%| F|  |TAMS 0x0000000710000000| PB 0x0000000710000000| Untracked |  0
|  55|0x0000000710200000, 0x0000000710200000, 0x0000000710400000|  0%| F|  |TAMS 0x0000000710200000| PB 0x0000000710200000| Untracked |  0
|  56|0x0000000710400000, 0x0000000710400000, 0x0000000710600000|  0%| F|  |TAMS 0x0000000710400000| PB 0x0000000710400000| Untracked |  0
|  57|0x0000000710600000, 0x0000000710600000, 0x0000000710800000|  0%| F|  |TAMS 0x0000000710600000| PB 0x0000000710600000| Untracked |  0
|  58|0x0000000710800000, 0x0000000710800000, 0x0000000710a00000|  0%| F|  |TAMS 0x0000000710800000| PB 0x0000000710800000| Untracked |  0
|  59|0x0000000710a00000, 0x0000000710a00000, 0x0000000710c00000|  0%| F|  |TAMS 0x0000000710a00000| PB 0x0000000710a00000| Untracked |  0
|  60|0x0000000710c00000, 0x0000000710c00000, 0x0000000710e00000|  0%| F|  |TAMS 0x0000000710c00000| PB 0x0000000710c00000| Untracked |  0
|  61|0x0000000710e00000, 0x0000000710e00000, 0x0000000711000000|  0%| F|  |TAMS 0x0000000710e00000| PB 0x0000000710e00000| Untracked |  0
|  62|0x0000000711000000, 0x0000000711000000, 0x0000000711200000|  0%| F|  |TAMS 0x0000000711000000| PB 0x0000000711000000| Untracked |  0
|  63|0x0000000711200000, 0x0000000711200000, 0x0000000711400000|  0%| F|  |TAMS 0x0000000711200000| PB 0x0000000711200000| Untracked |  0
|  64|0x0000000711400000, 0x0000000711400000, 0x0000000711600000|  0%| F|  |TAMS 0x0000000711400000| PB 0x0000000711400000| Untracked |  0
|  65|0x0000000711600000, 0x0000000711600000, 0x0000000711800000|  0%| F|  |TAMS 0x0000000711600000| PB 0x0000000711600000| Untracked |  0
|  66|0x0000000711800000, 0x0000000711800000, 0x0000000711a00000|  0%| F|  |TAMS 0x0000000711800000| PB 0x0000000711800000| Untracked |  0
|  67|0x0000000711a00000, 0x0000000711a00000, 0x0000000711c00000|  0%| F|  |TAMS 0x0000000711a00000| PB 0x0000000711a00000| Untracked |  0
|  68|0x0000000711c00000, 0x0000000711c00000, 0x0000000711e00000|  0%| F|  |TAMS 0x0000000711c00000| PB 0x0000000711c00000| Untracked |  0
|  69|0x0000000711e00000, 0x0000000711e00000, 0x0000000712000000|  0%| F|  |TAMS 0x0000000711e00000| PB 0x0000000711e00000| Untracked |  0
|  70|0x0000000712000000, 0x0000000712000000, 0x0000000712200000|  0%| F|  |TAMS 0x0000000712000000| PB 0x0000000712000000| Untracked |  0
|  71|0x0000000712200000, 0x0000000712200000, 0x0000000712400000|  0%| F|  |TAMS 0x0000000712200000| PB 0x0000000712200000| Untracked |  0
|  72|0x0000000712400000, 0x0000000712400000, 0x0000000712600000|  0%| F|  |TAMS 0x0000000712400000| PB 0x0000000712400000| Untracked |  0
|  73|0x0000000712600000, 0x0000000712600000, 0x0000000712800000|  0%| F|  |TAMS 0x0000000712600000| PB 0x0000000712600000| Untracked |  0
|  74|0x0000000712800000, 0x0000000712800000, 0x0000000712a00000|  0%| F|  |TAMS 0x0000000712800000| PB 0x0000000712800000| Untracked |  0
|  75|0x0000000712a00000, 0x0000000712a00000, 0x0000000712c00000|  0%| F|  |TAMS 0x0000000712a00000| PB 0x0000000712a00000| Untracked |  0
|  76|0x0000000712c00000, 0x0000000712c00000, 0x0000000712e00000|  0%| F|  |TAMS 0x0000000712c00000| PB 0x0000000712c00000| Untracked |  0
|  77|0x0000000712e00000, 0x0000000712e00000, 0x0000000713000000|  0%| F|  |TAMS 0x0000000712e00000| PB 0x0000000712e00000| Untracked |  0
|  78|0x0000000713000000, 0x0000000713000000, 0x0000000713200000|  0%| F|  |TAMS 0x0000000713000000| PB 0x0000000713000000| Untracked |  0
|  79|0x0000000713200000, 0x0000000713200000, 0x0000000713400000|  0%| F|  |TAMS 0x0000000713200000| PB 0x0000000713200000| Untracked |  0
|  80|0x0000000713400000, 0x0000000713400000, 0x0000000713600000|  0%| F|  |TAMS 0x0000000713400000| PB 0x0000000713400000| Untracked |  0
|  81|0x0000000713600000, 0x0000000713600000, 0x0000000713800000|  0%| F|  |TAMS 0x0000000713600000| PB 0x0000000713600000| Untracked |  0
|  82|0x0000000713800000, 0x0000000713800000, 0x0000000713a00000|  0%| F|  |TAMS 0x0000000713800000| PB 0x0000000713800000| Untracked |  0
|  83|0x0000000713a00000, 0x0000000713a00000, 0x0000000713c00000|  0%| F|  |TAMS 0x0000000713a00000| PB 0x0000000713a00000| Untracked |  0
|  84|0x0000000713c00000, 0x0000000713c00000, 0x0000000713e00000|  0%| F|  |TAMS 0x0000000713c00000| PB 0x0000000713c00000| Untracked |  0
|  85|0x0000000713e00000, 0x0000000713e00000, 0x0000000714000000|  0%| F|  |TAMS 0x0000000713e00000| PB 0x0000000713e00000| Untracked |  0
|  86|0x0000000714000000, 0x0000000714000000, 0x0000000714200000|  0%| F|  |TAMS 0x0000000714000000| PB 0x0000000714000000| Untracked |  0
|  87|0x0000000714200000, 0x0000000714200000, 0x0000000714400000|  0%| F|  |TAMS 0x0000000714200000| PB 0x0000000714200000| Untracked |  0
|  88|0x0000000714400000, 0x0000000714400000, 0x0000000714600000|  0%| F|  |TAMS 0x0000000714400000| PB 0x0000000714400000| Untracked |  0
|  89|0x0000000714600000, 0x0000000714600000, 0x0000000714800000|  0%| F|  |TAMS 0x0000000714600000| PB 0x0000000714600000| Untracked |  0
|  90|0x0000000714800000, 0x0000000714800000, 0x0000000714a00000|  0%| F|  |TAMS 0x0000000714800000| PB 0x0000000714800000| Untracked |  0
|  91|0x0000000714a00000, 0x0000000714a00000, 0x0000000714c00000|  0%| F|  |TAMS 0x0000000714a00000| PB 0x0000000714a00000| Untracked |  0
|  92|0x0000000714c00000, 0x0000000714c00000, 0x0000000714e00000|  0%| F|  |TAMS 0x0000000714c00000| PB 0x0000000714c00000| Untracked |  0
|  93|0x0000000714e00000, 0x0000000714e00000, 0x0000000715000000|  0%| F|  |TAMS 0x0000000714e00000| PB 0x0000000714e00000| Untracked |  0
|  94|0x0000000715000000, 0x0000000715000000, 0x0000000715200000|  0%| F|  |TAMS 0x0000000715000000| PB 0x0000000715000000| Untracked |  0
|  95|0x0000000715200000, 0x0000000715200000, 0x0000000715400000|  0%| F|  |TAMS 0x0000000715200000| PB 0x0000000715200000| Untracked |  0
|  96|0x0000000715400000, 0x0000000715400000, 0x0000000715600000|  0%| F|  |TAMS 0x0000000715400000| PB 0x0000000715400000| Untracked |  0
|  97|0x0000000715600000, 0x0000000715600000, 0x0000000715800000|  0%| F|  |TAMS 0x0000000715600000| PB 0x0000000715600000| Untracked |  0
|  98|0x0000000715800000, 0x0000000715800000, 0x0000000715a00000|  0%| F|  |TAMS 0x0000000715800000| PB 0x0000000715800000| Untracked |  0
|  99|0x0000000715a00000, 0x0000000715a00000, 0x0000000715c00000|  0%| F|  |TAMS 0x0000000715a00000| PB 0x0000000715a00000| Untracked |  0
| 100|0x0000000715c00000, 0x0000000715c00000, 0x0000000715e00000|  0%| F|  |TAMS 0x0000000715c00000| PB 0x0000000715c00000| Untracked |  0
| 101|0x0000000715e00000, 0x0000000715e00000, 0x0000000716000000|  0%| F|  |TAMS 0x0000000715e00000| PB 0x0000000715e00000| Untracked |  0
| 102|0x0000000716000000, 0x0000000716000000, 0x0000000716200000|  0%| F|  |TAMS 0x0000000716000000| PB 0x0000000716000000| Untracked |  0
| 103|0x0000000716200000, 0x0000000716200000, 0x0000000716400000|  0%| F|  |TAMS 0x0000000716200000| PB 0x0000000716200000| Untracked |  0
| 104|0x0000000716400000, 0x0000000716400000, 0x0000000716600000|  0%| F|  |TAMS 0x0000000716400000| PB 0x0000000716400000| Untracked |  0
| 105|0x0000000716600000, 0x0000000716600000, 0x0000000716800000|  0%| F|  |TAMS 0x0000000716600000| PB 0x0000000716600000| Untracked |  0
| 106|0x0000000716800000, 0x0000000716800000, 0x0000000716a00000|  0%| F|  |TAMS 0x0000000716800000| PB 0x0000000716800000| Untracked |  0
| 107|0x0000000716a00000, 0x0000000716a00000, 0x0000000716c00000|  0%| F|  |TAMS 0x0000000716a00000| PB 0x0000000716a00000| Untracked |  0
| 108|0x0000000716c00000, 0x0000000716c00000, 0x0000000716e00000|  0%| F|  |TAMS 0x0000000716c00000| PB 0x0000000716c00000| Untracked |  0
| 109|0x0000000716e00000, 0x0000000716e00000, 0x0000000717000000|  0%| F|  |TAMS 0x0000000716e00000| PB 0x0000000716e00000| Untracked |  0
| 110|0x0000000717000000, 0x000000071716ee40, 0x0000000717200000| 71%| S|CS|TAMS 0x0000000717000000| PB 0x0000000717000000| Complete |  0
| 111|0x0000000717200000, 0x0000000717400000, 0x0000000717400000|100%| S|CS|TAMS 0x0000000717200000| PB 0x0000000717200000| Complete |  0
| 112|0x0000000717400000, 0x0000000717400000, 0x0000000717600000|  0%| F|  |TAMS 0x0000000717400000| PB 0x0000000717400000| Untracked |  0
| 113|0x0000000717600000, 0x0000000717600000, 0x0000000717800000|  0%| F|  |TAMS 0x0000000717600000| PB 0x0000000717600000| Untracked |  0
| 114|0x0000000717800000, 0x0000000717800000, 0x0000000717a00000|  0%| F|  |TAMS 0x0000000717800000| PB 0x0000000717800000| Untracked |  0
| 115|0x0000000717a00000, 0x0000000717a00000, 0x0000000717c00000|  0%| F|  |TAMS 0x0000000717a00000| PB 0x0000000717a00000| Untracked |  0
| 116|0x0000000717c00000, 0x0000000717c00000, 0x0000000717e00000|  0%| F|  |TAMS 0x0000000717c00000| PB 0x0000000717c00000| Untracked |  0
| 117|0x0000000717e00000, 0x0000000717e00000, 0x0000000718000000|  0%| F|  |TAMS 0x0000000717e00000| PB 0x0000000717e00000| Untracked |  0
| 118|0x0000000718000000, 0x0000000718000000, 0x0000000718200000|  0%| F|  |TAMS 0x0000000718000000| PB 0x0000000718000000| Untracked |  0
| 119|0x0000000718200000, 0x00000007182b18e0, 0x0000000718400000| 34%| E|  |TAMS 0x0000000718200000| PB 0x0000000718200000| Complete |  0
| 120|0x0000000718400000, 0x0000000718600000, 0x0000000718600000|100%| E|  |TAMS 0x0000000718400000| PB 0x0000000718400000| Complete |  0
| 121|0x0000000718600000, 0x0000000718800000, 0x0000000718800000|100%| E|CS|TAMS 0x0000000718600000| PB 0x0000000718600000| Complete |  0
| 122|0x0000000718800000, 0x0000000718a00000, 0x0000000718a00000|100%| E|CS|TAMS 0x0000000718800000| PB 0x0000000718800000| Complete |  0
| 123|0x0000000718a00000, 0x0000000718c00000, 0x0000000718c00000|100%| E|CS|TAMS 0x0000000718a00000| PB 0x0000000718a00000| Complete |  0

Card table byte_map: [0x000002544f890000,0x0000025450050000] _byte_map_base: 0x000002544c046000

Marking Bits: (CMBitMap*) 0x00000254356639c0
 Bits: [0x0000025450050000, 0x0000025453e00000)

Polling page: 0x00000254356b0000

Metaspace:

Usage:
  Non-class:      6.27 MB used.
      Class:    488.56 KB used.
       Both:      6.75 MB used.

Virtual space:
  Non-class space:       64.00 MB reserved,       6.38 MB ( 10%) committed,  1 nodes.
      Class space:        1.00 GB reserved,     576.00 KB ( <1%) committed,  1 nodes.
             Both:        1.06 GB reserved,       6.94 MB ( <1%) committed. 

Chunk freelists:
   Non-Class:  7.88 MB
       Class:  15.42 MB
        Both:  23.30 MB

MaxMetaspaceSize: unlimited
CompressedClassSpaceSize: 1.00 GB
Initial GC threshold: 21.00 MB
Current GC threshold: 21.00 MB
CDS: on
 - commit_granule_bytes: 65536.
 - commit_granule_words: 8192.
 - virtual_space_node_default_size: 8388608.
 - enlarge_chunks_in_place: 1.
 - use_allocation_guard: 0.


Internal statistics:

num_allocs_failed_limit: 0.
num_arena_births: 78.
num_arena_deaths: 0.
num_vsnodes_births: 2.
num_vsnodes_deaths: 0.
num_space_committed: 110.
num_space_uncommitted: 0.
num_chunks_returned_to_freelist: 0.
num_chunks_taken_from_freelist: 268.
num_chunk_merges: 0.
num_chunk_splits: 188.
num_chunks_enlarged: 145.
num_inconsistent_stats: 0.

CodeHeap 'non-profiled nmethods': size=119168Kb used=822Kb max_used=822Kb free=118346Kb
 bounds [0x0000025446cb0000, 0x0000025446f20000, 0x000002544e110000]
CodeHeap 'profiled nmethods': size=119104Kb used=3014Kb max_used=3014Kb free=116089Kb
 bounds [0x000002543f110000, 0x000002543f410000, 0x0000025446560000]
CodeHeap 'non-nmethods': size=7488Kb used=2189Kb max_used=3909Kb free=5299Kb
 bounds [0x0000025446560000, 0x0000025446940000, 0x0000025446cb0000]
 total_blobs=2780 nmethods=1643 adapters=1042
 compilation: enabled
              stopped_count=0, restarted_count=0
 full_count=0

Compilation events (20 events):
Event: 17.093 Thread 0x0000025456d706e0 nmethod 1632 0x0000025446d77090 code [0x0000025446d77260, 0x0000025446d77498]
Event: 17.722 Thread 0x0000025456d706e0 1633       4       com.badlogic.gdx.utils.BufferUtils::copy (45 bytes)
Event: 17.725 Thread 0x0000025456d706e0 nmethod 1633 0x0000025446d77610 code [0x0000025446d777c0, 0x0000025446d779d0]
Event: 17.740 Thread 0x0000025456d706e0 1634       4       com.badlogic.gdx.utils.Array$ArrayIterator::next (66 bytes)
Event: 17.741 Thread 0x0000025456d706e0 nmethod 1634 0x0000025446d77c90 code [0x0000025446d77e20, 0x0000025446d77f60]
Event: 17.741 Thread 0x0000025456d706e0 1635       4       com.badlogic.gdx.graphics.Mesh::unbind (63 bytes)
Event: 17.749 Thread 0x0000025456d706e0 nmethod 1635 0x0000025446d78090 code [0x0000025446d78340, 0x0000025446d79258]
Event: 17.937 Thread 0x0000025456d7b480 1636  s    3       com.badlogic.gdx.InputEventQueue::mouseMoved (83 bytes)
Event: 17.937 Thread 0x0000025456d7b480 nmethod 1636 0x000002543f3fda90 code [0x000002543f3fdce0, 0x000002543f3fe2b8]
Event: 18.188 Thread 0x0000025456d706e0 1637       4       com.badlogic.gdx.physics.box2d.Fixture::getType (66 bytes)
Event: 18.189 Thread 0x0000025456d706e0 nmethod 1637 0x0000025446d79d90 code [0x0000025446d79f20, 0x0000025446d7a010]
Event: 19.172 Thread 0x0000025456d7b480 1638       3       javazoom.jl.decoder.huffcodetab::huffman_decoder (475 bytes)
Event: 19.174 Thread 0x0000025456d7b480 nmethod 1638 0x000002543f3fe610 code [0x000002543f3fe920, 0x000002543f3ff9b0]
Event: 19.388 Thread 0x0000025456d706e0 1639       4       javazoom.jl.decoder.huffcodetab::huffman_decoder (475 bytes)
Event: 19.398 Thread 0x0000025456d706e0 nmethod 1639 0x0000025446d7a110 code [0x0000025446d7a3a0, 0x0000025446d7b180]
Event: 20.488 Thread 0x0000025456d706e0 1640       4       com.badlogic.gdx.physics.box2d.Box2DDebugRenderer::drawSolidCircle (247 bytes)
Event: 20.498 Thread 0x0000025456d706e0 nmethod 1640 0x0000025446d7bc90 code [0x0000025446d7bf20, 0x0000025446d7cc40]
Event: 21.462 Thread 0x0000025456d706e0 1641       4       java.nio.Buffer::checkIndex (12 bytes)
Event: 21.462 Thread 0x0000025456d706e0 nmethod 1641 0x0000025446d7d510 code [0x0000025446d7d6a0, 0x0000025446d7d770]
Event: 21.471 Thread 0x0000025456d7b480 1643       3       jdk.internal.loader.NativeLibraries::find (70 bytes)

GC Heap History (2 events):
Event: 1.958 GC heap before
{Heap before GC invocations=0 (full 0):
 garbage-first heap   total reserved 4042752K, committed 253952K, used 30720K [0x0000000709400000, 0x0000000800000000)
  region size 2048K, 12 young (24576K), 0 survivors (0K)
 Metaspace       used 6601K, committed 6720K, reserved 1114112K
  class space    used 479K, committed 512K, reserved 1048576K
}
Event: 1.963 GC heap after
{Heap after GC invocations=1 (full 0):
 garbage-first heap   total reserved 4042752K, committed 253952K, used 3515K [0x0000000709400000, 0x0000000800000000)
  region size 2048K, 2 young (4096K), 2 survivors (4096K)
 Metaspace       used 6601K, committed 6720K, reserved 1114112K
  class space    used 479K, committed 512K, reserved 1048576K
}

Dll operation events (10 events):
Event: 0.007 Loaded shared library C:\Program Files\Java\jdk-22\bin\java.dll
Event: 0.031 Loaded shared library C:\Program Files\Java\jdk-22\bin\jsvml.dll
Event: 0.090 Loaded shared library C:\Program Files\Java\jdk-22\bin\net.dll
Event: 0.092 Loaded shared library C:\Program Files\Java\jdk-22\bin\nio.dll
Event: 0.095 Loaded shared library C:\Program Files\Java\jdk-22\bin\zip.dll
Event: 0.157 Loaded shared library C:\Program Files\Java\jdk-22\bin\jimage.dll
Event: 0.162 Loaded shared library C:\ProgramData\libGDX-temp\libgdxgaurm\2a9d7f76\gdx64.dll
Event: 0.209 Loaded shared library C:\ProgramData\libGDX-temp\lwjgl_gaurm\3.3.3+5\x64\lwjgl.dll
Event: 1.177 Loaded shared library C:\ProgramData\libGDX-temp\lwjgl_gaurm\3.3.3+5\x64\lwjgl_opengl.dll
Event: 1.767 Loaded shared library C:\ProgramData\libGDX-temp\libgdxgaurm\5e84b8da\gdx-box2d64.dll

Deoptimization events (20 events):
Event: 7.357 Thread 0x000002543541c8d0 Uncommon trap: trap_request=0xffffff45 fr.pc=0x0000025446d0af24 relative=0x0000000000001364
Event: 7.357 Thread 0x000002543541c8d0 Uncommon trap: reason=unstable_if action=reinterpret pc=0x0000025446d0af24 method=javazoom.jl.decoder.LayerIIIDecoder.decode()V @ 382 c2
Event: 7.357 Thread 0x000002543541c8d0 DEOPT PACKING pc=0x0000025446d0af24 sp=0x000000cf955fef10
Event: 7.357 Thread 0x000002543541c8d0 DEOPT UNPACKING pc=0x00000254465b46a2 sp=0x000000cf955feea8 mode 2
Event: 7.773 Thread 0x000002543541c8d0 DEOPT PACKING pc=0x000002543f310fe5 sp=0x000000cf955feeb0
Event: 7.773 Thread 0x000002543541c8d0 DEOPT UNPACKING pc=0x00000254465b4e42 sp=0x000000cf955fe310 mode 0
Event: 7.975 Thread 0x000002543541c8d0 DEOPT PACKING pc=0x000002543f3cf9e5 sp=0x000000cf955fef00
Event: 7.975 Thread 0x000002543541c8d0 DEOPT UNPACKING pc=0x00000254465b4e42 sp=0x000000cf955fe3a0 mode 0
Event: 8.190 Thread 0x000002543541c8d0 DEOPT PACKING pc=0x000002543f3cf82e sp=0x000000cf955fef00
Event: 8.190 Thread 0x000002543541c8d0 DEOPT UNPACKING pc=0x00000254465b4e42 sp=0x000000cf955fe3a0 mode 0
Event: 8.191 Thread 0x000002543541c8d0 DEOPT PACKING pc=0x000002543f3cf9e5 sp=0x000000cf955fef00
Event: 8.191 Thread 0x000002543541c8d0 DEOPT UNPACKING pc=0x00000254465b4e42 sp=0x000000cf955fe3a0 mode 0
Event: 8.191 Thread 0x000002543541c8d0 DEOPT PACKING pc=0x000002543f3cf969 sp=0x000000cf955fef00
Event: 8.191 Thread 0x000002543541c8d0 DEOPT UNPACKING pc=0x00000254465b4e42 sp=0x000000cf955fe3a0 mode 0
Event: 10.273 Thread 0x000002543541c8d0 DEOPT PACKING pc=0x000002543f340550 sp=0x000000cf955fee80
Event: 10.273 Thread 0x000002543541c8d0 DEOPT UNPACKING pc=0x00000254465b4e42 sp=0x000000cf955fe2f0 mode 0
Event: 19.172 Thread 0x000002543541c8d0 Uncommon trap: trap_request=0xffffff45 fr.pc=0x0000025446d1df28 relative=0x0000000000000988
Event: 19.172 Thread 0x000002543541c8d0 Uncommon trap: reason=unstable_if action=reinterpret pc=0x0000025446d1df28 method=javazoom.jl.decoder.huffcodetab.huffman_decoder(Ljavazoom/jl/decoder/huffcodetab;[I[I[I[ILjavazoom/jl/decoder/BitReserve;)I @ 27 c2
Event: 19.172 Thread 0x000002543541c8d0 DEOPT PACKING pc=0x0000025446d1df28 sp=0x000000cf955fee70
Event: 19.172 Thread 0x000002543541c8d0 DEOPT UNPACKING pc=0x00000254465b46a2 sp=0x000000cf955fedf0 mode 2

Classes loaded (20 events):
Event: 1.569 Loading class java/io/ObjectStreamClass$Caches$2
Event: 1.569 Loading class java/io/ObjectStreamClass$Caches$2 done
Event: 1.569 Loading class java/lang/reflect/Proxy
Event: 1.569 Loading class java/lang/reflect/Proxy done
Event: 1.569 Loading class java/lang/reflect/InvocationHandler
Event: 1.569 Loading class java/lang/reflect/InvocationHandler done
Event: 1.569 Loading class java/lang/reflect/Proxy$1
Event: 1.569 Loading class java/lang/reflect/Proxy$1 done
Event: 1.569 Loading class java/io/Externalizable
Event: 1.569 Loading class java/io/Externalizable done
Event: 1.569 Loading class java/io/ObjectStreamClass$2
Event: 1.569 Loading class java/io/ObjectStreamClass$2 done
Event: 1.569 Loading class java/io/ClassCache$CacheRef
Event: 1.569 Loading class java/io/ClassCache$CacheRef done
Event: 1.569 Loading class java/io/ObjectStreamClass$FieldReflectorKey
Event: 1.569 Loading class java/io/ObjectStreamClass$FieldReflectorKey done
Event: 1.569 Loading class java/io/ObjectStreamClass$FieldReflector
Event: 1.569 Loading class java/io/ObjectStreamClass$FieldReflector done
Event: 1.570 Loading class java/io/ObjectStreamClass$ExceptionInfo
Event: 1.570 Loading class java/io/ObjectStreamClass$ExceptionInfo done

Classes unloaded (0 events):
No events

Classes redefined (0 events):
No events

Internal exceptions (20 events):
Event: 0.252 Thread 0x000002543541c8d0 Exception <a 'java/lang/NoSuchMethodError'{0x0000000718551b18}: 'java.lang.Object java.lang.invoke.DirectMethodHandle$Holder.newInvokeSpecial(java.lang.Object, java.lang.Object, int)'> (0x0000000718551b18) 
thrown [s\open\src\hotspot\share\interpreter\linkResolver.cpp, line 774]
Event: 0.254 Thread 0x000002543541c8d0 Exception <a 'java/lang/NoSuchMethodError'{0x0000000718563358}: 'int java.lang.invoke.DirectMethodHandle$Holder.invokeStaticInit(java.lang.Object, java.lang.Object, long, long)'> (0x0000000718563358) 
thrown [s\open\src\hotspot\share\interpreter\linkResolver.cpp, line 774]
Event: 0.254 Thread 0x000002543541c8d0 Exception <a 'java/lang/NoSuchMethodError'{0x0000000718568de0}: 'java.lang.Object java.lang.invoke.DirectMethodHandle$Holder.newInvokeSpecial(java.lang.Object, java.lang.Object, long)'> (0x0000000718568de0) 
thrown [s\open\src\hotspot\share\interpreter\linkResolver.cpp, line 774]
Event: 0.255 Thread 0x000002543541c8d0 Exception <a 'java/lang/NoSuchMethodError'{0x000000071856ccc0}: 'java.lang.Object java.lang.invoke.Invokers$Holder.linkToTargetMethod(java.lang.Object, long, java.lang.Object)'> (0x000000071856ccc0) 
thrown [s\open\src\hotspot\share\interpreter\linkResolver.cpp, line 774]
Event: 0.256 Thread 0x000002543541c8d0 Exception <a 'java/lang/NoSuchMethodError'{0x0000000718574258}: 'int java.lang.invoke.DirectMethodHandle$Holder.invokeStaticInit(java.lang.Object, java.lang.Object, java.lang.Object, long)'> (0x0000000718574258) 
thrown [s\open\src\hotspot\share\interpreter\linkResolver.cpp, line 774]
Event: 0.272 Thread 0x000002543541c8d0 Exception <a 'sun/nio/fs/WindowsException'{0x00000007185fb2d8}> (0x00000007185fb2d8) 
thrown [s\open\src\hotspot\share\prims\jni.cpp, line 520]
Event: 0.272 Thread 0x000002543541c8d0 Exception <a 'sun/nio/fs/WindowsException'{0x00000007185fb638}> (0x00000007185fb638) 
thrown [s\open\src\hotspot\share\prims\jni.cpp, line 520]
Event: 0.296 Thread 0x000002543541c8d0 Exception <a 'sun/nio/fs/WindowsException'{0x00000007182a7428}> (0x00000007182a7428) 
thrown [s\open\src\hotspot\share\prims\jni.cpp, line 520]
Event: 0.296 Thread 0x000002543541c8d0 Exception <a 'sun/nio/fs/WindowsException'{0x00000007182a7758}> (0x00000007182a7758) 
thrown [s\open\src\hotspot\share\prims\jni.cpp, line 520]
Event: 0.302 Thread 0x000002543541c8d0 Exception <a 'java/lang/NoSuchMethodError'{0x00000007182ae7e0}: 'int java.lang.invoke.Invokers$Holder.invokeExact_MT(java.lang.Object, java.lang.Object)'> (0x00000007182ae7e0) 
thrown [s\open\src\hotspot\share\interpreter\linkResolver.cpp, line 774]
Event: 0.342 Thread 0x000002543541c8d0 Exception <a 'sun/nio/fs/WindowsException'{0x0000000718373f90}> (0x0000000718373f90) 
thrown [s\open\src\hotspot\share\prims\jni.cpp, line 520]
Event: 0.342 Thread 0x000002543541c8d0 Exception <a 'sun/nio/fs/WindowsException'{0x00000007183742e0}> (0x00000007183742e0) 
thrown [s\open\src\hotspot\share\prims\jni.cpp, line 520]
Event: 0.956 Thread 0x000002543541c8d0 Exception <a 'java/lang/NoSuchMethodError'{0x00000007183b2910}: 'java.lang.Object java.lang.invoke.DirectMethodHandle$Holder.newInvokeSpecial(java.lang.Object, long)'> (0x00000007183b2910) 
thrown [s\open\src\hotspot\share\interpreter\linkResolver.cpp, line 774]
Event: 1.166 Thread 0x000002543541c8d0 Exception <a 'java/lang/NoSuchMethodError'{0x00000007181dfcc8}: 'void java.lang.invoke.DirectMethodHandle$Holder.invokeStatic(java.lang.Object, long)'> (0x00000007181dfcc8) 
thrown [s\open\src\hotspot\share\interpreter\linkResolver.cpp, line 774]
Event: 1.172 Thread 0x000002543541c8d0 Exception <a 'java/lang/NoSuchMethodError'{0x0000000717e03388}: 'void java.lang.System.load(java.lang.String, java.lang.Class)'> (0x0000000717e03388) 
thrown [s\open\src\hotspot\share\interpreter\linkResolver.cpp, line 774]
Event: 1.173 Thread 0x000002543541c8d0 Exception <a 'java/lang/NoSuchMethodError'{0x0000000717e05dd8}: 'void java.lang.System.loadLibrary(java.lang.String, java.lang.Class)'> (0x0000000717e05dd8) 
thrown [s\open\src\hotspot\share\interpreter\linkResolver.cpp, line 774]
Event: 1.176 Thread 0x000002543541c8d0 Exception <a 'sun/nio/fs/WindowsException'{0x0000000717e16ce0}> (0x0000000717e16ce0) 
thrown [s\open\src\hotspot\share\prims\jni.cpp, line 520]
Event: 1.176 Thread 0x000002543541c8d0 Exception <a 'sun/nio/fs/WindowsException'{0x0000000717e17058}> (0x0000000717e17058) 
thrown [s\open\src\hotspot\share\prims\jni.cpp, line 520]
Event: 1.181 Thread 0x000002543541c8d0 Exception <a 'sun/nio/fs/WindowsException'{0x0000000717e23008}> (0x0000000717e23008) 
thrown [s\open\src\hotspot\share\prims\jni.cpp, line 520]
Event: 1.181 Thread 0x000002543541c8d0 Exception <a 'sun/nio/fs/WindowsException'{0x0000000717e232b8}> (0x0000000717e232b8) 
thrown [s\open\src\hotspot\share\prims\jni.cpp, line 520]

ZGC Phase Switch (0 events):
No events

VM Operations (20 events):
Event: 2.970 Executing VM operation: Cleanup
Event: 2.970 Executing VM operation: Cleanup done
Event: 4.970 Executing VM operation: Cleanup
Event: 4.970 Executing VM operation: Cleanup done
Event: 5.971 Executing VM operation: Cleanup
Event: 5.971 Executing VM operation: Cleanup done
Event: 7.971 Executing VM operation: Cleanup
Event: 7.971 Executing VM operation: Cleanup done
Event: 8.971 Executing VM operation: Cleanup
Event: 8.971 Executing VM operation: Cleanup done
Event: 9.971 Executing VM operation: Cleanup
Event: 9.971 Executing VM operation: Cleanup done
Event: 10.972 Executing VM operation: Cleanup
Event: 10.972 Executing VM operation: Cleanup done
Event: 11.973 Executing VM operation: Cleanup
Event: 11.973 Executing VM operation: Cleanup done
Event: 13.974 Executing VM operation: Cleanup
Event: 13.974 Executing VM operation: Cleanup done
Event: 16.975 Executing VM operation: Cleanup
Event: 16.975 Executing VM operation: Cleanup done

Memory protections (0 events):
No events

Nmethod flushes (0 events):
No events

Events (20 events):
Event: 0.956 Thread 0x000002549c655be0 Thread exited: 0x000002549c655be0
Event: 0.965 Thread 0x000002543541c8d0 Thread added: 0x000002549ec0ab80
Event: 1.966 Thread 0x0000025456d706e0 Thread added: 0x00000254a4057820
Event: 2.024 Thread 0x000002543541c8d0 Thread added: 0x00000254a4005860
Event: 2.174 Thread 0x00000254a4057820 Thread exited: 0x00000254a4057820
Event: 3.066 Thread 0x000002549c75ec90 Thread added: 0x00000254a4ba0660
Event: 3.258 Thread 0x00000254a4ba0660 Thread exited: 0x00000254a4ba0660
Event: 4.415 Thread 0x000002549c7634d0 Thread added: 0x00000254a41770d0
Event: 4.416 Thread 0x000002549c7634d0 Thread added: 0x00000254a4177790
Event: 4.557 Thread 0x00000254a41770d0 Thread exited: 0x00000254a41770d0
Event: 4.557 Thread 0x00000254a4177790 Thread exited: 0x00000254a4177790
Event: 5.896 Thread 0x0000025456d706e0 Thread added: 0x00000254a4b902f0
Event: 5.896 Thread 0x0000025456d706e0 Thread added: 0x00000254a4b909b0
Event: 5.896 Thread 0x0000025456d706e0 Thread added: 0x00000254a4b91ca0
Event: 6.174 Thread 0x00000254a4b909b0 Thread exited: 0x00000254a4b909b0
Event: 6.174 Thread 0x00000254a4b91ca0 Thread exited: 0x00000254a4b91ca0
Event: 6.174 Thread 0x00000254a4b902f0 Thread exited: 0x00000254a4b902f0
Event: 7.357 Thread 0x000002549c7634d0 Thread exited: 0x000002549c7634d0
Event: 8.656 Thread 0x000002549c75ec90 Thread exited: 0x000002549c75ec90
Event: 8.656 Thread 0x000002549c0cb430 Thread exited: 0x000002549c0cb430


Dynamic libraries:
0x00007ff6958b0000 - 0x00007ff6958c0000 	C:\Program Files\Java\jdk-22\bin\java.exe
0x00007ffd06ef0000 - 0x00007ffd07107000 	C:\WINDOWS\SYSTEM32\ntdll.dll
0x00007ffd06830000 - 0x00007ffd068f4000 	C:\WINDOWS\System32\KERNEL32.DLL
0x00007ffd044a0000 - 0x00007ffd04859000 	C:\WINDOWS\System32\KERNELBASE.dll
0x00007ffd04310000 - 0x00007ffd04421000 	C:\WINDOWS\System32\ucrtbase.dll
0x00007ffcf7f30000 - 0x00007ffcf7f4b000 	C:\Program Files\Java\jdk-22\bin\VCRUNTIME140.dll
0x00007ffcf86b0000 - 0x00007ffcf86c7000 	C:\Program Files\Java\jdk-22\bin\jli.dll
0x00007ffd06ac0000 - 0x00007ffd06c6e000 	C:\WINDOWS\System32\USER32.dll
0x00007ffd049b0000 - 0x00007ffd049d6000 	C:\WINDOWS\System32\win32u.dll
0x00007ffd06de0000 - 0x00007ffd06e09000 	C:\WINDOWS\System32\GDI32.dll
0x00007ffced8c0000 - 0x00007ffcedb52000 	C:\WINDOWS\WinSxS\amd64_microsoft.windows.common-controls_6595b64144ccf1df_6.0.22621.4391_none_2715d37f73803e96\COMCTL32.dll
0x00007ffd04860000 - 0x00007ffd0497b000 	C:\WINDOWS\System32\gdi32full.dll
0x00007ffd06c80000 - 0x00007ffd06d27000 	C:\WINDOWS\System32\msvcrt.dll
0x00007ffd041f0000 - 0x00007ffd0428a000 	C:\WINDOWS\System32\msvcp_win.dll
0x00007ffd06e70000 - 0x00007ffd06ea1000 	C:\WINDOWS\System32\IMM32.DLL
0x00007ffcf8ca0000 - 0x00007ffcf8cac000 	C:\Program Files\Java\jdk-22\bin\vcruntime140_1.dll
0x00007ffcd5570000 - 0x00007ffcd55fe000 	C:\Program Files\Java\jdk-22\bin\msvcp140.dll
0x00007ffc6ef40000 - 0x00007ffc6fc89000 	C:\Program Files\Java\jdk-22\bin\server\jvm.dll
0x00007ffd069e0000 - 0x00007ffd06a92000 	C:\WINDOWS\System32\ADVAPI32.dll
0x00007ffd05d40000 - 0x00007ffd05de7000 	C:\WINDOWS\System32\sechost.dll
0x00007ffd04980000 - 0x00007ffd049a8000 	C:\WINDOWS\System32\bcrypt.dll
0x00007ffd05df0000 - 0x00007ffd05f04000 	C:\WINDOWS\System32\RPCRT4.dll
0x00007ffd06960000 - 0x00007ffd069d1000 	C:\WINDOWS\System32\WS2_32.dll
0x00007ffd040c0000 - 0x00007ffd0410d000 	C:\WINDOWS\SYSTEM32\POWRPROF.dll
0x00007ffd01d60000 - 0x00007ffd01d94000 	C:\WINDOWS\SYSTEM32\WINMM.dll
0x00007ffcff7c0000 - 0x00007ffcff7ca000 	C:\WINDOWS\SYSTEM32\VERSION.dll
0x00007ffd040a0000 - 0x00007ffd040b3000 	C:\WINDOWS\SYSTEM32\UMPDC.dll
0x00007ffd03230000 - 0x00007ffd03248000 	C:\WINDOWS\SYSTEM32\kernel.appcore.dll
0x00007ffcf7f20000 - 0x00007ffcf7f2a000 	C:\Program Files\Java\jdk-22\bin\jimage.dll
0x00007ffd01b20000 - 0x00007ffd01d52000 	C:\WINDOWS\SYSTEM32\DBGHELP.DLL
0x00007ffd057d0000 - 0x00007ffd05b5f000 	C:\WINDOWS\System32\combase.dll
0x00007ffd056f0000 - 0x00007ffd057c7000 	C:\WINDOWS\System32\OLEAUT32.dll
0x00007ffd01940000 - 0x00007ffd01972000 	C:\WINDOWS\SYSTEM32\dbgcore.DLL
0x00007ffd04290000 - 0x00007ffd0430b000 	C:\WINDOWS\System32\bcryptPrimitives.dll
0x00007ffcdf640000 - 0x00007ffcdf65e000 	C:\Program Files\Java\jdk-22\bin\java.dll
0x00007ffd04e70000 - 0x00007ffd056e6000 	C:\WINDOWS\System32\SHELL32.dll
0x00007ffd05fc0000 - 0x00007ffd06165000 	C:\WINDOWS\System32\ole32.dll
0x00007ffd01fc0000 - 0x00007ffd028c3000 	C:\WINDOWS\SYSTEM32\windows.storage.dll
0x00007ffd02900000 - 0x00007ffd02a3f000 	C:\WINDOWS\SYSTEM32\wintypes.dll
0x00007ffd04d70000 - 0x00007ffd04e69000 	C:\WINDOWS\System32\SHCORE.dll
0x00007ffd06350000 - 0x00007ffd063ae000 	C:\WINDOWS\System32\shlwapi.dll
0x00007ffd04120000 - 0x00007ffd0414b000 	C:\WINDOWS\SYSTEM32\profapi.dll
0x00007ffcd5490000 - 0x00007ffcd5567000 	C:\Program Files\Java\jdk-22\bin\jsvml.dll
0x00007ffcf74b0000 - 0x00007ffcf74c0000 	C:\Program Files\Java\jdk-22\bin\net.dll
0x00007ffd036b0000 - 0x00007ffd03719000 	C:\WINDOWS\system32\mswsock.dll
0x00007ffcdf010000 - 0x00007ffcdf026000 	C:\Program Files\Java\jdk-22\bin\nio.dll
0x00007ffcdf620000 - 0x00007ffcdf637000 	C:\Program Files\Java\jdk-22\bin\zip.dll
0x000000006e700000 - 0x000000006e72d000 	C:\ProgramData\libGDX-temp\libgdxgaurm\2a9d7f76\gdx64.dll
0x00007ffcd05b0000 - 0x00007ffcd062b000 	C:\ProgramData\libGDX-temp\lwjgl_gaurm\3.3.3+5\x64\lwjgl.dll
0x00007ffcabba0000 - 0x00007ffcabe10000 	C:\ProgramData\libGDX-temp\lwjgl_gaurm\3.3.3+5\x64\jemalloc.dll
0x00007ffcd0520000 - 0x00007ffcd05a2000 	C:\ProgramData\libGDX-temp\lwjgl_gaurm\3.3.3+5\x64\glfw.dll
0x00007ffcdcb90000 - 0x00007ffcdcbd6000 	C:\WINDOWS\SYSTEM32\dinput8.dll
0x00007ffcdefd0000 - 0x00007ffcdefe1000 	C:\WINDOWS\SYSTEM32\xinput1_4.dll
0x00007ffd03da0000 - 0x00007ffd03dcc000 	C:\WINDOWS\SYSTEM32\DEVOBJ.dll
0x00007ffd03dd0000 - 0x00007ffd03e1e000 	C:\WINDOWS\SYSTEM32\cfgmgr32.dll
0x00007ffd013d0000 - 0x00007ffd013fb000 	C:\WINDOWS\SYSTEM32\dwmapi.dll
0x00007ffcf0c10000 - 0x00007ffcf0e23000 	C:\WINDOWS\SYSTEM32\inputhost.dll
0x00007ffcfe4c0000 - 0x00007ffcfe5f3000 	C:\WINDOWS\SYSTEM32\CoreMessaging.dll
0x00007ffd01160000 - 0x00007ffd01211000 	C:\WINDOWS\system32\uxtheme.dll
0x00007ffd06170000 - 0x00007ffd062d0000 	C:\WINDOWS\System32\MSCTF.dll
0x00007ffd03900000 - 0x00007ffd0390c000 	C:\WINDOWS\SYSTEM32\CRYPTBASE.DLL
0x00007ffcab9d0000 - 0x00007ffcabb97000 	C:\ProgramData\libGDX-temp\lwjgl_gaurm\3.3.3+5\x64\OpenAL.dll
0x00007ffd06d30000 - 0x00007ffd06de0000 	C:\WINDOWS\System32\clbcatq.dll
0x00007ffcf8610000 - 0x00007ffcf86ae000 	C:\WINDOWS\System32\MMDevApi.dll
0x00007ffce6d70000 - 0x00007ffce6f5d000 	C:\WINDOWS\SYSTEM32\AUDIOSES.DLL
0x00007ffd01730000 - 0x00007ffd01745000 	C:\WINDOWS\SYSTEM32\resourcepolicyclient.dll
0x00007ffc877d0000 - 0x00007ffc878d0000 	C:\WINDOWS\SYSTEM32\opengl32.dll
0x00007ffc87ad0000 - 0x00007ffc87afd000 	C:\WINDOWS\SYSTEM32\GLU32.dll
0x00007ffd01280000 - 0x00007ffd012b7000 	C:\WINDOWS\SYSTEM32\dxcore.dll
0x00007ffcf90c0000 - 0x00007ffcf9109000 	C:\WINDOWS\SYSTEM32\directxdatabasehelper.dll
0x00007ffcff200000 - 0x00007ffcff344000 	C:\Windows\System32\AppXDeploymentClient.dll
0x00007ffcde9d0000 - 0x00007ffcde9fa000 	C:\WINDOWS\System32\DriverStore\FileRepository\u0369670.inf_amd64_e110f3ff362d0146\B368779\atig6pxx.dll
0x00007ffc51090000 - 0x00007ffc53d70000 	C:\WINDOWS\System32\DriverStore\FileRepository\u0369670.inf_amd64_e110f3ff362d0146\B368779\atio6axx.dll
0x00007ffd063b0000 - 0x00007ffd06824000 	C:\WINDOWS\System32\SETUPAPI.dll
0x00007ffc85c00000 - 0x00007ffc85c25000 	C:\WINDOWS\SYSTEM32\dxva2.dll
0x00007ffcdc830000 - 0x00007ffcdc86c000 	C:\WINDOWS\System32\DriverStore\FileRepository\u0369670.inf_amd64_e110f3ff362d0146\B368779\atig6txx.dll
0x00007ffcd6b70000 - 0x00007ffcd6d29000 	C:\WINDOWS\SYSTEM32\atiadlxx.dll
0x00007ffd06950000 - 0x00007ffd06958000 	C:\WINDOWS\System32\PSAPI.DLL
0x00007ffd00840000 - 0x00007ffd00941000 	C:\WINDOWS\SYSTEM32\PROPSYS.dll
0x00007ffd04430000 - 0x00007ffd0449c000 	C:\WINDOWS\System32\WINTRUST.dll
0x00007ffd04aa0000 - 0x00007ffd04c06000 	C:\WINDOWS\System32\CRYPT32.dll
0x00007ffd03e50000 - 0x00007ffd03e62000 	C:\WINDOWS\SYSTEM32\MSASN1.dll
0x00007ffcffb00000 - 0x00007ffcffbbc000 	C:\WINDOWS\SYSTEM32\mscms.dll
0x00007ffcc85d0000 - 0x00007ffcc8619000 	C:\WINDOWS\SYSTEM32\icm32.dll
0x00007ffcc8570000 - 0x00007ffcc85ce000 	C:\ProgramData\libGDX-temp\lwjgl_gaurm\3.3.3+5\x64\lwjgl_opengl.dll
0x00007ffcf0ac0000 - 0x00007ffcf0c05000 	C:\WINDOWS\SYSTEM32\textinputframework.dll
0x00007ffcf6aa0000 - 0x00007ffcf6e0d000 	C:\WINDOWS\SYSTEM32\CoreUIComponents.dll
0x0000000066b00000 - 0x0000000066b5a000 	C:\ProgramData\libGDX-temp\libgdxgaurm\5e84b8da\gdx-box2d64.dll

dbghelp: loaded successfully - version: 4.0.5 - missing functions: none
symbol engine: initialized successfully - sym options: 0x614 - pdb path: .;C:\Program Files\Java\jdk-22\bin;C:\WINDOWS\SYSTEM32;C:\WINDOWS\WinSxS\amd64_microsoft.windows.common-controls_6595b64144ccf1df_6.0.22621.4391_none_2715d37f73803e96;C:\Program Files\Java\jdk-22\bin\server;C:\ProgramData\libGDX-temp\libgdxgaurm\2a9d7f76;C:\ProgramData\libGDX-temp\lwjgl_gaurm\3.3.3+5\x64;C:\WINDOWS\System32\DriverStore\FileRepository\u0369670.inf_amd64_e110f3ff362d0146\B368779;C:\ProgramData\libGDX-temp\libgdxgaurm\5e84b8da

VM Arguments:
jvm_args: -Dfile.encoding=UTF-8 -Duser.country=IN -Duser.language=en -Duser.variant 
java_command: APProject.project.lwjgl3.Lwjgl3Launcher
java_class_path (initial): C:\APProject 3\APProject 3\lwjgl3\build\classes\java\main;C:\APProject 3\APProject 3\lwjgl3\build\resources\main;C:\Users\gaurm\.gradle\caches\modules-2\files-2.1\com.badlogicgames.gdx\gdx-backend-lwjgl3\1.12.1\12a144cacb34f0392cd8354f798d99e4836a51a8\gdx-backend-lwjgl3-1.12.1.jar;C:\Users\gaurm\.gradle\caches\modules-2\files-2.1\com.badlogicgames.gdx\gdx-box2d-platform\1.12.1\4e82228fcdd2e8a7673fe7952588acfdb33d7820\gdx-box2d-platform-1.12.1-natives-desktop.jar;C:\Users\gaurm\.gradle\caches\modules-2\files-2.1\com.badlogicgames.gdx\gdx-platform\1.12.1\5737be5ce3a4e8f9f77c2d9ab95ab479f9c3705f\gdx-platform-1.12.1-natives-desktop.jar;C:\APProject 3\APProject 3\core\build\libs\core-$projectVersion.jar;C:\Users\gaurm\.gradle\caches\modules-2\files-2.1\com.badlogicgames.gdx\gdx-tools\1.12.1\c0670e43a98e4602e2cda9188ce7b41b4605a215\gdx-tools-1.12.1.jar;C:\Users\gaurm\.gradle\caches\modules-2\files-2.1\com.badlogicgames.box2dlights\box2dlights\1.5\6902dbcd250c95a27973aa24a147a95b3828d348\box2dlights-1.5.jar;C:\Users\gaurm\.gradle\caches\modules-2\files-2.1\com.badlogicgames.gdx\gdx-box2d\1.12.1\6c37ed04f97d062f1bdc4afe1f583182e539a269\gdx-box2d-1.12.1.jar;C:\Users\gaurm\.gradle\caches\modules-2\files-2.1\com.github.tommyettinger\anim8-gdx\0.4.5\c7ebeb16c6569895fd570a110de94831205562fb\anim8-gdx-0.4.5.jar;C:\Users\gaurm\.gradle\caches\modules-2\files-2.1\com.badlogicgames.gdx\gdx-freetype\1.12.1\d5826997b0cfa595a72889610fadb18405056c1c\gdx-freetype-1.12.1.jar;C:\Users\gaurm\.gradle\caches\modules-2\files-2.1\com.badlogicgames.gdx\gdx-backend-headless\1.12.1\22b5d8ed8ad1358c63ed4ce223634d166003c70e\gdx-backend-headless-1.12.1.jar;C:\Users\gaurm\.gradle\caches\modules-2\files-2.1\com.badlogicgames.gdx\gdx\1.12.1\a2d066c09329c457045c284c42d6f37122840aa\gdx-1.12.1.jar;C:\Users\gaurm\.gradle\caches\modules-2\files-2.1\org.lwjgl\lwjgl-glfw\3.3.3\efa1eb78c5ccd840e9f329717109b5e892d72f8e\lwjgl-glfw-3.3.3.jar;C:\Users\gaurm\.gradle\caches\modules-2\files-2.1\org.lwjgl\lwjgl-glfw\3.3.3\a03684c5e4b1b1dbbe0d29dbbdc27b985b6840f2\lwjgl-glfw-3.3.3-natives-linux.jar;C:\Users\gaurm\.gradle\caches\modules-2\files-2.1\org.lwjgl\lwjgl-glfw\3.3.3\d9af485c32545b37dd5359b163161d42d7534dcf\lwjgl-glfw-3.3.3-natives-linux-arm32.jar;C:\Users\gaurm\.gradle\caches\modules-2\files-2.1\org.lwjgl\lwjgl-glfw\3.3.3\492a0f11f85b85899a6568f07511160c1b87cd38\lwjgl-glfw-3.3.3-natives-linux-arm64.jar;C:\Users\gaurm\.gradle\caches\modules-2\files-2.1\org.lwjgl\lwjgl-glfw\3.3.3\a1bf400f6bc64e6195596cb1430dafda46090751\lwjgl-glfw-3.3.3-natives-macos.jar;C:\Users\gaurm\.gradle\caches\modules-2\files-2.1\org.lwjgl\lwjgl-glfw\3.3.3\ee8cc78d0a4a5b3b4600fade6d927c9fc320c858\lwjgl-glfw-3.3.3-natives-macos-arm64.jar;C:\Users\gaurm\.gradle\caches\modules-2\files-2.1\org.lwjgl\lwjgl-glfw\3.3.3\e449e28b4891fc423c54c85fbc5bb0b9efece67a\lwjgl-glfw-3.3.3-natives-windows.jar;C:\Users\gaurm\.gradle\caches\modules-2\files-2.1\org.lwjgl\lwjgl-glfw\3.3.3\32334f3fd5270a59bad9939a93115acb6de36dcf\lwjgl-glfw-3.3.3-natives-windows-x86.jar;C:\Users\gaurm\.gradle\caches\modules-2\files-2.1\org.lwjgl\lwjgl-jemalloc\3.3.3\b543467b7ff3c6920539a88ee602d34098628be5\lwjgl-jemalloc-3.3.3.jar;C:\Users\gaurm\.gradle\caches\modules-2\files-2.1\org.lwjgl\lwjgl-jemalloc\3.3.3\4f86728bf449b1dd61251c4e0ac01df1389cb51e\lwjgl-jemalloc-3.3.3-natives-linux.jar;C:\Users\gaurm\.gradle\caches\modules-2\files-2.1\org.lwjgl\lwjgl-jemalloc\3.3.3\109b6931880d02d4e65ced38928a16e41d19873e\lwjgl-jemalloc-3.3.3-natives-linux-arm32.jar;C:\Users\gaurm\.gradle\caches\modules-2\files-2.1\org.lwjgl\lwjgl-jemalloc\3.3.3\eff8b86798191192fe2cba2dc2776109f30c239d\lwjgl-jemalloc-3.3.3-natives-linux-arm64.jar;C:\Users\gaurm\.gradle\caches\modules-2\files-2.1\org.lwjgl\lwjgl-jemalloc\3.3.3\2906637657a57579847238c9c72d2c4bde7083f8\lwjgl-jemalloc-3.3.3-natives-macos.jar;C:\Users\gaurm\.gradle\caches\modules-2\files-2.1\org.lwjgl\lwjgl-jemalloc\3.3.3\e9412c3ff8cb3a3bad1d3f52909ad74d8a5bdad1\lwjgl-jemalloc-3.3.3-natives-macos-arm64.jar;C:\Users\gaurm\.gradle\caches\modules-2\files-2.1\org.lwjgl\lwjgl-jemalloc\3.3.3\426222fc027602a5f21b9c0fe79cde6a4c7a011f\lwjgl-jemalloc-3.3.3-natives-windows.jar;C:\Users\gaurm\.gradle\caches\modules-2\files-2.1\org.lwjgl\lwjgl-jemalloc\3.3.3\f6063b6e0f23be483c5c88d84ce51b39dc69126c\lwjgl-jemalloc-3.3.3-natives-windows-x86.jar;C:\Users\gaurm\.gradle\caches\modules-2\files-2.1\org.lwjgl\lwjgl-openal\3.3.3\daada81ceb5fc0c291fbfdd4433cb8d9423577f2\lwjgl-openal-3.3.3.jar;C:\Users\gaurm\.gradle\caches\modules-2\files-2.1\org.lwjgl\lwjgl-openal\3.3.3\3037360cc4595079bea240af250b6d1a527e0905\lwjgl-openal-3.3.3-natives-linux.jar;C:\Users\gaurm\.gradle\caches\modules-2\files-2.1\org.lwjgl\lwjgl-openal\3.3.3\e1702aa09d20359d6cf5cb2999fa7685a785eca7\lwjgl-openal-3.3.3-natives-linux-arm32.jar;C:\Users\gaurm\.gradle\caches\modules-2\files-2.1\org.lwjgl\lwjgl-openal\3.3.3\ad8f302118a65bb8d615f8a2a680db58fb8f835e\lwjgl-openal-3.3.3-natives-linux-arm64.jar;C:\Users\gaurm\.gradle\caches\modules-2\files-2.1\org.lwjgl\lwjgl-openal\3.3.3\8df8338bfa77f2ebabef4e58964bd04d24805cbf\lwjgl-openal-3.3.3-natives-macos.jar;C:\Users\gaurm\.gradle\caches\modules-2\files-2.1\org.lwjgl\lwjgl-openal\3.3.3\c78b078de2fb52f45aa55d04db889a560f3544f\lwjgl-openal-3.3.3-natives-macos-arm64.jar;C:\Users\gaurm\.gradle\caches\modules-2\files-2.1\org.lwjgl\lwjgl-openal\3.3.3\cf83862ae95d98496b26915024c7e666d8ab1c8f\lwjgl-openal-3.3.3-natives-windows.jar;C:\Users\gaurm\.gradle\caches\modules-2\files-2.1\org.lwjgl\lwjgl-openal\3.3.3\87b8d5050e3adb46bb58fe1cb2669a4a48fce10d\lwjgl-openal-3.3.3-natives-windows-x86.jar;C:\Users\gaurm\.gradle\caches\modules-2\files-2.1\org.lwjgl\lwjgl-opengl\3.3.3\2f6b0147078396a58979125a4c947664e98293a\lwjgl-opengl-3.3.3.jar;C:\Users\gaurm\.gradle\caches\modules-2\files-2.1\org.lwjgl\lwjgl-opengl\3.3.3\62c70a4b00ca5391882b0f4b787c1588d24f1c86\lwjgl-opengl-3.3.3-natives-linux.jar;C:\Users\gaurm\.gradle\caches\modules-2\files-2.1\org.lwjgl\lwjgl-opengl\3.3.3\dbba17fc5ac0985d14a57c11f9537617d67b9952\lwjgl-opengl-3.3.3-natives-linux-arm32.jar;C:\Users\gaurm\.gradle\caches\modules-2\files-2.1\org.lwjgl\lwjgl-opengl\3.3.3\2096f6b94b2d68745d858fbfe53aacf5f0c8074c\lwjgl-opengl-3.3.3-natives-linux-arm64.jar;C:\Users\gaurm\.gradle\caches\modules-2\files-2.1\org.lwjgl\lwjgl-opengl\3.3.3\1bd45997551ae8a28469f3a2b678f4b7289e12c0\lwjgl-opengl-3.3.3-natives-macos.jar;C:\Users\gaurm\.gradle\caches\modules-2\files-2.1\org.lwjgl\lwjgl-opengl\3.3.3\d213ddef27637b1af87961ffa94d6b27036becc8\lwjgl-opengl-3.3.3-natives-macos-arm64.jar;C:\Users\gaurm\.gradle\caches\modules-2\files-2.1\org.lwjgl\lwjgl-opengl\3.3.3\e6c1eec8be8a71951b830a4d69efc01c6531900c\lwjgl-opengl-3.3.3-natives-windows.jar;C:\Users\gaurm\.gradle\caches\modules-2\files-2.1\org.lwjgl\lwjgl-opengl\3.3.3\d32d833dcaa2f355a886eaf21f0408b5f03241d\lwjgl-opengl-3.3.3-natives-windows-x86.jar;C:\Users\gaurm\.gradle\caches\modules-2\files-2.1\org.lwjgl\lwjgl-stb\3.3.3\25dd6161988d7e65f71d5065c99902402ee32746\lwjgl-stb-3.3.3.jar;C:\Users\gaurm\.gradle\caches\modules-2\files-2.1\org.lwjgl\lwjgl-stb\3.3.3\fd1271ccd9d85eff2fa31f3fd543e02ccfaf5041\lwjgl-stb-3.3.3-natives-linux.jar;C:\Users\gaurm\.gradle\caches\modules-2\files-2.1\org.lwjgl\lwjgl-stb\3.3.3\1ae28ff044699ff29b0e980ffabd73fba8a664b3\lwjgl-stb-3.3.3-natives-linux-arm32.jar;C:\Users\gaurm\.gradle\caches\modules-2\files-2.1\org.lwjgl\lwjgl-stb\3.3.3\ddc177afc2be1ee8d93684b11363b80589a13fe1\lwjgl-stb-3.3.3-natives-linux-arm64.jar;C:\Users\gaurm\.gradle\caches\modules-2\files-2.1\org.lwjgl\lwjgl-stb\3.3.3\472792c98fb2c1557c060cb9da5fca6a9773621f\lwjgl-stb-3.3.3-natives-macos.jar;C:\Users\gaurm\.gradle\caches\modules-2\files-2.1\org.lwjgl\lwjgl-stb\3.3.3\51c6955571fbcdb7bb538c6aa589b953b584c6af\lwjgl-stb-3.3.3-natives-macos-arm64.jar;C:\Users\gaurm\.gradle\caches\modules-2\files-2.1\org.lwjgl\lwjgl-stb\3.3.3\1d9facdf6541de114b0f963be33505b7679c78cb\lwjgl-stb-3.3.3-natives-windows.jar;C:\Users\gaurm\.gradle\caches\modules-2\files-2.1\org.lwjgl\lwjgl-stb\3.3.3\b5c874687b9aac1a936501d4ed2c49567fd1b575\lwjgl-stb-3.3.3-natives-windows-x86.jar;C:\Users\gaurm\.gradle\caches\modules-2\files-2.1\org.lwjgl\lwjgl\3.3.3\29589b5f87ed335a6c7e7ee6a5775f81f97ecb84\lwjgl-3.3.3.jar;C:\Users\gaurm\.gradle\caches\modules-2\files-2.1\org.lwjgl\lwjgl\3.3.3\1713758e3660ba66e1e954396fd18126038b33c0\lwjgl-3.3.3-natives-linux.jar;C:\Users\gaurm\.gradle\caches\modules-2\files-2.1\org.lwjgl\lwjgl\3.3.3\2075c51a80f0ef0f22ba616ba54007ac2b0debd4\lwjgl-3.3.3-natives-linux-arm32.jar;C:\Users\gaurm\.gradle\caches\modules-2\files-2.1\org.lwjgl\lwjgl\3.3.3\f35d8b6ffe1ac1e3a5eb1d4e33de80f044ad5fd8\lwjgl-3.3.3-natives-linux-arm64.jar;C:\Users\gaurm\.gradle\caches\modules-2\files-2.1\org.lwjgl\lwjgl\3.3.3\33a6efa288390490ce6eb6c3df47ac21ecf648cf\lwjgl-3.3.3-natives-macos.jar;C:\Users\gaurm\.gradle\caches\modules-2\files-2.1\org.lwjgl\lwjgl\3.3.3\226246e75f6bd8d4e1895bdce8638ef87808d114\lwjgl-3.3.3-natives-macos-arm64.jar;C:\Users\gaurm\.gradle\caches\modules-2\files-2.1\org.lwjgl\lwjgl\3.3.3\a5ed18a2b82fc91b81f40d717cb1f64c9dcb0540\lwjgl-3.3.3-natives-windows.jar;C:\Users\gaurm\.gradle\caches\modules-2\files-2.1\org.lwjgl\lwjgl\3.3.3\9e670718e050aeaeea0c2d5b907cffb142f2e58f\lwjgl-3.3.3-natives-windows-x86.jar;C:\Users\gaurm\.gradle\caches\modules-2\files-2.1\com.badlogicgames.jlayer\jlayer\1.0.1-gdx\7cca83cec5c1b2f011362f4d85aabd71a73b049d\jlayer-1.0.1-gdx.jar;C:\Users\gaurm\.gradle\caches\modules-2\files-2.1\org.jcraft\jorbis\0.0.17\8872d22b293e8f5d7d56ff92be966e6dc28ebdc6\jorbis-0.0.17.jar;C:\Users\gaurm\.gradle\caches\modules-2\files-2.1\net.onedaybeard.artemis\artemis-odb\2.3.0\4fdbe995b570dc6ae7078d30770fc8df348f10d6\artemis-odb-2.3.0.jar;C:\Users\gaurm\.gradle\caches\modules-2\files-2.1\com.badlogicgames.gdx\gdx-jnigen-loader\2.3.1\2d472f69243631fbcb3d4c3f93dd2e137a6cb084\gdx-jnigen-loader-2.3.1.jar
Launcher Type: SUN_STANDARD

[Global flags]
     intx CICompilerCount                          = 12                                        {product} {ergonomic}
     uint ConcGCThreads                            = 3                                         {product} {ergonomic}
     uint G1ConcRefinementThreads                  = 13                                        {product} {ergonomic}
   size_t G1HeapRegionSize                         = 2097152                                   {product} {ergonomic}
   size_t InitialHeapSize                          = 260046848                                 {product} {ergonomic}
   size_t MarkStackSize                            = 4194304                                   {product} {ergonomic}
   size_t MaxHeapSize                              = 4139778048                                {product} {ergonomic}
   size_t MaxNewSize                               = 2483027968                                {product} {ergonomic}
   size_t MinHeapDeltaBytes                        = 2097152                                   {product} {ergonomic}
   size_t MinHeapSize                              = 8388608                                   {product} {ergonomic}
    uintx NonNMethodCodeHeapSize                   = 7602480                                {pd product} {ergonomic}
    uintx NonProfiledCodeHeapSize                  = 122027880                              {pd product} {ergonomic}
    uintx ProfiledCodeHeapSize                     = 122027880                              {pd product} {ergonomic}
    uintx ReservedCodeCacheSize                    = 251658240                              {pd product} {ergonomic}
     bool SegmentedCodeCache                       = true                                      {product} {ergonomic}
   size_t SoftMaxHeapSize                          = 4139778048                             {manageable} {ergonomic}
     bool UseCompressedOops                        = true                           {product lp64_product} {ergonomic}
     bool UseG1GC                                  = true                                      {product} {ergonomic}
     bool UseLargePagesIndividualAllocation        = false                                  {pd product} {ergonomic}

Logging:
Log output configuration:
 #0: stdout all=warning uptime,level,tags foldmultilines=false
 #1: stderr all=off uptime,level,tags foldmultilines=false

Environment Variables:
PATH=C:\Program Files\Common Files\Oracle\Java\javapath;C:\Program Files (x86)\VMware\VMware Player\bin\;C:\Windows\system32;C:\Windows;C:\Windows\System32\Wbem;C:\Windows\System32\WindowsPowerShell\v1.0\;C:\Windows\System32\OpenSSH\;C:\Program Files (x86)\NVIDIA Corporation\PhysX\Common;C:\Program Files\NVIDIA Corporation\NVIDIA NvDLISR;C:\WINDOWS\system32;C:\WINDOWS;C:\WINDOWS\System32\Wbem;C:\WINDOWS\System32\WindowsPowerShell\v1.0\;C:\WINDOWS\System32\OpenSSH\;C:\Program Files\MySQL\MySQL Server 8.0\bin;C:\Program Files\dotnet\;C:\MinGW\bin;C:\msys64\mingw64\bin;C:\Program Files\Java\jdk-22\bin;C:\Program Files\Git\cmd;C:\Program Files\MySQL\MySQL Shell 8.0\bin\;C:\Users\gaurm\AppData\Local\Programs\Python\Python39\Scripts\;C:\Users\gaurm\AppData\Local\Programs\Python\Python39\;C:\Users\gaurm\AppData\Local\Microsoft\WindowsApps;C:\Program Files\JetBrains\IntelliJ IDEA Community Edition 2024.2\bin;;C:\Program Files\JetBrains\IntelliJ IDEA 2024.2.1\bin;;C:\Users\gaurm\AppData\Local\Programs\Microsoft VS Code\bin
USERNAME=gaurm
OS=Windows_NT
PROCESSOR_IDENTIFIER=AMD64 Family 23 Model 96 Stepping 1, AuthenticAMD
TMP=C:\Users\gaurm\AppData\Local\Temp
TEMP=C:\Users\gaurm\AppData\Local\Temp




Periodic native trim disabled

---------------  S Y S T E M  ---------------

OS:
 Windows 11 , 64 bit Build 22621 (10.0.22621.4391)
OS uptime: 0 days 21:55 hours

CPU: total 16 (initial active 16) (16 cores per cpu, 2 threads per core) family 23 model 96 stepping 1 microcode 0x0, cx8, cmov, fxsr, ht, mmx, 3dnowpref, sse, sse2, sse3, ssse3, sse4a, sse4.1, sse4.2, popcnt, lzcnt, tsc, tscinvbit, avx, avx2, aes, clmul, bmi1, bmi2, adx, sha, fma, vzeroupper, clflush, clflushopt, rdtscp, rdpid, f16c
Processor Information for all 16 processors :
  Max Mhz: 2900, Current Mhz: 2900, Mhz Limit: 2900

Memory: 4k page, system-wide physical 15789M (4146M free)
TotalPageFile size 31661M (AvailPageFile size 14732M)
current process WorkingSet (physical memory assigned to process): 193M, peak: 249M
current process commit charge ("private bytes"): 630M, peak: 671M

vm_info: Java HotSpot(TM) 64-Bit Server VM (22.0.2+9-70) for windows-amd64 JRE (22.0.2+9-70), built on 2024-06-04T16:52:23Z by "mach5one" with MS VC++ 17.6 (VS2022)

END.
