#
# A fatal error has been detected by the Java Runtime Environment:
#
#  EXCEPTION_ACCESS_VIOLATION (0xc0000005) at pc=0x0000000066b1e82e, pid=25872, tid=26364
#
# JRE version: Java(TM) SE Runtime Environment (22.0.2+9) (build 22.0.2+9-70)
# Java VM: Java HotSpot(TM) 64-Bit Server VM (22.0.2+9-70, mixed mode, sharing, tiered, compressed oops, compressed class ptrs, g1 gc, windows-amd64)
# Problematic frame:
# C  [gdx-box2d64.dll+0x1e82e]
#
# No core dump will be written. Minidumps are not enabled by default on client versions of Windows
#
# If you would like to submit a bug report, please visit:
#   https://bugreport.java.com/bugreport/crash.jsp
# The crash happened outside the Java Virtual Machine in native code.
# See problematic frame for where to report the bug.
#

---------------  S U M M A R Y ------------

Command Line: -Dfile.encoding=UTF-8 -Duser.country=IN -Duser.language=en -Duser.variant APProject.project.lwjgl3.Lwjgl3Launcher

Host: AMD Ryzen 7 4800HS with Radeon Graphics         , 16 cores, 15G,  Windows 11 , 64 bit Build 22621 (10.0.22621.4391)
Time: Sat Nov 16 21:39:38 2024 India Standard Time elapsed time: 9.225926 seconds (0d 0h 0m 9s)

---------------  T H R E A D  ---------------

Current thread (0x0000018fe48accd0):  JavaThread "main"             [_thread_in_native, id=26364, stack(0x0000008852500000,0x0000008852600000) (1024K)]

Stack: [0x0000008852500000,0x0000008852600000],  sp=0x00000088525ff330,  free space=1020k
Native frames: (J=compiled Java code, j=interpreted, Vv=VM code, C=native code)
C  [gdx-box2d64.dll+0x1e82e]  (no source info available)
C  [gdx-box2d64.dll+0x20533]  (no source info available)
C  [gdx-box2d64.dll+0x2594f]  (no source info available)
C  0x0000018ff637cfc7  (no source info available)

The last pc belongs to native method entry point (kind = native) (printed below).
Java frames: (J=compiled Java code, j=interpreted, Vv=VM code)
j  com.badlogic.gdx.physics.box2d.World.jniDestroyBody(JJ)V+0
j  com.badlogic.gdx.physics.box2d.World.destroyBody(Lcom/badlogic/gdx/physics/box2d/Body;)V+42
j  APProject.project.Block.dispose(Lcom/badlogic/gdx/physics/box2d/World;)V+19
j  APProject.project.Level1.dispose()V+180
j  APProject.project.Main.dispose()V+36
j  com.badlogic.gdx.backends.lwjgl3.Lwjgl3Window.dispose()V+13
j  com.badlogic.gdx.backends.lwjgl3.Lwjgl3Application.loop()V+408
j  com.badlogic.gdx.backends.lwjgl3.Lwjgl3Application.<init>(Lcom/badlogic/gdx/ApplicationListener;Lcom/badlogic/gdx/backends/lwjgl3/Lwjgl3ApplicationConfiguration;)V+269
j  APProject.project.lwjgl3.Lwjgl3Launcher.createApplication()Lcom/badlogic/gdx/backends/lwjgl3/Lwjgl3Application;+14
j  APProject.project.lwjgl3.Lwjgl3Launcher.main([Ljava/lang/String;)V+7
v  ~StubRoutines::call_stub 0x0000018ff637100d

siginfo: EXCEPTION_ACCESS_VIOLATION (0xc0000005), reading address 0x0000000000000000


Registers:
RAX=0x0000000000000000, RBX=0x0000018fd7d1d800, RCX=0x0000000000000000, RDX=0x0000018f86ead630
RSP=0x00000088525ff330, RBP=0x00000088525ff4d0, RSI=0x0000018f86ec68d0, RDI=0x0000000000000002
R8 =0x0000018f86ead630, R9 =0x0000018fd7d21810, R10=0x0000018ff637cf98, R11=0x0000000000000102
R12=0x0000018f86ead630, R13=0x0000018f86ead630, R14=0x0000018fd7d1d800, R15=0x0000018fe48accd0
RIP=0x0000000066b1e82e, EFLAGS=0x0000000000010246


Register to memory mapping:

RAX=0x0 is null
RBX=0x0000018fd7d1d800 points into unknown readable memory: 0x0000018f3f800000 | 00 00 80 3f 8f 01 00 00
RCX=0x0 is null
RDX=0x0000018f86ead630 points into unknown readable memory: 0x0000018f86e04c30 | 30 4c e0 86 8f 01 00 00
RSP=0x00000088525ff330 is pointing into the stack for thread: 0x0000018fe48accd0
RBP=0x00000088525ff4d0 is pointing into the stack for thread: 0x0000018fe48accd0
RSI=0x0000018f86ec68d0 points into unknown readable memory: 0x0000000000000004 | 04 00 00 00 00 00 00 00
RDI=0x0000000000000002 is an unknown value
R8 =0x0000018f86ead630 points into unknown readable memory: 0x0000018f86e04c30 | 30 4c e0 86 8f 01 00 00
R9 =0x0000018fd7d21810 points into unknown readable memory: 0x0000002600000000 | 00 00 00 00 26 00 00 00
R10=0x0000018ff637cf98 is at code_begin+1016 in an Interpreter codelet
native method entry point (kind = native)  [0x0000018ff637cba0, 0x0000018ff637d6c0]  2848 bytes
R11=0x0000000000000102 is an unknown value
R12=0x0000018f86ead630 points into unknown readable memory: 0x0000018f86e04c30 | 30 4c e0 86 8f 01 00 00
R13=0x0000018f86ead630 points into unknown readable memory: 0x0000018f86e04c30 | 30 4c e0 86 8f 01 00 00
R14=0x0000018fd7d1d800 points into unknown readable memory: 0x0000018f3f800000 | 00 00 80 3f 8f 01 00 00
R15=0x0000018fe48accd0 is a thread

Top of Stack: (sp=0x00000088525ff330)
0x00000088525ff330:   0000000000000000 000000088672a200
0x00000088525ff340:   00007ffc6f943e18 0000000000000000
0x00000088525ff350:   0000000000000000 0000018f86ead630
0x00000088525ff360:   0000018fd7d21810 0000000066b20533
0x00000088525ff370:   0000000100000005 0000000000000003
0x00000088525ff380:   0000018fe48ad350 0000002800000003
0x00000088525ff390:   0000018fc8798b40 0000000000000018
0x00000088525ff3a0:   0000018f86ead630 0000018fd7d21810
0x00000088525ff3b0:   00000088525ff510 0000000066b2594f
0x00000088525ff3c0:   00000088525ff4d0 00007ffc6f31ce95
0x00000088525ff3d0:   00000088525ff3f0 0000018ff6394d26
0x00000088525ff3e0:   0000000066b466a0 0000018fe48ad090
0x00000088525ff3f0:   00000088525ff510 0000018fe48accd0
0x00000088525ff400:   0000000066b46700 0000018fe48ad090
0x00000088525ff410:   00000088525ff510 0000018fc8798b40
0x00000088525ff420:   0000018fe48accd0 0000000000000000
0x00000088525ff430:   0000018fc8798b40 0000018ff637cfc7
0x00000088525ff440:   0000018fc8798b40 00000088525ff510
0x00000088525ff450:   0000000000000002 0000018ff637ccb3
0x00000088525ff460:   0000018fc8798b40 0000000000000018
0x00000088525ff470:   0000018fc87cfc00 00000088525ff510
0x00000088525ff480:   0000018ff637cc5b fffffffffffffff7
0x00000088525ff490:   0000018fc8798b40 0000000000000008
0x00000088525ff4a0:   0000018fc87ad3e8 0000000000000000
0x00000088525ff4b0:   0000000717201a28 0000018fc8798b40
0x00000088525ff4c0:   0000000000000000 00000088525ff4f0
0x00000088525ff4d0:   00000088525ff560 0000018ff63788c0
0x00000088525ff4e0:   0000000000000000 0000018ff637a517
0x00000088525ff4f0:   0000018fd7d21810 0000000000000000
0x00000088525ff500:   0000018f86ead630 0000000000000000
0x00000088525ff510:   0000000717057368 fffffffffffffff7
0x00000088525ff520:   0000018fc87989f2 0000000000000006 

Instructions: (pc=0x0000000066b1e82e)
0x0000000066b1e72e:   00 00 00 00 c3 90 66 66 2e 0f 1f 84 00 00 00 00
0x0000000066b1e73e:   00 90 41 54 57 56 53 48 83 ec 28 49 8b 41 08 f3
0x0000000066b1e74e:   41 0f 10 41 10 48 89 41 40 41 8b 41 1e 48 89 cb
0x0000000066b1e75e:   49 89 d4 f3 0f 11 41 20 f3 41 0f 10 41 14 4c 89
0x0000000066b1e76e:   ce 89 41 34 41 0f b7 41 22 4c 89 41 10 66 89 41
0x0000000066b1e77e:   38 41 0f b6 41 1c f3 0f 11 41 24 88 41 3a 48 c7
0x0000000066b1e78e:   41 08 00 00 00 00 49 8b 09 48 8b 01 ff 50 10 48
0x0000000066b1e79e:   89 c1 48 89 43 18 48 8b 00 ff 50 18 4c 89 e1 89
0x0000000066b1e7ae:   c2 89 c7 c1 e2 05 e8 07 c6 fe ff 48 89 43 28 85
0x0000000066b1e7be:   ff 7e 2e 8d 4f ff 48 8d 50 10 48 c1 e1 05 48 8d
0x0000000066b1e7ce:   44 08 30 0f 1f 80 00 00 00 00 48 c7 02 00 00 00
0x0000000066b1e7de:   00 48 83 c2 20 c7 42 ec ff ff ff ff 48 39 c2 75
0x0000000066b1e7ee:   e9 f3 0f 10 46 18 c7 43 30 00 00 00 00 f3 0f 11
0x0000000066b1e7fe:   03 48 83 c4 28 5b 5e 5f 41 5c c3 90 66 0f 1f 44
0x0000000066b1e80e:   00 00 41 55 41 54 53 48 83 ec 20 8b 41 30 48 89
0x0000000066b1e81e:   cb 49 89 d5 85 c0 0f 85 9e 00 00 00 48 8b 4b 18
0x0000000066b1e82e:   48 8b 01 ff 50 18 48 8b 53 28 4c 89 e9 c1 e0 05
0x0000000066b1e83e:   41 89 c0 e8 9a c7 fe ff 4c 8b 63 18 48 c7 43 28
0x0000000066b1e84e:   00 00 00 00 41 8b 44 24 08 83 f8 02 0f 84 b0 00
0x0000000066b1e85e:   00 00 77 3e 85 c0 0f 84 c6 00 00 00 49 8b 04 24
0x0000000066b1e86e:   4c 89 e1 ff 10 41 b8 38 00 00 00 4c 89 e2 4c 89
0x0000000066b1e87e:   e9 e8 5c c7 fe ff 48 c7 43 18 00 00 00 00 48 83
0x0000000066b1e88e:   c4 20 5b 41 5c 41 5d c3 66 2e 0f 1f 84 00 00 00
0x0000000066b1e89e:   00 00 83 f8 03 75 4b 49 8b 04 24 4c 89 e1 ff 10
0x0000000066b1e8ae:   41 b8 30 00 00 00 4c 89 e2 4c 89 e9 e8 21 c7 fe
0x0000000066b1e8be:   ff eb c3 0f 1f 80 00 00 00 00 41 b8 48 00 00 00
0x0000000066b1e8ce:   48 8d 15 8b 38 02 00 48 8d 0d e4 38 02 00 ff 15
0x0000000066b1e8de:   d2 7a 03 00 e9 43 ff ff ff 66 0f 1f 84 00 00 00
0x0000000066b1e8ee:   00 00 41 b8 73 00 00 00 48 8d 15 63 38 02 00 48
0x0000000066b1e8fe:   8d 0d ce 38 02 00 ff 15 aa 7a 03 00 e9 75 ff ff
0x0000000066b1e90e:   ff 90 49 8b 04 24 4c 89 e1 ff 10 41 b8 a0 00 00
0x0000000066b1e91e:   00 4c 89 e2 4c 89 e9 e8 b6 c6 fe ff e9 55 ff ff 


Stack slot to memory mapping:

stack at sp + 0 slots: 0x0 is null
stack at sp + 1 slots: 0x000000088672a200 is an unknown value
stack at sp + 2 slots: 0x00007ffc6f943e18 jvm.dll
stack at sp + 3 slots: 0x0 is null
stack at sp + 4 slots: 0x0 is null
stack at sp + 5 slots: 0x0000018f86ead630 points into unknown readable memory: 0x0000018f86e04c30 | 30 4c e0 86 8f 01 00 00
stack at sp + 6 slots: 0x0000018fd7d21810 points into unknown readable memory: 0x0000002600000000 | 00 00 00 00 26 00 00 00
stack at sp + 7 slots: 0x0000000066b20533 gdx-box2d64.dll

native method entry point (kind = native)  [0x0000018ff637cba0, 0x0000018ff637d6c0]  2848 bytes
[MachCode]
  0x0000018ff637cba0: 488b 4b08 | 0fb7 492e | 584c 8d74 | ccf8 6800 | 0000 0068 | 0000 0000 | 5055 488b | ec41 5568 
  0x0000018ff637cbc0: 0000 0000 | 4c8b 6b08 | 4d8d 6d38 | 5348 8b53 | 0848 8b52 | 0848 8b52 | 1848 8b52 | 7048 8b12 
  0x0000018ff637cbe0: 5248 8b53 | 1048 85d2 | 0f84 0700 | 0000 4881 | c210 0100 | 0052 488b | 5308 488b | 5208 488b 
  0x0000018ff637cc00: 5210 5249 | 8bc6 482b | c548 c1e8 | 0350 6800 | 0000 0068 | f7ff ffff | 41c6 8781 | 0400 0001 
  0x0000018ff637cc20: 488b 4310 | 4885 c074 | 208b 88cc | 0000 0083 | c102 8988 | cc00 0000 | 2388 e000 | 0000 0f84 
  0x0000018ff637cc40: cb09 0000 | e9cf 0000 | 0048 8b43 | 1848 85c0 | 0f85 b000 | 0000 e805 | 0000 00e9 | 9900 0000 
  0x0000018ff637cc60: 488b d348 | 8d44 2408 | 4c89 6dc0 | 498b cfc5 | f877 4989 | afb0 0300 | 0049 8987 | a003 0000 
  0x0000018ff637cc80: 4883 ec20 | 40f6 c40f | 0f84 1900 | 0000 4883 | ec08 48b8 | 00a7 316f | fc7f 0000 | ffd0 4883 
  0x0000018ff637cca0: c408 e90c | 0000 0048 | b800 a731 | 6ffc 7f00 | 00ff d048 | 83c4 2049 | c787 a003 | 0000 0000 
  0x0000018ff637ccc0: 0000 49c7 | 87b0 0300 | 0000 0000 | 0049 c787 | a803 0000 | 0000 0000 | c5f8 7749 | 837f 0800 
  0x0000018ff637cce0: 0f84 0500 | 0000 e915 | 42ff ff4c | 8b6d c04c | 8b75 c84e | 8d74 f500 | c348 8b43 | 1848 85c0 
  0x0000018ff637cd00: 0f84 1200 | 0000 8b48 | 0883 c102 | 8948 0823 | 481c 0f84 | f708 0000 | 493b a7f0 | 0400 000f 
  0x0000018ff637cd20: 8748 0000 | 0089 8424 | 00f0 ffff | 8984 2400 | e0ff ff89 | 8424 00d0 | ffff 8984 | 2400 c0ff 
  0x0000018ff637cd40: ff89 8424 | 00b0 ffff | 8984 2400 | a0ff ff89 | 8424 0090 | ffff 8984 | 2400 80ff | ff49 3ba7 
  0x0000018ff637cd60: e804 0000 | 7607 4989 | a7f0 0400 | 0041 c687 | 8104 0000 | 0049 ba6c | 40b8 6ffc | 7f00 0041 
  0x0000018ff637cd80: 803a 000f | 843e 0000 | 0048 8b55 | e849 8bcf | 4883 ec20 | 40f6 c40f | 0f84 1900 | 0000 4883 
  0x0000018ff637cda0: ec08 48b8 | 80b9 686f | fc7f 0000 | ffd0 4883 | c408 e90c | 0000 0048 | b880 b968 | 6ffc 7f00 
  0x0000018ff637cdc0: 00ff d048 | 83c4 2048 | 8b5d e84c | 8b5b 0845 | 0fb7 5b2e | 41c1 e303 | 492b e348 | 83ec 2048 
  0x0000018ff637cde0: 83e4 f04c | 8b5b 604d | 85db 0f85 | ab00 0000 | e805 0000 | 00e9 9900 | 0000 488b | d348 8d44 
  0x0000018ff637ce00: 2408 4c89 | 6dc0 498b | cfc5 f877 | 4989 afb0 | 0300 0049 | 8987 a003 | 0000 4883 | ec20 40f6 
  0x0000018ff637ce20: c40f 0f84 | 1900 0000 | 4883 ec08 | 48b8 20ce | 316f fc7f | 0000 ffd0 | 4883 c408 | e90c 0000 
  0x0000018ff637ce40: 0048 b820 | ce31 6ffc | 7f00 00ff | d048 83c4 | 2049 c787 | a003 0000 | 0000 0000 | 49c7 87b0 
  0x0000018ff637ce60: 0300 0000 | 0000 0049 | c787 a803 | 0000 0000 | 0000 c5f8 | 7749 837f | 0800 0f84 | 0500 0000 
  0x0000018ff637ce80: e97b 40ff | ff4c 8b6d | c04c 8b75 | c84e 8d74 | f500 c348 | 8b5d e84c | 8b5b 6041 | ffd3 488b 
  0x0000018ff637cea0: 5de8 4889 | 4518 448b | 5b28 41f6 | c308 0f84 | 1b00 0000 | 4c8b 5b08 | 4d8b 5b08 | 4d8b 5b18 
  0x0000018ff637cec0: 4d8b 5b70 | 4d8b 1b4c | 895d 1048 | 8d55 1048 | 8b43 5849 | ba80 1069 | 6ffc 7f00 | 0049 3bc2 
  0x0000018ff637cee0: 0f85 ab00 | 0000 e805 | 0000 00e9 | 9900 0000 | 488b d348 | 8d44 2408 | 4c89 6dc0 | 498b cfc5 
  0x0000018ff637cf00: f877 4989 | afb0 0300 | 0049 8987 | a003 0000 | 4883 ec20 | 40f6 c40f | 0f84 1900 | 0000 4883 
  0x0000018ff637cf20: ec08 48b8 | 20ce 316f | fc7f 0000 | ffd0 4883 | c408 e90c | 0000 0048 | b820 ce31 | 6ffc 7f00 
  0x0000018ff637cf40: 00ff d048 | 83c4 2049 | c787 a003 | 0000 0000 | 0000 49c7 | 87b0 0300 | 0000 0000 | 0049 c787 
  0x0000018ff637cf60: a803 0000 | 0000 0000 | c5f8 7749 | 837f 0800 | 0f84 0500 | 0000 e985 | 3fff ff4c | 8b6d c04c 
  0x0000018ff637cf80: 8b75 c84e | 8d74 f500 | c348 8b5d | e848 8b43 | 5849 8d8f | c003 0000 | c5f8 7749 | 89af b003 
  0x0000018ff637cfa0: 0000 49ba | 98cf 37f6 | 8f01 0000 | 4d89 97a8 | 0300 0049 | 89a7 a003 | 0000 41c7 | 8754 0400 
  0x0000018ff637cfc0: 0004 0000 | 00ff d0c5 | f877 4883 | ec10 c5fb | 1104 2448 | 83ec 1048 | 8904 2448 | c744 2408 
  0x0000018ff637cfe0: 0000 0000 | 41c7 8754 | 0400 0005 | 0000 00f0 | 8344 24c0 | 0049 3baf | 5804 0000 | 0f87 0e00 
  0x0000018ff637d000: 0000 4183 | bf50 0400 | 0000 0f84 | 2000 0000 | 498b cf4c | 8be4 4883 | ec20 4883 | e4f0 48b8 
  0x0000018ff637d020: 4023 336f | fc7f 0000 | ffd0 498b | e44d 33e4 | 41c7 8754 | 0400 0008 | 0000 0049 | c787 a003 
  0x0000018ff637d040: 0000 0000 | 0000 49c7 | 87b0 0300 | 0000 0000 | 0049 c787 | a803 0000 | 0000 0000 | c5f8 774d 
  0x0000018ff637d060: 8b9f 3004 | 0000 41c7 | 8300 0100 | 0000 0000 | 0049 bb1a | a537 f68f | 0100 004c | 3b5d 180f 
  0x0000018ff637d080: 8524 0200 | 0048 8b04 | 2448 83c4 | 1048 85c0 | 0f84 fe01 | 0000 a803 | 0f85 0800 | 0000 488b 
  0x0000018ff637d0a0: 00e9 ee01 | 0000 a801 | 0f85 0900 | 0000 488b | 40fe e9dd | 0100 0048 | 8b40 ff41 | 807f 3800 
  0x0000018ff637d0c0: 0f84 ce01 | 0000 4883 | f800 0f84 | c401 0000 | 4d8b 5f28 | 4983 fb00 | 0f84 1400 | 0000 4983 
  0x0000018ff637d0e0: eb08 4d89 | 5f28 4d03 | 5f30 4989 | 03e9 a201 | 0000 4881 | ecd0 0000 | 0048 8904 | 2448 894c 
  0x0000018ff637d100: 2408 4889 | 5424 1048 | 8974 2418 | 4889 7c24 | 204c 8944 | 2428 4c89 | 4c24 304c | 8954 2438 
  0x0000018ff637d120: 4c89 5c24 | 40c5 fb11 | 4424 50c5 | fb11 4c24 | 58c5 fb11 | 5424 60c5 | fb11 5c24 | 68c5 fb11 
  0x0000018ff637d140: 6424 70c5 | fb11 6c24 | 78c5 fb11 | b424 8000 | 0000 c5fb | 11bc 2488 | 0000 00c5 | 7b11 8424 
  0x0000018ff637d160: 9000 0000 | c57b 118c | 2498 0000 | 00c5 7b11 | 9424 a000 | 0000 c57b | 119c 24a8 | 0000 00c5 
  0x0000018ff637d180: 7b11 a424 | b000 0000 | c57b 11ac | 24b8 0000 | 00c5 7b11 | b424 c000 | 0000 c57b | 11bc 24c8 
  0x0000018ff637d1a0: 0000 0049 | 8bd7 488b | c848 83ec | 2040 f6c4 | 0f0f 8419 | 0000 0048 | 83ec 0848 | b830 3f26 
  0x0000018ff637d1c0: 6ffc 7f00 | 00ff d048 | 83c4 08e9 | 0c00 0000 | 48b8 303f | 266f fc7f | 0000 ffd0 | 4883 c420 
  0x0000018ff637d1e0: c57b 10bc | 24c8 0000 | 00c5 7b10 | b424 c000 | 0000 c57b | 10ac 24b8 | 0000 00c5 | 7b10 a424 
  0x0000018ff637d200: b000 0000 | c57b 109c | 24a8 0000 | 00c5 7b10 | 9424 a000 | 0000 c57b | 108c 2498 | 0000 00c5 
  0x0000018ff637d220: 7b10 8424 | 9000 0000 | c5fb 10bc | 2488 0000 | 00c5 fb10 | b424 8000 | 0000 c5fb | 106c 2478 
  0x0000018ff637d240: c5fb 1064 | 2470 c5fb | 105c 2468 | c5fb 1054 | 2460 c5fb | 104c 2458 | c5fb 1044 | 2450 4c8b 
  0x0000018ff637d260: 5c24 404c | 8b54 2438 | 4c8b 4c24 | 304c 8b44 | 2428 488b | 7c24 2048 | 8b74 2418 | 488b 5424 
  0x0000018ff637d280: 1048 8b4c | 2408 488b | 0424 4881 | c4d0 0000 | 00c5 f877 | 4889 4510 | 4883 ec10 | 4889 0424 
  0x0000018ff637d2a0: 48c7 4424 | 0800 0000 | 0041 83bf | d004 0000 | 020f 85bf | 0000 0048 | 81ec 8000 | 0000 4889 
  0x0000018ff637d2c0: 4424 7848 | 894c 2470 | 4889 5424 | 6848 895c | 2460 4889 | 6c24 5048 | 8974 2448 | 4889 7c24 
  0x0000018ff637d2e0: 404c 8944 | 2438 4c89 | 4c24 304c | 8954 2428 | 4c89 5c24 | 204c 8964 | 2418 4c89 | 6c24 104c 
  0x0000018ff637d300: 8974 2408 | 4c89 3c24 | 4c8b e448 | 83ec 2048 | 83e4 f048 | b8d0 f168 | 6ffc 7f00 | 00ff d049 
  0x0000018ff637d320: 8be4 4c8b | 3c24 4c8b | 7424 084c | 8b6c 2410 | 4c8b 6424 | 184c 8b5c | 2420 4c8b | 5424 284c 
  0x0000018ff637d340: 8b4c 2430 | 4c8b 4424 | 3848 8b7c | 2440 488b | 7424 4848 | 8b6c 2450 | 488b 5c24 | 6048 8b54 
  0x0000018ff637d360: 2468 488b | 4c24 7048 | 8b44 2478 | 4881 c480 | 0000 004d | 33e4 488b | 5de8 4c8b | 6b08 4d8d 
  0x0000018ff637d380: 6d38 4983 | 7f08 000f | 84bb 0000 | 00e8 0500 | 0000 e996 | 0000 0048 | 8d44 2408 | 4c89 6dc0 
  0x0000018ff637d3a0: 498b cfc5 | f877 4989 | afb0 0300 | 0049 8987 | a003 0000 | 4883 ec20 | 40f6 c40f | 0f84 1900 
  0x0000018ff637d3c0: 0000 4883 | ec08 48b8 | 60ec 316f | fc7f 0000 | ffd0 4883 | c408 e90c | 0000 0048 | b860 ec31 
  0x0000018ff637d3e0: 6ffc 7f00 | 00ff d048 | 83c4 2049 | c787 a003 | 0000 0000 | 0000 49c7 | 87b0 0300 | 0000 0000 
  0x0000018ff637d400: 0049 c787 | a803 0000 | 0000 0000 | c5f8 7749 | 837f 0800 | 0f84 0500 | 0000 e9e1 | 3aff ff4c 
  0x0000018ff637d420: 8b6d c04c | 8b75 c84e | 8d74 f500 | c348 b9c0 | 2890 6ffc | 7f00 0048 | 83e4 f048 | b830 9957 
  0x0000018ff637d440: 6ffc 7f00 | 00ff d0f4 | 448b 5b28 | 41f6 c320 | 0f84 4401 | 0000 488d | 55a8 4c8b | 5a08 4d85 
  0x0000018ff637d460: db0f 85bb | 0000 00e8 | 0500 0000 | e996 0000 | 0048 8d44 | 2408 4c89 | 6dc0 498b | cfc5 f877 
  0x0000018ff637d480: 4989 afb0 | 0300 0049 | 8987 a003 | 0000 4883 | ec20 40f6 | c40f 0f84 | 1900 0000 | 4883 ec08 
  0x0000018ff637d4a0: 48b8 90eb | 316f fc7f | 0000 ffd0 | 4883 c408 | e90c 0000 | 0048 b890 | eb31 6ffc | 7f00 00ff 
  0x0000018ff637d4c0: d048 83c4 | 2049 c787 | a003 0000 | 0000 0000 | 49c7 87b0 | 0300 0000 | 0000 0049 | c787 a803 
  0x0000018ff637d4e0: 0000 0000 | 0000 c5f8 | 7749 837f | 0800 0f84 | 0500 0000 | e907 3aff | ff4c 8b6d | c04c 8b75 
  0x0000018ff637d500: c84e 8d74 | f500 c348 | b9c0 2890 | 6ffc 7f00 | 0048 83e4 | f048 b830 | 9957 6ffc | 7f00 00ff 
  0x0000018ff637d520: d0f4 4c89 | 6dc0 488d | 024c 8b4a | 0848 c742 | 0800 0000 | 004c 8b00 | 4d85 c00f | 840b 0000 
  0x0000018ff637d540: 00f0 4d0f | b101 0f85 | 0c00 0000 | 49ff 8f58 | 0500 00e9 | 3e00 0000 | 4c89 4a08 | 488b ca48 
  0x0000018ff637d560: 83ec 2040 | f6c4 0f0f | 8419 0000 | 0048 83ec | 0848 b820 | be31 6ffc | 7f00 00ff | d048 83c4 
  0x0000018ff637d580: 08e9 0c00 | 0000 48b8 | 20be 316f | fc7f 0000 | ffd0 4883 | c420 4c8b | 6dc0 49ba | 6c40 b86f 
  0x0000018ff637d5a0: fc7f 0000 | 4180 3a00 | 0f84 3e00 | 0000 488b | 55e8 498b | cf48 83ec | 2040 f6c4 | 0f0f 8419 
  0x0000018ff637d5c0: 0000 0048 | 83ec 0848 | b880 b968 | 6ffc 7f00 | 00ff d048 | 83c4 08e9 | 0c00 0000 | 48b8 80b9 
  0x0000018ff637d5e0: 686f fc7f | 0000 ffd0 | 4883 c420 | 488b 0424 | 4883 c410 | c5fb 1004 | 2448 83c4 | 104c 8b5d 
  0x0000018ff637d600: 1841 ffd3 | 4c8b 5df8 | c95f 498b | e3ff e7ba | 0000 0000 | e805 0000 | 00e9 9600 | 0000 488d 
  0x0000018ff637d620: 4424 084c | 896d c049 | 8bcf c5f8 | 7749 89af | b003 0000 | 4989 87a0 | 0300 0048 | 83ec 2040 
  0x0000018ff637d640: f6c4 0f0f | 8419 0000 | 0048 83ec | 0848 b8e0 | b131 6ffc | 7f00 00ff | d048 83c4 | 08e9 0c00 
  0x0000018ff637d660: 0000 48b8 | e0b1 316f | fc7f 0000 | ffd0 4883 | c420 49c7 | 87a0 0300 | 0000 0000 | 0049 c787 
  0x0000018ff637d680: b003 0000 | 0000 0000 | 49c7 87a8 | 0300 0000 | 0000 00c5 | f877 4983 | 7f08 000f | 8405 0000 
  0x0000018ff637d6a0: 00e9 5a38 | ffff 4c8b | 6dc0 4c8b | 75c8 4e8d | 74f5 00c3 | 488b 5de8 | e95b f6ff | ff66 6690 
[/MachCode]

---------------  P R O C E S S  ---------------

Threads class SMR info:
_java_thread_list=0x0000018fd383dd50, length=13, elements={
0x0000018fe48accd0, 0x0000018fffb2da90, 0x0000018fffb2e7b0, 0x0000018fffb30380,
0x0000018fffb30de0, 0x0000018fffb31840, 0x0000018fffb362b0, 0x0000018fffb38050,
0x0000018fffb38b00, 0x0000018f86832c70, 0x0000018f8683b2c0, 0x0000018fce466060,
0x0000018fd428ebe0
}

Java Threads: ( => current thread )
=>0x0000018fe48accd0 JavaThread "main"                              [_thread_in_native, id=26364, stack(0x0000008852500000,0x0000008852600000) (1024K)]
  0x0000018fffb2da90 JavaThread "Reference Handler"          daemon [_thread_blocked, id=10856, stack(0x0000008852d00000,0x0000008852e00000) (1024K)]
  0x0000018fffb2e7b0 JavaThread "Finalizer"                  daemon [_thread_blocked, id=26548, stack(0x0000008852e00000,0x0000008852f00000) (1024K)]
  0x0000018fffb30380 JavaThread "Signal Dispatcher"          daemon [_thread_blocked, id=26516, stack(0x0000008852f00000,0x0000008853000000) (1024K)]
  0x0000018fffb30de0 JavaThread "Attach Listener"            daemon [_thread_blocked, id=26728, stack(0x0000008853000000,0x0000008853100000) (1024K)]
  0x0000018fffb31840 JavaThread "Service Thread"             daemon [_thread_blocked, id=13052, stack(0x0000008853100000,0x0000008853200000) (1024K)]
  0x0000018fffb362b0 JavaThread "Monitor Deflation Thread"   daemon [_thread_blocked, id=9192, stack(0x0000008853200000,0x0000008853300000) (1024K)]
  0x0000018fffb38050 JavaThread "C2 CompilerThread0"         daemon [_thread_blocked, id=30128, stack(0x0000008853300000,0x0000008853400000) (1024K)]
  0x0000018fffb38b00 JavaThread "C1 CompilerThread0"         daemon [_thread_blocked, id=15724, stack(0x0000008853400000,0x0000008853500000) (1024K)]
  0x0000018f86832c70 JavaThread "Notification Thread"        daemon [_thread_blocked, id=33036, stack(0x0000008853700000,0x0000008853800000) (1024K)]
  0x0000018f8683b2c0 JavaThread "Common-Cleaner"             daemon [_thread_blocked, id=32040, stack(0x0000008853800000,0x0000008853900000) (1024K)]
  0x0000018fce466060 JavaThread "Thread-0"                   daemon [_thread_blocked, id=14328, stack(0x0000008853900000,0x0000008853a00000) (1024K)]
  0x0000018fd428ebe0 JavaThread "LWJGL3 Timer"               daemon [_thread_blocked, id=19708, stack(0x0000008854900000,0x0000008854a00000) (1024K)]
Total: 13

Other Threads:
  0x0000018fffb13a90 VMThread "VM Thread"                           [id=24212, stack(0x0000008852c00000,0x0000008852d00000) (1024K)]
  0x0000018fffafa1b0 WatcherThread "VM Periodic Task Thread"        [id=6316, stack(0x0000008852b00000,0x0000008852c00000) (1024K)]
  0x0000018fe6c424e0 WorkerThread "GC Thread#0"                     [id=7076, stack(0x0000008852600000,0x0000008852700000) (1024K)]
  0x0000018fd379f940 WorkerThread "GC Thread#1"                     [id=8488, stack(0x0000008854100000,0x0000008854200000) (1024K)]
  0x0000018fd377d240 WorkerThread "GC Thread#2"                     [id=21520, stack(0x0000008854200000,0x0000008854300000) (1024K)]
  0x0000018fd3b7c980 WorkerThread "GC Thread#3"                     [id=23856, stack(0x0000008854300000,0x0000008854400000) (1024K)]
  0x0000018fd3b8f0d0 WorkerThread "GC Thread#4"                     [id=5800, stack(0x0000008854400000,0x0000008854500000) (1024K)]
  0x0000018fd3776270 WorkerThread "GC Thread#5"                     [id=33148, stack(0x0000008854500000,0x0000008854600000) (1024K)]
  0x0000018fd36bfd90 WorkerThread "GC Thread#6"                     [id=15348, stack(0x0000008854600000,0x0000008854700000) (1024K)]
  0x0000018fd3bbcdf0 WorkerThread "GC Thread#7"                     [id=9872, stack(0x0000008854700000,0x0000008854800000) (1024K)]
  0x0000018fe6c52b90 ConcurrentGCThread "G1 Main Marker"            [id=17908, stack(0x0000008852700000,0x0000008852800000) (1024K)]
  0x0000018fe6c53850 WorkerThread "G1 Conc#0"                       [id=9396, stack(0x0000008852800000,0x0000008852900000) (1024K)]
  0x0000018fff9ca8b0 ConcurrentGCThread "G1 Refine#0"               [id=28464, stack(0x0000008852900000,0x0000008852a00000) (1024K)]
  0x0000018fff9cb240 ConcurrentGCThread "G1 Service"                [id=34208, stack(0x0000008852a00000,0x0000008852b00000) (1024K)]
Total: 14

Threads with active compile tasks:
Total: 0

VM state: not at safepoint (normal execution)

VM Mutex/Monitor currently owned by a thread: None

Heap address: 0x0000000709400000, size: 3948 MB, Compressed Oops mode: Zero based, Oop shift amount: 3

CDS archive(s) mapped at: [0x0000018f87000000-0x0000018f87c60000-0x0000018f87c60000), size 12976128, SharedBaseAddress: 0x0000018f87000000, ArchiveRelocationMode: 1.
Compressed class space mapped at: 0x0000018f88000000-0x0000018fc8000000, reserved size: 1073741824
Narrow klass base: 0x0000018f87000000, Narrow klass shift: 0, Narrow klass range: 0x41000000

GC Precious Log:
 CardTable entry size: 512
 Card Set container configuration: InlinePtr #cards 4 size 8 Array Of Cards #cards 16 size 48 Howl #buckets 8 coarsen threshold 3686 Howl Bitmap #cards 512 size 80 coarsen threshold 460 Card regions per heap region 1 cards per card region 4096
 CPUs: 16 total, 16 available
 Memory: 15789M
 Large Page Support: Disabled
 NUMA Support: Disabled
 Compressed Oops: Enabled (Zero based)
 Heap Region Size: 2M
 Heap Min Capacity: 8M
 Heap Initial Capacity: 248M
 Heap Max Capacity: 3948M
 Pre-touch: Disabled
 Parallel Workers: 13
 Concurrent Workers: 3
 Concurrent Refinement Workers: 13
 Periodic GC: Disabled

Heap:
 garbage-first heap   total reserved 4042752K, committed 253952K, used 9591K [0x0000000709400000, 0x0000000800000000)
  region size 2048K, 6 young (12288K), 2 survivors (4096K)
 Metaspace       used 6896K, committed 7040K, reserved 1114112K
  class space    used 489K, committed 576K, reserved 1048576K

Heap Regions: E=young(eden), S=young(survivor), O=old, HS=humongous(starts), HC=humongous(continues), CS=collection set, F=free, TAMS=top-at-mark-start, PB=parsable bottom
|   0|0x0000000709400000, 0x0000000709600000, 0x0000000709600000|100%|HS|  |TAMS 0x0000000709400000| PB 0x0000000709400000| Complete |  0
|   1|0x0000000709600000, 0x0000000709600000, 0x0000000709800000|  0%| F|  |TAMS 0x0000000709600000| PB 0x0000000709600000| Untracked |  0
|   2|0x0000000709800000, 0x0000000709800000, 0x0000000709a00000|  0%| F|  |TAMS 0x0000000709800000| PB 0x0000000709800000| Untracked |  0
|   3|0x0000000709a00000, 0x0000000709a00000, 0x0000000709c00000|  0%| F|  |TAMS 0x0000000709a00000| PB 0x0000000709a00000| Untracked |  0
|   4|0x0000000709c00000, 0x0000000709c00000, 0x0000000709e00000|  0%| F|  |TAMS 0x0000000709c00000| PB 0x0000000709c00000| Untracked |  0
|   5|0x0000000709e00000, 0x0000000709e00000, 0x000000070a000000|  0%| F|  |TAMS 0x0000000709e00000| PB 0x0000000709e00000| Untracked |  0
|   6|0x000000070a000000, 0x000000070a000000, 0x000000070a200000|  0%| F|  |TAMS 0x000000070a000000| PB 0x000000070a000000| Untracked |  0
|   7|0x000000070a200000, 0x000000070a200000, 0x000000070a400000|  0%| F|  |TAMS 0x000000070a200000| PB 0x000000070a200000| Untracked |  0
|   8|0x000000070a400000, 0x000000070a400000, 0x000000070a600000|  0%| F|  |TAMS 0x000000070a400000| PB 0x000000070a400000| Untracked |  0
|   9|0x000000070a600000, 0x000000070a600000, 0x000000070a800000|  0%| F|  |TAMS 0x000000070a600000| PB 0x000000070a600000| Untracked |  0
|  10|0x000000070a800000, 0x000000070a800000, 0x000000070aa00000|  0%| F|  |TAMS 0x000000070a800000| PB 0x000000070a800000| Untracked |  0
|  11|0x000000070aa00000, 0x000000070aa00000, 0x000000070ac00000|  0%| F|  |TAMS 0x000000070aa00000| PB 0x000000070aa00000| Untracked |  0
|  12|0x000000070ac00000, 0x000000070ac00000, 0x000000070ae00000|  0%| F|  |TAMS 0x000000070ac00000| PB 0x000000070ac00000| Untracked |  0
|  13|0x000000070ae00000, 0x000000070ae00000, 0x000000070b000000|  0%| F|  |TAMS 0x000000070ae00000| PB 0x000000070ae00000| Untracked |  0
|  14|0x000000070b000000, 0x000000070b000000, 0x000000070b200000|  0%| F|  |TAMS 0x000000070b000000| PB 0x000000070b000000| Untracked |  0
|  15|0x000000070b200000, 0x000000070b200000, 0x000000070b400000|  0%| F|  |TAMS 0x000000070b200000| PB 0x000000070b200000| Untracked |  0
|  16|0x000000070b400000, 0x000000070b400000, 0x000000070b600000|  0%| F|  |TAMS 0x000000070b400000| PB 0x000000070b400000| Untracked |  0
|  17|0x000000070b600000, 0x000000070b600000, 0x000000070b800000|  0%| F|  |TAMS 0x000000070b600000| PB 0x000000070b600000| Untracked |  0
|  18|0x000000070b800000, 0x000000070b800000, 0x000000070ba00000|  0%| F|  |TAMS 0x000000070b800000| PB 0x000000070b800000| Untracked |  0
|  19|0x000000070ba00000, 0x000000070ba00000, 0x000000070bc00000|  0%| F|  |TAMS 0x000000070ba00000| PB 0x000000070ba00000| Untracked |  0
|  20|0x000000070bc00000, 0x000000070bc00000, 0x000000070be00000|  0%| F|  |TAMS 0x000000070bc00000| PB 0x000000070bc00000| Untracked |  0
|  21|0x000000070be00000, 0x000000070be00000, 0x000000070c000000|  0%| F|  |TAMS 0x000000070be00000| PB 0x000000070be00000| Untracked |  0
|  22|0x000000070c000000, 0x000000070c000000, 0x000000070c200000|  0%| F|  |TAMS 0x000000070c000000| PB 0x000000070c000000| Untracked |  0
|  23|0x000000070c200000, 0x000000070c200000, 0x000000070c400000|  0%| F|  |TAMS 0x000000070c200000| PB 0x000000070c200000| Untracked |  0
|  24|0x000000070c400000, 0x000000070c400000, 0x000000070c600000|  0%| F|  |TAMS 0x000000070c400000| PB 0x000000070c400000| Untracked |  0
|  25|0x000000070c600000, 0x000000070c600000, 0x000000070c800000|  0%| F|  |TAMS 0x000000070c600000| PB 0x000000070c600000| Untracked |  0
|  26|0x000000070c800000, 0x000000070c800000, 0x000000070ca00000|  0%| F|  |TAMS 0x000000070c800000| PB 0x000000070c800000| Untracked |  0
|  27|0x000000070ca00000, 0x000000070ca00000, 0x000000070cc00000|  0%| F|  |TAMS 0x000000070ca00000| PB 0x000000070ca00000| Untracked |  0
|  28|0x000000070cc00000, 0x000000070cc00000, 0x000000070ce00000|  0%| F|  |TAMS 0x000000070cc00000| PB 0x000000070cc00000| Untracked |  0
|  29|0x000000070ce00000, 0x000000070ce00000, 0x000000070d000000|  0%| F|  |TAMS 0x000000070ce00000| PB 0x000000070ce00000| Untracked |  0
|  30|0x000000070d000000, 0x000000070d000000, 0x000000070d200000|  0%| F|  |TAMS 0x000000070d000000| PB 0x000000070d000000| Untracked |  0
|  31|0x000000070d200000, 0x000000070d200000, 0x000000070d400000|  0%| F|  |TAMS 0x000000070d200000| PB 0x000000070d200000| Untracked |  0
|  32|0x000000070d400000, 0x000000070d400000, 0x000000070d600000|  0%| F|  |TAMS 0x000000070d400000| PB 0x000000070d400000| Untracked |  0
|  33|0x000000070d600000, 0x000000070d600000, 0x000000070d800000|  0%| F|  |TAMS 0x000000070d600000| PB 0x000000070d600000| Untracked |  0
|  34|0x000000070d800000, 0x000000070d800000, 0x000000070da00000|  0%| F|  |TAMS 0x000000070d800000| PB 0x000000070d800000| Untracked |  0
|  35|0x000000070da00000, 0x000000070da00000, 0x000000070dc00000|  0%| F|  |TAMS 0x000000070da00000| PB 0x000000070da00000| Untracked |  0
|  36|0x000000070dc00000, 0x000000070dc00000, 0x000000070de00000|  0%| F|  |TAMS 0x000000070dc00000| PB 0x000000070dc00000| Untracked |  0
|  37|0x000000070de00000, 0x000000070de00000, 0x000000070e000000|  0%| F|  |TAMS 0x000000070de00000| PB 0x000000070de00000| Untracked |  0
|  38|0x000000070e000000, 0x000000070e000000, 0x000000070e200000|  0%| F|  |TAMS 0x000000070e000000| PB 0x000000070e000000| Untracked |  0
|  39|0x000000070e200000, 0x000000070e200000, 0x000000070e400000|  0%| F|  |TAMS 0x000000070e200000| PB 0x000000070e200000| Untracked |  0
|  40|0x000000070e400000, 0x000000070e400000, 0x000000070e600000|  0%| F|  |TAMS 0x000000070e400000| PB 0x000000070e400000| Untracked |  0
|  41|0x000000070e600000, 0x000000070e600000, 0x000000070e800000|  0%| F|  |TAMS 0x000000070e600000| PB 0x000000070e600000| Untracked |  0
|  42|0x000000070e800000, 0x000000070e800000, 0x000000070ea00000|  0%| F|  |TAMS 0x000000070e800000| PB 0x000000070e800000| Untracked |  0
|  43|0x000000070ea00000, 0x000000070ea00000, 0x000000070ec00000|  0%| F|  |TAMS 0x000000070ea00000| PB 0x000000070ea00000| Untracked |  0
|  44|0x000000070ec00000, 0x000000070ec00000, 0x000000070ee00000|  0%| F|  |TAMS 0x000000070ec00000| PB 0x000000070ec00000| Untracked |  0
|  45|0x000000070ee00000, 0x000000070ee00000, 0x000000070f000000|  0%| F|  |TAMS 0x000000070ee00000| PB 0x000000070ee00000| Untracked |  0
|  46|0x000000070f000000, 0x000000070f000000, 0x000000070f200000|  0%| F|  |TAMS 0x000000070f000000| PB 0x000000070f000000| Untracked |  0
|  47|0x000000070f200000, 0x000000070f200000, 0x000000070f400000|  0%| F|  |TAMS 0x000000070f200000| PB 0x000000070f200000| Untracked |  0
|  48|0x000000070f400000, 0x000000070f400000, 0x000000070f600000|  0%| F|  |TAMS 0x000000070f400000| PB 0x000000070f400000| Untracked |  0
|  49|0x000000070f600000, 0x000000070f600000, 0x000000070f800000|  0%| F|  |TAMS 0x000000070f600000| PB 0x000000070f600000| Untracked |  0
|  50|0x000000070f800000, 0x000000070f800000, 0x000000070fa00000|  0%| F|  |TAMS 0x000000070f800000| PB 0x000000070f800000| Untracked |  0
|  51|0x000000070fa00000, 0x000000070fa00000, 0x000000070fc00000|  0%| F|  |TAMS 0x000000070fa00000| PB 0x000000070fa00000| Untracked |  0
|  52|0x000000070fc00000, 0x000000070fc00000, 0x000000070fe00000|  0%| F|  |TAMS 0x000000070fc00000| PB 0x000000070fc00000| Untracked |  0
|  53|0x000000070fe00000, 0x000000070fe00000, 0x0000000710000000|  0%| F|  |TAMS 0x000000070fe00000| PB 0x000000070fe00000| Untracked |  0
|  54|0x0000000710000000, 0x0000000710000000, 0x0000000710200000|  0%| F|  |TAMS 0x0000000710000000| PB 0x0000000710000000| Untracked |  0
|  55|0x0000000710200000, 0x0000000710200000, 0x0000000710400000|  0%| F|  |TAMS 0x0000000710200000| PB 0x0000000710200000| Untracked |  0
|  56|0x0000000710400000, 0x0000000710400000, 0x0000000710600000|  0%| F|  |TAMS 0x0000000710400000| PB 0x0000000710400000| Untracked |  0
|  57|0x0000000710600000, 0x0000000710600000, 0x0000000710800000|  0%| F|  |TAMS 0x0000000710600000| PB 0x0000000710600000| Untracked |  0
|  58|0x0000000710800000, 0x0000000710800000, 0x0000000710a00000|  0%| F|  |TAMS 0x0000000710800000| PB 0x0000000710800000| Untracked |  0
|  59|0x0000000710a00000, 0x0000000710a00000, 0x0000000710c00000|  0%| F|  |TAMS 0x0000000710a00000| PB 0x0000000710a00000| Untracked |  0
|  60|0x0000000710c00000, 0x0000000710c00000, 0x0000000710e00000|  0%| F|  |TAMS 0x0000000710c00000| PB 0x0000000710c00000| Untracked |  0
|  61|0x0000000710e00000, 0x0000000710e00000, 0x0000000711000000|  0%| F|  |TAMS 0x0000000710e00000| PB 0x0000000710e00000| Untracked |  0
|  62|0x0000000711000000, 0x0000000711000000, 0x0000000711200000|  0%| F|  |TAMS 0x0000000711000000| PB 0x0000000711000000| Untracked |  0
|  63|0x0000000711200000, 0x0000000711200000, 0x0000000711400000|  0%| F|  |TAMS 0x0000000711200000| PB 0x0000000711200000| Untracked |  0
|  64|0x0000000711400000, 0x0000000711400000, 0x0000000711600000|  0%| F|  |TAMS 0x0000000711400000| PB 0x0000000711400000| Untracked |  0
|  65|0x0000000711600000, 0x0000000711600000, 0x0000000711800000|  0%| F|  |TAMS 0x0000000711600000| PB 0x0000000711600000| Untracked |  0
|  66|0x0000000711800000, 0x0000000711800000, 0x0000000711a00000|  0%| F|  |TAMS 0x0000000711800000| PB 0x0000000711800000| Untracked |  0
|  67|0x0000000711a00000, 0x0000000711a00000, 0x0000000711c00000|  0%| F|  |TAMS 0x0000000711a00000| PB 0x0000000711a00000| Untracked |  0
|  68|0x0000000711c00000, 0x0000000711c00000, 0x0000000711e00000|  0%| F|  |TAMS 0x0000000711c00000| PB 0x0000000711c00000| Untracked |  0
|  69|0x0000000711e00000, 0x0000000711e00000, 0x0000000712000000|  0%| F|  |TAMS 0x0000000711e00000| PB 0x0000000711e00000| Untracked |  0
|  70|0x0000000712000000, 0x0000000712000000, 0x0000000712200000|  0%| F|  |TAMS 0x0000000712000000| PB 0x0000000712000000| Untracked |  0
|  71|0x0000000712200000, 0x0000000712200000, 0x0000000712400000|  0%| F|  |TAMS 0x0000000712200000| PB 0x0000000712200000| Untracked |  0
|  72|0x0000000712400000, 0x0000000712400000, 0x0000000712600000|  0%| F|  |TAMS 0x0000000712400000| PB 0x0000000712400000| Untracked |  0
|  73|0x0000000712600000, 0x0000000712600000, 0x0000000712800000|  0%| F|  |TAMS 0x0000000712600000| PB 0x0000000712600000| Untracked |  0
|  74|0x0000000712800000, 0x0000000712800000, 0x0000000712a00000|  0%| F|  |TAMS 0x0000000712800000| PB 0x0000000712800000| Untracked |  0
|  75|0x0000000712a00000, 0x0000000712a00000, 0x0000000712c00000|  0%| F|  |TAMS 0x0000000712a00000| PB 0x0000000712a00000| Untracked |  0
|  76|0x0000000712c00000, 0x0000000712c00000, 0x0000000712e00000|  0%| F|  |TAMS 0x0000000712c00000| PB 0x0000000712c00000| Untracked |  0
|  77|0x0000000712e00000, 0x0000000712e00000, 0x0000000713000000|  0%| F|  |TAMS 0x0000000712e00000| PB 0x0000000712e00000| Untracked |  0
|  78|0x0000000713000000, 0x0000000713000000, 0x0000000713200000|  0%| F|  |TAMS 0x0000000713000000| PB 0x0000000713000000| Untracked |  0
|  79|0x0000000713200000, 0x0000000713200000, 0x0000000713400000|  0%| F|  |TAMS 0x0000000713200000| PB 0x0000000713200000| Untracked |  0
|  80|0x0000000713400000, 0x0000000713400000, 0x0000000713600000|  0%| F|  |TAMS 0x0000000713400000| PB 0x0000000713400000| Untracked |  0
|  81|0x0000000713600000, 0x0000000713600000, 0x0000000713800000|  0%| F|  |TAMS 0x0000000713600000| PB 0x0000000713600000| Untracked |  0
|  82|0x0000000713800000, 0x0000000713800000, 0x0000000713a00000|  0%| F|  |TAMS 0x0000000713800000| PB 0x0000000713800000| Untracked |  0
|  83|0x0000000713a00000, 0x0000000713a00000, 0x0000000713c00000|  0%| F|  |TAMS 0x0000000713a00000| PB 0x0000000713a00000| Untracked |  0
|  84|0x0000000713c00000, 0x0000000713c00000, 0x0000000713e00000|  0%| F|  |TAMS 0x0000000713c00000| PB 0x0000000713c00000| Untracked |  0
|  85|0x0000000713e00000, 0x0000000713e00000, 0x0000000714000000|  0%| F|  |TAMS 0x0000000713e00000| PB 0x0000000713e00000| Untracked |  0
|  86|0x0000000714000000, 0x0000000714000000, 0x0000000714200000|  0%| F|  |TAMS 0x0000000714000000| PB 0x0000000714000000| Untracked |  0
|  87|0x0000000714200000, 0x0000000714200000, 0x0000000714400000|  0%| F|  |TAMS 0x0000000714200000| PB 0x0000000714200000| Untracked |  0
|  88|0x0000000714400000, 0x0000000714400000, 0x0000000714600000|  0%| F|  |TAMS 0x0000000714400000| PB 0x0000000714400000| Untracked |  0
|  89|0x0000000714600000, 0x0000000714600000, 0x0000000714800000|  0%| F|  |TAMS 0x0000000714600000| PB 0x0000000714600000| Untracked |  0
|  90|0x0000000714800000, 0x0000000714800000, 0x0000000714a00000|  0%| F|  |TAMS 0x0000000714800000| PB 0x0000000714800000| Untracked |  0
|  91|0x0000000714a00000, 0x0000000714a00000, 0x0000000714c00000|  0%| F|  |TAMS 0x0000000714a00000| PB 0x0000000714a00000| Untracked |  0
|  92|0x0000000714c00000, 0x0000000714c00000, 0x0000000714e00000|  0%| F|  |TAMS 0x0000000714c00000| PB 0x0000000714c00000| Untracked |  0
|  93|0x0000000714e00000, 0x0000000714e00000, 0x0000000715000000|  0%| F|  |TAMS 0x0000000714e00000| PB 0x0000000714e00000| Untracked |  0
|  94|0x0000000715000000, 0x0000000715000000, 0x0000000715200000|  0%| F|  |TAMS 0x0000000715000000| PB 0x0000000715000000| Untracked |  0
|  95|0x0000000715200000, 0x0000000715200000, 0x0000000715400000|  0%| F|  |TAMS 0x0000000715200000| PB 0x0000000715200000| Untracked |  0
|  96|0x0000000715400000, 0x0000000715400000, 0x0000000715600000|  0%| F|  |TAMS 0x0000000715400000| PB 0x0000000715400000| Untracked |  0
|  97|0x0000000715600000, 0x0000000715600000, 0x0000000715800000|  0%| F|  |TAMS 0x0000000715600000| PB 0x0000000715600000| Untracked |  0
|  98|0x0000000715800000, 0x0000000715800000, 0x0000000715a00000|  0%| F|  |TAMS 0x0000000715800000| PB 0x0000000715800000| Untracked |  0
|  99|0x0000000715a00000, 0x0000000715a00000, 0x0000000715c00000|  0%| F|  |TAMS 0x0000000715a00000| PB 0x0000000715a00000| Untracked |  0
| 100|0x0000000715c00000, 0x0000000715c00000, 0x0000000715e00000|  0%| F|  |TAMS 0x0000000715c00000| PB 0x0000000715c00000| Untracked |  0
| 101|0x0000000715e00000, 0x0000000715e00000, 0x0000000716000000|  0%| F|  |TAMS 0x0000000715e00000| PB 0x0000000715e00000| Untracked |  0
| 102|0x0000000716000000, 0x0000000716000000, 0x0000000716200000|  0%| F|  |TAMS 0x0000000716000000| PB 0x0000000716000000| Untracked |  0
| 103|0x0000000716200000, 0x0000000716200000, 0x0000000716400000|  0%| F|  |TAMS 0x0000000716200000| PB 0x0000000716200000| Untracked |  0
| 104|0x0000000716400000, 0x0000000716400000, 0x0000000716600000|  0%| F|  |TAMS 0x0000000716400000| PB 0x0000000716400000| Untracked |  0
| 105|0x0000000716600000, 0x0000000716600000, 0x0000000716800000|  0%| F|  |TAMS 0x0000000716600000| PB 0x0000000716600000| Untracked |  0
| 106|0x0000000716800000, 0x0000000716800000, 0x0000000716a00000|  0%| F|  |TAMS 0x0000000716800000| PB 0x0000000716800000| Untracked |  0
| 107|0x0000000716a00000, 0x0000000716a00000, 0x0000000716c00000|  0%| F|  |TAMS 0x0000000716a00000| PB 0x0000000716a00000| Untracked |  0
| 108|0x0000000716c00000, 0x0000000716c00000, 0x0000000716e00000|  0%| F|  |TAMS 0x0000000716c00000| PB 0x0000000716c00000| Untracked |  0
| 109|0x0000000716e00000, 0x0000000716e00000, 0x0000000717000000|  0%| F|  |TAMS 0x0000000716e00000| PB 0x0000000716e00000| Untracked |  0
| 110|0x0000000717000000, 0x000000071715dd00, 0x0000000717200000| 68%| S|CS|TAMS 0x0000000717000000| PB 0x0000000717000000| Complete |  0
| 111|0x0000000717200000, 0x0000000717400000, 0x0000000717400000|100%| S|CS|TAMS 0x0000000717200000| PB 0x0000000717200000| Complete |  0
| 112|0x0000000717400000, 0x0000000717400000, 0x0000000717600000|  0%| F|  |TAMS 0x0000000717400000| PB 0x0000000717400000| Untracked |  0
| 113|0x0000000717600000, 0x0000000717600000, 0x0000000717800000|  0%| F|  |TAMS 0x0000000717600000| PB 0x0000000717600000| Untracked |  0
| 114|0x0000000717800000, 0x0000000717800000, 0x0000000717a00000|  0%| F|  |TAMS 0x0000000717800000| PB 0x0000000717800000| Untracked |  0
| 115|0x0000000717a00000, 0x0000000717a00000, 0x0000000717c00000|  0%| F|  |TAMS 0x0000000717a00000| PB 0x0000000717a00000| Untracked |  0
| 116|0x0000000717c00000, 0x0000000717c00000, 0x0000000717e00000|  0%| F|  |TAMS 0x0000000717c00000| PB 0x0000000717c00000| Untracked |  0
| 117|0x0000000717e00000, 0x0000000717e00000, 0x0000000718000000|  0%| F|  |TAMS 0x0000000717e00000| PB 0x0000000717e00000| Untracked |  0
| 118|0x0000000718000000, 0x0000000718000000, 0x0000000718200000|  0%| F|  |TAMS 0x0000000718000000| PB 0x0000000718000000| Untracked |  0
| 119|0x0000000718200000, 0x0000000718200000, 0x0000000718400000|  0%| F|  |TAMS 0x0000000718200000| PB 0x0000000718200000| Untracked |  0
| 120|0x0000000718400000, 0x0000000718466690, 0x0000000718600000| 20%| E|  |TAMS 0x0000000718400000| PB 0x0000000718400000| Complete |  0
| 121|0x0000000718600000, 0x0000000718800000, 0x0000000718800000|100%| E|CS|TAMS 0x0000000718600000| PB 0x0000000718600000| Complete |  0
| 122|0x0000000718800000, 0x0000000718a00000, 0x0000000718a00000|100%| E|  |TAMS 0x0000000718800000| PB 0x0000000718800000| Complete |  0
| 123|0x0000000718a00000, 0x0000000718c00000, 0x0000000718c00000|100%| E|CS|TAMS 0x0000000718a00000| PB 0x0000000718a00000| Complete |  0

Card table byte_map: [0x0000018ffef60000,0x0000018fff720000] _byte_map_base: 0x0000018ffb716000

Marking Bits: (CMBitMap*) 0x0000018fe6c42bf0
 Bits: [0x0000018f80000000, 0x0000018f83db0000)

Polling page: 0x0000018fe4b30000

Metaspace:

Usage:
  Non-class:      6.26 MB used.
      Class:    489.28 KB used.
       Both:      6.74 MB used.

Virtual space:
  Non-class space:       64.00 MB reserved,       6.31 MB ( 10%) committed,  1 nodes.
      Class space:        1.00 GB reserved,     576.00 KB ( <1%) committed,  1 nodes.
             Both:        1.06 GB reserved,       6.88 MB ( <1%) committed. 

Chunk freelists:
   Non-Class:  7.89 MB
       Class:  15.42 MB
        Both:  23.31 MB

MaxMetaspaceSize: unlimited
CompressedClassSpaceSize: 1.00 GB
Initial GC threshold: 21.00 MB
Current GC threshold: 21.00 MB
CDS: on
 - commit_granule_bytes: 65536.
 - commit_granule_words: 8192.
 - virtual_space_node_default_size: 8388608.
 - enlarge_chunks_in_place: 1.
 - use_allocation_guard: 0.


Internal statistics:

num_allocs_failed_limit: 0.
num_arena_births: 78.
num_arena_deaths: 0.
num_vsnodes_births: 2.
num_vsnodes_deaths: 0.
num_space_committed: 109.
num_space_uncommitted: 0.
num_chunks_returned_to_freelist: 0.
num_chunks_taken_from_freelist: 268.
num_chunk_merges: 0.
num_chunk_splits: 188.
num_chunks_enlarged: 144.
num_inconsistent_stats: 0.

CodeHeap 'non-profiled nmethods': size=119168Kb used=677Kb max_used=677Kb free=118491Kb
 bounds [0x0000018ff6ac0000, 0x0000018ff6d30000, 0x0000018ffdf20000]
CodeHeap 'profiled nmethods': size=119104Kb used=2908Kb max_used=2908Kb free=116195Kb
 bounds [0x0000018feef20000, 0x0000018fef200000, 0x0000018ff6370000]
CodeHeap 'non-nmethods': size=7488Kb used=2185Kb max_used=3903Kb free=5302Kb
 bounds [0x0000018ff6370000, 0x0000018ff6750000, 0x0000018ff6ac0000]
 total_blobs=2725 nmethods=1588 adapters=1042
 compilation: enabled
              stopped_count=0, restarted_count=0
 full_count=0

Compilation events (20 events):
Event: 8.284 Thread 0x0000018fffb38b00 1579       3       com.badlogic.gdx.backends.lwjgl3.audio.OpenALMusic::update (178 bytes)
Event: 8.284 Thread 0x0000018fffb38b00 nmethod 1579 0x0000018fef1f3890 code [0x0000018fef1f3b00, 0x0000018fef1f4338]
Event: 8.368 Thread 0x0000018fffb38b00 1580       3       com.badlogic.gdx.graphics.Mesh::render (35 bytes)
Event: 8.369 Thread 0x0000018fffb38b00 nmethod 1580 0x0000018fef1f4610 code [0x0000018fef1f4800, 0x0000018fef1f4ce8]
Event: 8.383 Thread 0x0000018fffb38b00 1581       3       com.badlogic.gdx.graphics.glutils.ShaderProgram::setUniformi (25 bytes)
Event: 8.384 Thread 0x0000018fffb38b00 nmethod 1581 0x0000018fef1f4f10 code [0x0000018fef1f5100, 0x0000018fef1f5510]
Event: 8.400 Thread 0x0000018fffb38b00 1582       3       com.badlogic.gdx.graphics.glutils.ShapeRenderer::line (22 bytes)
Event: 8.401 Thread 0x0000018fffb38b00 nmethod 1582 0x0000018fef1f5710 code [0x0000018fef1f58c0, 0x0000018fef1f5a10]
Event: 8.416 Thread 0x0000018fffb38050 1583       4       java.nio.MappedByteBuffer::limit (6 bytes)
Event: 8.417 Thread 0x0000018fffb38050 nmethod 1583 0x0000018ff6b68910 code [0x0000018ff6b68aa0, 0x0000018ff6b68be0]
Event: 8.616 Thread 0x0000018fffb38050 1584       4       com.badlogic.gdx.utils.Array$ArrayIterator::hasNext (37 bytes)
Event: 8.617 Thread 0x0000018fffb38050 nmethod 1584 0x0000018ff6b68d10 code [0x0000018ff6b68ea0, 0x0000018ff6b68f70]
Event: 8.716 Thread 0x0000018fffb38050 1585       4       java.nio.MappedByteBuffer::position (6 bytes)
Event: 8.717 Thread 0x0000018fffb38050 nmethod 1585 0x0000018ff6b69010 code [0x0000018ff6b691a0, 0x0000018ff6b692b0]
Event: 9.217 Thread 0x0000018fffb38b00 1587       3       jdk.internal.loader.NativeLibraries::find (70 bytes)
Event: 9.218 Thread 0x0000018fffb38b00 nmethod 1587 0x0000018fef1f5b10 code [0x0000018fef1f5d40, 0x0000018fef1f6540]
Event: 9.218 Thread 0x0000018fffb38b00 1586       3       java.lang.ClassLoader::findNative (21 bytes)
Event: 9.218 Thread 0x0000018fffb38b00 nmethod 1586 0x0000018fef1f6790 code [0x0000018fef1f6960, 0x0000018fef1f6b70]
Event: 9.218 Thread 0x0000018fffb38b00 1588       3       java.util.concurrent.ConcurrentHashMap::isEmpty (15 bytes)
Event: 9.218 Thread 0x0000018fffb38b00 nmethod 1588 0x0000018fef1f6c90 code [0x0000018fef1f6e40, 0x0000018fef1f6fd0]

GC Heap History (2 events):
Event: 1.539 GC heap before
{Heap before GC invocations=0 (full 0):
 garbage-first heap   total reserved 4042752K, committed 253952K, used 30720K [0x0000000709400000, 0x0000000800000000)
  region size 2048K, 12 young (24576K), 0 survivors (0K)
 Metaspace       used 6613K, committed 6720K, reserved 1114112K
  class space    used 480K, committed 512K, reserved 1048576K
}
Event: 1.544 GC heap after
{Heap after GC invocations=1 (full 0):
 garbage-first heap   total reserved 4042752K, committed 253952K, used 3447K [0x0000000709400000, 0x0000000800000000)
  region size 2048K, 2 young (4096K), 2 survivors (4096K)
 Metaspace       used 6613K, committed 6720K, reserved 1114112K
  class space    used 480K, committed 512K, reserved 1048576K
}

Dll operation events (10 events):
Event: 0.007 Loaded shared library C:\Program Files\Java\jdk-22\bin\java.dll
Event: 0.031 Loaded shared library C:\Program Files\Java\jdk-22\bin\jsvml.dll
Event: 0.091 Loaded shared library C:\Program Files\Java\jdk-22\bin\net.dll
Event: 0.093 Loaded shared library C:\Program Files\Java\jdk-22\bin\nio.dll
Event: 0.097 Loaded shared library C:\Program Files\Java\jdk-22\bin\zip.dll
Event: 0.161 Loaded shared library C:\Program Files\Java\jdk-22\bin\jimage.dll
Event: 0.166 Loaded shared library C:\ProgramData\libGDX-temp\libgdxgaurm\2a9d7f76\gdx64.dll
Event: 0.211 Loaded shared library C:\ProgramData\libGDX-temp\lwjgl_gaurm\3.3.3+5\x64\lwjgl.dll
Event: 0.771 Loaded shared library C:\ProgramData\libGDX-temp\lwjgl_gaurm\3.3.3+5\x64\lwjgl_opengl.dll
Event: 1.358 Loaded shared library C:\ProgramData\libGDX-temp\libgdxgaurm\5e84b8da\gdx-box2d64.dll

Deoptimization events (20 events):
Event: 2.668 Thread 0x0000018fe48accd0 DEOPT PACKING pc=0x0000018fef136a45 sp=0x00000088525ff300
Event: 2.668 Thread 0x0000018fe48accd0 DEOPT UNPACKING pc=0x0000018ff63c4e42 sp=0x00000088525fe7a8 mode 0
Event: 2.669 Thread 0x0000018fe48accd0 DEOPT PACKING pc=0x0000018fef136a45 sp=0x00000088525ff300
Event: 2.669 Thread 0x0000018fe48accd0 DEOPT UNPACKING pc=0x0000018ff63c4e42 sp=0x00000088525fe7a8 mode 0
Event: 6.901 Thread 0x0000018fe48accd0 Uncommon trap: trap_request=0xffffff45 fr.pc=0x0000018ff6b34b00 relative=0x0000000000002a00
Event: 6.901 Thread 0x0000018fe48accd0 Uncommon trap: reason=unstable_if action=reinterpret pc=0x0000018ff6b34b00 method=javazoom.jl.decoder.BitReserve.hgetbits(I)I @ 22 c2
Event: 6.901 Thread 0x0000018fe48accd0 DEOPT PACKING pc=0x0000018ff6b34b00 sp=0x00000088525ff440
Event: 6.901 Thread 0x0000018fe48accd0 DEOPT UNPACKING pc=0x0000018ff63c46a2 sp=0x00000088525ff358 mode 2
Event: 6.902 Thread 0x0000018fe48accd0 Uncommon trap: trap_request=0xffffff45 fr.pc=0x0000018ff6b1baac relative=0x000000000000136c
Event: 6.902 Thread 0x0000018fe48accd0 Uncommon trap: reason=unstable_if action=reinterpret pc=0x0000018ff6b1baac method=javazoom.jl.decoder.LayerIIIDecoder.decode()V @ 382 c2
Event: 6.902 Thread 0x0000018fe48accd0 DEOPT PACKING pc=0x0000018ff6b1baac sp=0x00000088525ff440
Event: 6.902 Thread 0x0000018fe48accd0 DEOPT UNPACKING pc=0x0000018ff63c46a2 sp=0x00000088525ff3d8 mode 2
Event: 7.317 Thread 0x0000018fe48accd0 DEOPT PACKING pc=0x0000018fef12ece5 sp=0x00000088525ff3e0
Event: 7.317 Thread 0x0000018fe48accd0 DEOPT UNPACKING pc=0x0000018ff63c4e42 sp=0x00000088525fe840 mode 0
Event: 7.734 Thread 0x0000018fe48accd0 DEOPT PACKING pc=0x0000018fef1e012e sp=0x00000088525ff430
Event: 7.734 Thread 0x0000018fe48accd0 DEOPT UNPACKING pc=0x0000018ff63c4e42 sp=0x00000088525fe8d0 mode 0
Event: 7.735 Thread 0x0000018fe48accd0 DEOPT PACKING pc=0x0000018fef1e0269 sp=0x00000088525ff430
Event: 7.735 Thread 0x0000018fe48accd0 DEOPT UNPACKING pc=0x0000018ff63c4e42 sp=0x00000088525fe8d0 mode 0
Event: 8.133 Thread 0x0000018fe48accd0 DEOPT PACKING pc=0x0000018fef1531d0 sp=0x00000088525ff3a0
Event: 8.133 Thread 0x0000018fe48accd0 DEOPT UNPACKING pc=0x0000018ff63c4e42 sp=0x00000088525fe810 mode 0

Classes loaded (20 events):
Event: 1.148 Loading class java/io/ObjectStreamClass$Caches$2
Event: 1.148 Loading class java/io/ObjectStreamClass$Caches$2 done
Event: 1.148 Loading class java/lang/reflect/Proxy
Event: 1.148 Loading class java/lang/reflect/Proxy done
Event: 1.148 Loading class java/lang/reflect/InvocationHandler
Event: 1.148 Loading class java/lang/reflect/InvocationHandler done
Event: 1.148 Loading class java/lang/reflect/Proxy$1
Event: 1.148 Loading class java/lang/reflect/Proxy$1 done
Event: 1.148 Loading class java/io/Externalizable
Event: 1.148 Loading class java/io/Externalizable done
Event: 1.148 Loading class java/io/ObjectStreamClass$2
Event: 1.148 Loading class java/io/ObjectStreamClass$2 done
Event: 1.148 Loading class java/io/ClassCache$CacheRef
Event: 1.148 Loading class java/io/ClassCache$CacheRef done
Event: 1.148 Loading class java/io/ObjectStreamClass$FieldReflectorKey
Event: 1.148 Loading class java/io/ObjectStreamClass$FieldReflectorKey done
Event: 1.148 Loading class java/io/ObjectStreamClass$FieldReflector
Event: 1.148 Loading class java/io/ObjectStreamClass$FieldReflector done
Event: 1.148 Loading class java/io/ObjectStreamClass$ExceptionInfo
Event: 1.148 Loading class java/io/ObjectStreamClass$ExceptionInfo done

Classes unloaded (0 events):
No events

Classes redefined (0 events):
No events

Internal exceptions (20 events):
Event: 0.257 Thread 0x0000018fe48accd0 Exception <a 'java/lang/NoSuchMethodError'{0x00000007185cc990}: 'java.lang.Object java.lang.invoke.DirectMethodHandle$Holder.newInvokeSpecial(java.lang.Object, java.lang.Object, int)'> (0x00000007185cc990) 
thrown [s\open\src\hotspot\share\interpreter\linkResolver.cpp, line 774]
Event: 0.258 Thread 0x0000018fe48accd0 Exception <a 'java/lang/NoSuchMethodError'{0x00000007185de1d0}: 'int java.lang.invoke.DirectMethodHandle$Holder.invokeStaticInit(java.lang.Object, java.lang.Object, long, long)'> (0x00000007185de1d0) 
thrown [s\open\src\hotspot\share\interpreter\linkResolver.cpp, line 774]
Event: 0.259 Thread 0x0000018fe48accd0 Exception <a 'java/lang/NoSuchMethodError'{0x00000007185e3c58}: 'java.lang.Object java.lang.invoke.DirectMethodHandle$Holder.newInvokeSpecial(java.lang.Object, java.lang.Object, long)'> (0x00000007185e3c58) 
thrown [s\open\src\hotspot\share\interpreter\linkResolver.cpp, line 774]
Event: 0.259 Thread 0x0000018fe48accd0 Exception <a 'java/lang/NoSuchMethodError'{0x00000007185e7b38}: 'java.lang.Object java.lang.invoke.Invokers$Holder.linkToTargetMethod(java.lang.Object, long, java.lang.Object)'> (0x00000007185e7b38) 
thrown [s\open\src\hotspot\share\interpreter\linkResolver.cpp, line 774]
Event: 0.260 Thread 0x0000018fe48accd0 Exception <a 'java/lang/NoSuchMethodError'{0x00000007185ef0d0}: 'int java.lang.invoke.DirectMethodHandle$Holder.invokeStaticInit(java.lang.Object, java.lang.Object, java.lang.Object, long)'> (0x00000007185ef0d0) 
thrown [s\open\src\hotspot\share\interpreter\linkResolver.cpp, line 774]
Event: 0.276 Thread 0x0000018fe48accd0 Exception <a 'sun/nio/fs/WindowsException'{0x0000000718276148}> (0x0000000718276148) 
thrown [s\open\src\hotspot\share\prims\jni.cpp, line 520]
Event: 0.276 Thread 0x0000018fe48accd0 Exception <a 'sun/nio/fs/WindowsException'{0x00000007182764a8}> (0x00000007182764a8) 
thrown [s\open\src\hotspot\share\prims\jni.cpp, line 520]
Event: 0.301 Thread 0x0000018fe48accd0 Exception <a 'sun/nio/fs/WindowsException'{0x0000000718322290}> (0x0000000718322290) 
thrown [s\open\src\hotspot\share\prims\jni.cpp, line 520]
Event: 0.301 Thread 0x0000018fe48accd0 Exception <a 'sun/nio/fs/WindowsException'{0x00000007183225c0}> (0x00000007183225c0) 
thrown [s\open\src\hotspot\share\prims\jni.cpp, line 520]
Event: 0.307 Thread 0x0000018fe48accd0 Exception <a 'java/lang/NoSuchMethodError'{0x0000000718329648}: 'int java.lang.invoke.Invokers$Holder.invokeExact_MT(java.lang.Object, java.lang.Object)'> (0x0000000718329648) 
thrown [s\open\src\hotspot\share\interpreter\linkResolver.cpp, line 774]
Event: 0.351 Thread 0x0000018fe48accd0 Exception <a 'sun/nio/fs/WindowsException'{0x00000007183eedf8}> (0x00000007183eedf8) 
thrown [s\open\src\hotspot\share\prims\jni.cpp, line 520]
Event: 0.352 Thread 0x0000018fe48accd0 Exception <a 'sun/nio/fs/WindowsException'{0x00000007183ef148}> (0x00000007183ef148) 
thrown [s\open\src\hotspot\share\prims\jni.cpp, line 520]
Event: 0.554 Thread 0x0000018fe48accd0 Exception <a 'java/lang/NoSuchMethodError'{0x000000071802f328}: 'java.lang.Object java.lang.invoke.DirectMethodHandle$Holder.newInvokeSpecial(java.lang.Object, long)'> (0x000000071802f328) 
thrown [s\open\src\hotspot\share\interpreter\linkResolver.cpp, line 774]
Event: 0.760 Thread 0x0000018fe48accd0 Exception <a 'java/lang/NoSuchMethodError'{0x00000007181dfa90}: 'void java.lang.invoke.DirectMethodHandle$Holder.invokeStatic(java.lang.Object, long)'> (0x00000007181dfa90) 
thrown [s\open\src\hotspot\share\interpreter\linkResolver.cpp, line 774]
Event: 0.766 Thread 0x0000018fe48accd0 Exception <a 'java/lang/NoSuchMethodError'{0x0000000717e03950}: 'void java.lang.System.load(java.lang.String, java.lang.Class)'> (0x0000000717e03950) 
thrown [s\open\src\hotspot\share\interpreter\linkResolver.cpp, line 774]
Event: 0.766 Thread 0x0000018fe48accd0 Exception <a 'java/lang/NoSuchMethodError'{0x0000000717e063a0}: 'void java.lang.System.loadLibrary(java.lang.String, java.lang.Class)'> (0x0000000717e063a0) 
thrown [s\open\src\hotspot\share\interpreter\linkResolver.cpp, line 774]
Event: 0.769 Thread 0x0000018fe48accd0 Exception <a 'sun/nio/fs/WindowsException'{0x0000000717e172a8}> (0x0000000717e172a8) 
thrown [s\open\src\hotspot\share\prims\jni.cpp, line 520]
Event: 0.769 Thread 0x0000018fe48accd0 Exception <a 'sun/nio/fs/WindowsException'{0x0000000717e17620}> (0x0000000717e17620) 
thrown [s\open\src\hotspot\share\prims\jni.cpp, line 520]
Event: 0.774 Thread 0x0000018fe48accd0 Exception <a 'sun/nio/fs/WindowsException'{0x0000000717e236b8}> (0x0000000717e236b8) 
thrown [s\open\src\hotspot\share\prims\jni.cpp, line 520]
Event: 0.774 Thread 0x0000018fe48accd0 Exception <a 'sun/nio/fs/WindowsException'{0x0000000717e23968}> (0x0000000717e23968) 
thrown [s\open\src\hotspot\share\prims\jni.cpp, line 520]

ZGC Phase Switch (0 events):
No events

VM Operations (20 events):
Event: 0.163 Executing VM operation: HandshakeAllThreads (Deoptimize)
Event: 0.163 Executing VM operation: HandshakeAllThreads (Deoptimize) done
Event: 0.188 Executing VM operation: HandshakeAllThreads (Deoptimize)
Event: 0.188 Executing VM operation: HandshakeAllThreads (Deoptimize) done
Event: 1.187 Executing VM operation: Cleanup
Event: 1.187 Executing VM operation: Cleanup done
Event: 1.539 Executing VM operation: G1CollectForAllocation (G1 Evacuation Pause)
Event: 1.544 Executing VM operation: G1CollectForAllocation (G1 Evacuation Pause) done
Event: 2.553 Executing VM operation: Cleanup
Event: 2.553 Executing VM operation: Cleanup done
Event: 3.554 Executing VM operation: Cleanup
Event: 3.554 Executing VM operation: Cleanup done
Event: 4.554 Executing VM operation: Cleanup
Event: 4.554 Executing VM operation: Cleanup done
Event: 5.554 Executing VM operation: Cleanup
Event: 5.554 Executing VM operation: Cleanup done
Event: 6.555 Executing VM operation: Cleanup
Event: 6.555 Executing VM operation: Cleanup done
Event: 8.556 Executing VM operation: Cleanup
Event: 8.556 Executing VM operation: Cleanup done

Memory protections (0 events):
No events

Nmethod flushes (0 events):
No events

Events (20 events):
Event: 0.084 Thread 0x0000018fe48accd0 Thread added: 0x0000018f86832c70
Event: 0.087 Thread 0x0000018fe48accd0 Thread added: 0x0000018f8683b2c0
Event: 0.128 Thread 0x0000018f867205c0 Thread added: 0x0000018f86956e40
Event: 0.350 Thread 0x0000018f86727590 Thread added: 0x0000018fcc3c96a0
Event: 0.553 Thread 0x0000018f86956e40 Thread exited: 0x0000018f86956e40
Event: 0.563 Thread 0x0000018fe48accd0 Thread added: 0x0000018fce466060
Event: 1.560 Thread 0x0000018fffb38050 Thread added: 0x0000018fd373ea40
Event: 1.606 Thread 0x0000018fe48accd0 Thread added: 0x0000018fd428ebe0
Event: 1.868 Thread 0x0000018fd373ea40 Thread exited: 0x0000018fd373ea40
Event: 3.955 Thread 0x0000018f867205c0 Thread added: 0x0000018fdd339500
Event: 3.955 Thread 0x0000018f867205c0 Thread added: 0x0000018fd40bba00
Event: 4.067 Thread 0x0000018fd40bba00 Thread exited: 0x0000018fd40bba00
Event: 4.067 Thread 0x0000018fdd339500 Thread exited: 0x0000018fdd339500
Event: 5.219 Thread 0x0000018fffb38b00 Thread added: 0x0000018fd37eefa0
Event: 5.219 Thread 0x0000018fffb38b00 Thread added: 0x0000018fd3bd83c0
Event: 5.350 Thread 0x0000018fd3bd83c0 Thread exited: 0x0000018fd3bd83c0
Event: 5.400 Thread 0x0000018fd37eefa0 Thread exited: 0x0000018fd37eefa0
Event: 5.934 Thread 0x0000018f86727590 Thread exited: 0x0000018f86727590
Event: 5.934 Thread 0x0000018fcc3c96a0 Thread exited: 0x0000018fcc3c96a0
Event: 7.000 Thread 0x0000018f867205c0 Thread exited: 0x0000018f867205c0


Dynamic libraries:
0x00007ff6958b0000 - 0x00007ff6958c0000 	C:\Program Files\Java\jdk-22\bin\java.exe
0x00007ffd06ef0000 - 0x00007ffd07107000 	C:\WINDOWS\SYSTEM32\ntdll.dll
0x00007ffd06830000 - 0x00007ffd068f4000 	C:\WINDOWS\System32\KERNEL32.DLL
0x00007ffd044a0000 - 0x00007ffd04859000 	C:\WINDOWS\System32\KERNELBASE.dll
0x00007ffd04310000 - 0x00007ffd04421000 	C:\WINDOWS\System32\ucrtbase.dll
0x00007ffcf7f30000 - 0x00007ffcf7f4b000 	C:\Program Files\Java\jdk-22\bin\VCRUNTIME140.dll
0x00007ffcf86b0000 - 0x00007ffcf86c7000 	C:\Program Files\Java\jdk-22\bin\jli.dll
0x00007ffd06ac0000 - 0x00007ffd06c6e000 	C:\WINDOWS\System32\USER32.dll
0x00007ffd049b0000 - 0x00007ffd049d6000 	C:\WINDOWS\System32\win32u.dll
0x00007ffd06de0000 - 0x00007ffd06e09000 	C:\WINDOWS\System32\GDI32.dll
0x00007ffced8c0000 - 0x00007ffcedb52000 	C:\WINDOWS\WinSxS\amd64_microsoft.windows.common-controls_6595b64144ccf1df_6.0.22621.4391_none_2715d37f73803e96\COMCTL32.dll
0x00007ffd04860000 - 0x00007ffd0497b000 	C:\WINDOWS\System32\gdi32full.dll
0x00007ffd041f0000 - 0x00007ffd0428a000 	C:\WINDOWS\System32\msvcp_win.dll
0x00007ffd06c80000 - 0x00007ffd06d27000 	C:\WINDOWS\System32\msvcrt.dll
0x00007ffd06e70000 - 0x00007ffd06ea1000 	C:\WINDOWS\System32\IMM32.DLL
0x00007ffcf8ca0000 - 0x00007ffcf8cac000 	C:\Program Files\Java\jdk-22\bin\vcruntime140_1.dll
0x00007ffcd5570000 - 0x00007ffcd55fe000 	C:\Program Files\Java\jdk-22\bin\msvcp140.dll
0x00007ffc6ef40000 - 0x00007ffc6fc89000 	C:\Program Files\Java\jdk-22\bin\server\jvm.dll
0x00007ffd069e0000 - 0x00007ffd06a92000 	C:\WINDOWS\System32\ADVAPI32.dll
0x00007ffd05d40000 - 0x00007ffd05de7000 	C:\WINDOWS\System32\sechost.dll
0x00007ffd04980000 - 0x00007ffd049a8000 	C:\WINDOWS\System32\bcrypt.dll
0x00007ffd05df0000 - 0x00007ffd05f04000 	C:\WINDOWS\System32\RPCRT4.dll
0x00007ffd06960000 - 0x00007ffd069d1000 	C:\WINDOWS\System32\WS2_32.dll
0x00007ffd040c0000 - 0x00007ffd0410d000 	C:\WINDOWS\SYSTEM32\POWRPROF.dll
0x00007ffd01d60000 - 0x00007ffd01d94000 	C:\WINDOWS\SYSTEM32\WINMM.dll
0x00007ffcff7c0000 - 0x00007ffcff7ca000 	C:\WINDOWS\SYSTEM32\VERSION.dll
0x00007ffd040a0000 - 0x00007ffd040b3000 	C:\WINDOWS\SYSTEM32\UMPDC.dll
0x00007ffd03230000 - 0x00007ffd03248000 	C:\WINDOWS\SYSTEM32\kernel.appcore.dll
0x00007ffcf7f20000 - 0x00007ffcf7f2a000 	C:\Program Files\Java\jdk-22\bin\jimage.dll
0x00007ffd01b20000 - 0x00007ffd01d52000 	C:\WINDOWS\SYSTEM32\DBGHELP.DLL
0x00007ffd057d0000 - 0x00007ffd05b5f000 	C:\WINDOWS\System32\combase.dll
0x00007ffd056f0000 - 0x00007ffd057c7000 	C:\WINDOWS\System32\OLEAUT32.dll
0x00007ffd01940000 - 0x00007ffd01972000 	C:\WINDOWS\SYSTEM32\dbgcore.DLL
0x00007ffd04290000 - 0x00007ffd0430b000 	C:\WINDOWS\System32\bcryptPrimitives.dll
0x00007ffcdf640000 - 0x00007ffcdf65e000 	C:\Program Files\Java\jdk-22\bin\java.dll
0x00007ffd04e70000 - 0x00007ffd056e6000 	C:\WINDOWS\System32\SHELL32.dll
0x00007ffd05fc0000 - 0x00007ffd06165000 	C:\WINDOWS\System32\ole32.dll
0x00007ffd01fc0000 - 0x00007ffd028c3000 	C:\WINDOWS\SYSTEM32\windows.storage.dll
0x00007ffd02900000 - 0x00007ffd02a3f000 	C:\WINDOWS\SYSTEM32\wintypes.dll
0x00007ffd04d70000 - 0x00007ffd04e69000 	C:\WINDOWS\System32\SHCORE.dll
0x00007ffd06350000 - 0x00007ffd063ae000 	C:\WINDOWS\System32\shlwapi.dll
0x00007ffd04120000 - 0x00007ffd0414b000 	C:\WINDOWS\SYSTEM32\profapi.dll
0x00007ffcd5490000 - 0x00007ffcd5567000 	C:\Program Files\Java\jdk-22\bin\jsvml.dll
0x00007ffcf74b0000 - 0x00007ffcf74c0000 	C:\Program Files\Java\jdk-22\bin\net.dll
0x00007ffd036b0000 - 0x00007ffd03719000 	C:\WINDOWS\system32\mswsock.dll
0x00007ffcdf010000 - 0x00007ffcdf026000 	C:\Program Files\Java\jdk-22\bin\nio.dll
0x00007ffcdf620000 - 0x00007ffcdf637000 	C:\Program Files\Java\jdk-22\bin\zip.dll
0x000000006e700000 - 0x000000006e72d000 	C:\ProgramData\libGDX-temp\libgdxgaurm\2a9d7f76\gdx64.dll
0x00007ffcdc470000 - 0x00007ffcdc4eb000 	C:\ProgramData\libGDX-temp\lwjgl_gaurm\3.3.3+5\x64\lwjgl.dll
0x00007ffcabba0000 - 0x00007ffcabe10000 	C:\ProgramData\libGDX-temp\lwjgl_gaurm\3.3.3+5\x64\jemalloc.dll
0x00007ffcdc3e0000 - 0x00007ffcdc462000 	C:\ProgramData\libGDX-temp\lwjgl_gaurm\3.3.3+5\x64\glfw.dll
0x00007ffcdc390000 - 0x00007ffcdc3d6000 	C:\WINDOWS\SYSTEM32\dinput8.dll
0x00007ffcf3860000 - 0x00007ffcf3871000 	C:\WINDOWS\SYSTEM32\xinput1_4.dll
0x00007ffd03dd0000 - 0x00007ffd03e1e000 	C:\WINDOWS\SYSTEM32\cfgmgr32.dll
0x00007ffd03da0000 - 0x00007ffd03dcc000 	C:\WINDOWS\SYSTEM32\DEVOBJ.dll
0x00007ffd013d0000 - 0x00007ffd013fb000 	C:\WINDOWS\SYSTEM32\dwmapi.dll
0x00007ffcf0c10000 - 0x00007ffcf0e23000 	C:\WINDOWS\SYSTEM32\inputhost.dll
0x00007ffcfe4c0000 - 0x00007ffcfe5f3000 	C:\WINDOWS\SYSTEM32\CoreMessaging.dll
0x00007ffd01160000 - 0x00007ffd01211000 	C:\WINDOWS\system32\uxtheme.dll
0x00007ffd06170000 - 0x00007ffd062d0000 	C:\WINDOWS\System32\MSCTF.dll
0x00007ffd03900000 - 0x00007ffd0390c000 	C:\WINDOWS\SYSTEM32\CRYPTBASE.DLL
0x00007ffcab9d0000 - 0x00007ffcabb97000 	C:\ProgramData\libGDX-temp\lwjgl_gaurm\3.3.3+5\x64\OpenAL.dll
0x00007ffd06d30000 - 0x00007ffd06de0000 	C:\WINDOWS\System32\clbcatq.dll
0x00007ffcf8610000 - 0x00007ffcf86ae000 	C:\WINDOWS\System32\MMDevApi.dll
0x00007ffce6d70000 - 0x00007ffce6f5d000 	C:\WINDOWS\SYSTEM32\AUDIOSES.DLL
0x00007ffd01730000 - 0x00007ffd01745000 	C:\WINDOWS\SYSTEM32\resourcepolicyclient.dll
0x00007ffc877d0000 - 0x00007ffc878d0000 	C:\WINDOWS\SYSTEM32\opengl32.dll
0x00007ffc87ad0000 - 0x00007ffc87afd000 	C:\WINDOWS\SYSTEM32\GLU32.dll
0x00007ffd01280000 - 0x00007ffd012b7000 	C:\WINDOWS\SYSTEM32\dxcore.dll
0x00007ffcf90c0000 - 0x00007ffcf9109000 	C:\WINDOWS\SYSTEM32\directxdatabasehelper.dll
0x00007ffcff200000 - 0x00007ffcff344000 	C:\Windows\System32\AppXDeploymentClient.dll
0x00007ffcdefc0000 - 0x00007ffcdefea000 	C:\WINDOWS\System32\DriverStore\FileRepository\u0369670.inf_amd64_e110f3ff362d0146\B368779\atig6pxx.dll
0x00007ffc51090000 - 0x00007ffc53d70000 	C:\WINDOWS\System32\DriverStore\FileRepository\u0369670.inf_amd64_e110f3ff362d0146\B368779\atio6axx.dll
0x00007ffd063b0000 - 0x00007ffd06824000 	C:\WINDOWS\System32\SETUPAPI.dll
0x00007ffc85c00000 - 0x00007ffc85c25000 	C:\WINDOWS\SYSTEM32\dxva2.dll
0x00007ffcdc830000 - 0x00007ffcdc86c000 	C:\WINDOWS\System32\DriverStore\FileRepository\u0369670.inf_amd64_e110f3ff362d0146\B368779\atig6txx.dll
0x00007ffcd6b70000 - 0x00007ffcd6d29000 	C:\WINDOWS\SYSTEM32\atiadlxx.dll
0x00007ffd06950000 - 0x00007ffd06958000 	C:\WINDOWS\System32\PSAPI.DLL
0x00007ffd00840000 - 0x00007ffd00941000 	C:\WINDOWS\SYSTEM32\PROPSYS.dll
0x00007ffd04430000 - 0x00007ffd0449c000 	C:\WINDOWS\System32\WINTRUST.dll
0x00007ffd04aa0000 - 0x00007ffd04c06000 	C:\WINDOWS\System32\CRYPT32.dll
0x00007ffd03e50000 - 0x00007ffd03e62000 	C:\WINDOWS\SYSTEM32\MSASN1.dll
0x00007ffcffb00000 - 0x00007ffcffbbc000 	C:\WINDOWS\SYSTEM32\mscms.dll
0x00007ffcd04f0000 - 0x00007ffcd0539000 	C:\WINDOWS\SYSTEM32\icm32.dll
0x00007ffcc85c0000 - 0x00007ffcc861e000 	C:\ProgramData\libGDX-temp\lwjgl_gaurm\3.3.3+5\x64\lwjgl_opengl.dll
0x00007ffcf0ac0000 - 0x00007ffcf0c05000 	C:\WINDOWS\SYSTEM32\textinputframework.dll
0x00007ffcf6aa0000 - 0x00007ffcf6e0d000 	C:\WINDOWS\SYSTEM32\CoreUIComponents.dll
0x0000000066b00000 - 0x0000000066b5a000 	C:\ProgramData\libGDX-temp\libgdxgaurm\5e84b8da\gdx-box2d64.dll

dbghelp: loaded successfully - version: 4.0.5 - missing functions: none
symbol engine: initialized successfully - sym options: 0x614 - pdb path: .;C:\Program Files\Java\jdk-22\bin;C:\WINDOWS\SYSTEM32;C:\WINDOWS\WinSxS\amd64_microsoft.windows.common-controls_6595b64144ccf1df_6.0.22621.4391_none_2715d37f73803e96;C:\Program Files\Java\jdk-22\bin\server;C:\ProgramData\libGDX-temp\libgdxgaurm\2a9d7f76;C:\ProgramData\libGDX-temp\lwjgl_gaurm\3.3.3+5\x64;C:\WINDOWS\System32\DriverStore\FileRepository\u0369670.inf_amd64_e110f3ff362d0146\B368779;C:\ProgramData\libGDX-temp\libgdxgaurm\5e84b8da

VM Arguments:
jvm_args: -Dfile.encoding=UTF-8 -Duser.country=IN -Duser.language=en -Duser.variant 
java_command: APProject.project.lwjgl3.Lwjgl3Launcher
java_class_path (initial): C:\APProject 3\APProject 3\lwjgl3\build\classes\java\main;C:\APProject 3\APProject 3\lwjgl3\build\resources\main;C:\Users\gaurm\.gradle\caches\modules-2\files-2.1\com.badlogicgames.gdx\gdx-backend-lwjgl3\1.12.1\12a144cacb34f0392cd8354f798d99e4836a51a8\gdx-backend-lwjgl3-1.12.1.jar;C:\Users\gaurm\.gradle\caches\modules-2\files-2.1\com.badlogicgames.gdx\gdx-box2d-platform\1.12.1\4e82228fcdd2e8a7673fe7952588acfdb33d7820\gdx-box2d-platform-1.12.1-natives-desktop.jar;C:\Users\gaurm\.gradle\caches\modules-2\files-2.1\com.badlogicgames.gdx\gdx-platform\1.12.1\5737be5ce3a4e8f9f77c2d9ab95ab479f9c3705f\gdx-platform-1.12.1-natives-desktop.jar;C:\APProject 3\APProject 3\core\build\libs\core-$projectVersion.jar;C:\Users\gaurm\.gradle\caches\modules-2\files-2.1\com.badlogicgames.gdx\gdx-tools\1.12.1\c0670e43a98e4602e2cda9188ce7b41b4605a215\gdx-tools-1.12.1.jar;C:\Users\gaurm\.gradle\caches\modules-2\files-2.1\com.badlogicgames.box2dlights\box2dlights\1.5\6902dbcd250c95a27973aa24a147a95b3828d348\box2dlights-1.5.jar;C:\Users\gaurm\.gradle\caches\modules-2\files-2.1\com.badlogicgames.gdx\gdx-box2d\1.12.1\6c37ed04f97d062f1bdc4afe1f583182e539a269\gdx-box2d-1.12.1.jar;C:\Users\gaurm\.gradle\caches\modules-2\files-2.1\com.github.tommyettinger\anim8-gdx\0.4.5\c7ebeb16c6569895fd570a110de94831205562fb\anim8-gdx-0.4.5.jar;C:\Users\gaurm\.gradle\caches\modules-2\files-2.1\com.badlogicgames.gdx\gdx-freetype\1.12.1\d5826997b0cfa595a72889610fadb18405056c1c\gdx-freetype-1.12.1.jar;C:\Users\gaurm\.gradle\caches\modules-2\files-2.1\com.badlogicgames.gdx\gdx-backend-headless\1.12.1\22b5d8ed8ad1358c63ed4ce223634d166003c70e\gdx-backend-headless-1.12.1.jar;C:\Users\gaurm\.gradle\caches\modules-2\files-2.1\com.badlogicgames.gdx\gdx\1.12.1\a2d066c09329c457045c284c42d6f37122840aa\gdx-1.12.1.jar;C:\Users\gaurm\.gradle\caches\modules-2\files-2.1\org.lwjgl\lwjgl-glfw\3.3.3\efa1eb78c5ccd840e9f329717109b5e892d72f8e\lwjgl-glfw-3.3.3.jar;C:\Users\gaurm\.gradle\caches\modules-2\files-2.1\org.lwjgl\lwjgl-glfw\3.3.3\a03684c5e4b1b1dbbe0d29dbbdc27b985b6840f2\lwjgl-glfw-3.3.3-natives-linux.jar;C:\Users\gaurm\.gradle\caches\modules-2\files-2.1\org.lwjgl\lwjgl-glfw\3.3.3\d9af485c32545b37dd5359b163161d42d7534dcf\lwjgl-glfw-3.3.3-natives-linux-arm32.jar;C:\Users\gaurm\.gradle\caches\modules-2\files-2.1\org.lwjgl\lwjgl-glfw\3.3.3\492a0f11f85b85899a6568f07511160c1b87cd38\lwjgl-glfw-3.3.3-natives-linux-arm64.jar;C:\Users\gaurm\.gradle\caches\modules-2\files-2.1\org.lwjgl\lwjgl-glfw\3.3.3\a1bf400f6bc64e6195596cb1430dafda46090751\lwjgl-glfw-3.3.3-natives-macos.jar;C:\Users\gaurm\.gradle\caches\modules-2\files-2.1\org.lwjgl\lwjgl-glfw\3.3.3\ee8cc78d0a4a5b3b4600fade6d927c9fc320c858\lwjgl-glfw-3.3.3-natives-macos-arm64.jar;C:\Users\gaurm\.gradle\caches\modules-2\files-2.1\org.lwjgl\lwjgl-glfw\3.3.3\e449e28b4891fc423c54c85fbc5bb0b9efece67a\lwjgl-glfw-3.3.3-natives-windows.jar;C:\Users\gaurm\.gradle\caches\modules-2\files-2.1\org.lwjgl\lwjgl-glfw\3.3.3\32334f3fd5270a59bad9939a93115acb6de36dcf\lwjgl-glfw-3.3.3-natives-windows-x86.jar;C:\Users\gaurm\.gradle\caches\modules-2\files-2.1\org.lwjgl\lwjgl-jemalloc\3.3.3\b543467b7ff3c6920539a88ee602d34098628be5\lwjgl-jemalloc-3.3.3.jar;C:\Users\gaurm\.gradle\caches\modules-2\files-2.1\org.lwjgl\lwjgl-jemalloc\3.3.3\4f86728bf449b1dd61251c4e0ac01df1389cb51e\lwjgl-jemalloc-3.3.3-natives-linux.jar;C:\Users\gaurm\.gradle\caches\modules-2\files-2.1\org.lwjgl\lwjgl-jemalloc\3.3.3\109b6931880d02d4e65ced38928a16e41d19873e\lwjgl-jemalloc-3.3.3-natives-linux-arm32.jar;C:\Users\gaurm\.gradle\caches\modules-2\files-2.1\org.lwjgl\lwjgl-jemalloc\3.3.3\eff8b86798191192fe2cba2dc2776109f30c239d\lwjgl-jemalloc-3.3.3-natives-linux-arm64.jar;C:\Users\gaurm\.gradle\caches\modules-2\files-2.1\org.lwjgl\lwjgl-jemalloc\3.3.3\2906637657a57579847238c9c72d2c4bde7083f8\lwjgl-jemalloc-3.3.3-natives-macos.jar;C:\Users\gaurm\.gradle\caches\modules-2\files-2.1\org.lwjgl\lwjgl-jemalloc\3.3.3\e9412c3ff8cb3a3bad1d3f52909ad74d8a5bdad1\lwjgl-jemalloc-3.3.3-natives-macos-arm64.jar;C:\Users\gaurm\.gradle\caches\modules-2\files-2.1\org.lwjgl\lwjgl-jemalloc\3.3.3\426222fc027602a5f21b9c0fe79cde6a4c7a011f\lwjgl-jemalloc-3.3.3-natives-windows.jar;C:\Users\gaurm\.gradle\caches\modules-2\files-2.1\org.lwjgl\lwjgl-jemalloc\3.3.3\f6063b6e0f23be483c5c88d84ce51b39dc69126c\lwjgl-jemalloc-3.3.3-natives-windows-x86.jar;C:\Users\gaurm\.gradle\caches\modules-2\files-2.1\org.lwjgl\lwjgl-openal\3.3.3\daada81ceb5fc0c291fbfdd4433cb8d9423577f2\lwjgl-openal-3.3.3.jar;C:\Users\gaurm\.gradle\caches\modules-2\files-2.1\org.lwjgl\lwjgl-openal\3.3.3\3037360cc4595079bea240af250b6d1a527e0905\lwjgl-openal-3.3.3-natives-linux.jar;C:\Users\gaurm\.gradle\caches\modules-2\files-2.1\org.lwjgl\lwjgl-openal\3.3.3\e1702aa09d20359d6cf5cb2999fa7685a785eca7\lwjgl-openal-3.3.3-natives-linux-arm32.jar;C:\Users\gaurm\.gradle\caches\modules-2\files-2.1\org.lwjgl\lwjgl-openal\3.3.3\ad8f302118a65bb8d615f8a2a680db58fb8f835e\lwjgl-openal-3.3.3-natives-linux-arm64.jar;C:\Users\gaurm\.gradle\caches\modules-2\files-2.1\org.lwjgl\lwjgl-openal\3.3.3\8df8338bfa77f2ebabef4e58964bd04d24805cbf\lwjgl-openal-3.3.3-natives-macos.jar;C:\Users\gaurm\.gradle\caches\modules-2\files-2.1\org.lwjgl\lwjgl-openal\3.3.3\c78b078de2fb52f45aa55d04db889a560f3544f\lwjgl-openal-3.3.3-natives-macos-arm64.jar;C:\Users\gaurm\.gradle\caches\modules-2\files-2.1\org.lwjgl\lwjgl-openal\3.3.3\cf83862ae95d98496b26915024c7e666d8ab1c8f\lwjgl-openal-3.3.3-natives-windows.jar;C:\Users\gaurm\.gradle\caches\modules-2\files-2.1\org.lwjgl\lwjgl-openal\3.3.3\87b8d5050e3adb46bb58fe1cb2669a4a48fce10d\lwjgl-openal-3.3.3-natives-windows-x86.jar;C:\Users\gaurm\.gradle\caches\modules-2\files-2.1\org.lwjgl\lwjgl-opengl\3.3.3\2f6b0147078396a58979125a4c947664e98293a\lwjgl-opengl-3.3.3.jar;C:\Users\gaurm\.gradle\caches\modules-2\files-2.1\org.lwjgl\lwjgl-opengl\3.3.3\62c70a4b00ca5391882b0f4b787c1588d24f1c86\lwjgl-opengl-3.3.3-natives-linux.jar;C:\Users\gaurm\.gradle\caches\modules-2\files-2.1\org.lwjgl\lwjgl-opengl\3.3.3\dbba17fc5ac0985d14a57c11f9537617d67b9952\lwjgl-opengl-3.3.3-natives-linux-arm32.jar;C:\Users\gaurm\.gradle\caches\modules-2\files-2.1\org.lwjgl\lwjgl-opengl\3.3.3\2096f6b94b2d68745d858fbfe53aacf5f0c8074c\lwjgl-opengl-3.3.3-natives-linux-arm64.jar;C:\Users\gaurm\.gradle\caches\modules-2\files-2.1\org.lwjgl\lwjgl-opengl\3.3.3\1bd45997551ae8a28469f3a2b678f4b7289e12c0\lwjgl-opengl-3.3.3-natives-macos.jar;C:\Users\gaurm\.gradle\caches\modules-2\files-2.1\org.lwjgl\lwjgl-opengl\3.3.3\d213ddef27637b1af87961ffa94d6b27036becc8\lwjgl-opengl-3.3.3-natives-macos-arm64.jar;C:\Users\gaurm\.gradle\caches\modules-2\files-2.1\org.lwjgl\lwjgl-opengl\3.3.3\e6c1eec8be8a71951b830a4d69efc01c6531900c\lwjgl-opengl-3.3.3-natives-windows.jar;C:\Users\gaurm\.gradle\caches\modules-2\files-2.1\org.lwjgl\lwjgl-opengl\3.3.3\d32d833dcaa2f355a886eaf21f0408b5f03241d\lwjgl-opengl-3.3.3-natives-windows-x86.jar;C:\Users\gaurm\.gradle\caches\modules-2\files-2.1\org.lwjgl\lwjgl-stb\3.3.3\25dd6161988d7e65f71d5065c99902402ee32746\lwjgl-stb-3.3.3.jar;C:\Users\gaurm\.gradle\caches\modules-2\files-2.1\org.lwjgl\lwjgl-stb\3.3.3\fd1271ccd9d85eff2fa31f3fd543e02ccfaf5041\lwjgl-stb-3.3.3-natives-linux.jar;C:\Users\gaurm\.gradle\caches\modules-2\files-2.1\org.lwjgl\lwjgl-stb\3.3.3\1ae28ff044699ff29b0e980ffabd73fba8a664b3\lwjgl-stb-3.3.3-natives-linux-arm32.jar;C:\Users\gaurm\.gradle\caches\modules-2\files-2.1\org.lwjgl\lwjgl-stb\3.3.3\ddc177afc2be1ee8d93684b11363b80589a13fe1\lwjgl-stb-3.3.3-natives-linux-arm64.jar;C:\Users\gaurm\.gradle\caches\modules-2\files-2.1\org.lwjgl\lwjgl-stb\3.3.3\472792c98fb2c1557c060cb9da5fca6a9773621f\lwjgl-stb-3.3.3-natives-macos.jar;C:\Users\gaurm\.gradle\caches\modules-2\files-2.1\org.lwjgl\lwjgl-stb\3.3.3\51c6955571fbcdb7bb538c6aa589b953b584c6af\lwjgl-stb-3.3.3-natives-macos-arm64.jar;C:\Users\gaurm\.gradle\caches\modules-2\files-2.1\org.lwjgl\lwjgl-stb\3.3.3\1d9facdf6541de114b0f963be33505b7679c78cb\lwjgl-stb-3.3.3-natives-windows.jar;C:\Users\gaurm\.gradle\caches\modules-2\files-2.1\org.lwjgl\lwjgl-stb\3.3.3\b5c874687b9aac1a936501d4ed2c49567fd1b575\lwjgl-stb-3.3.3-natives-windows-x86.jar;C:\Users\gaurm\.gradle\caches\modules-2\files-2.1\org.lwjgl\lwjgl\3.3.3\29589b5f87ed335a6c7e7ee6a5775f81f97ecb84\lwjgl-3.3.3.jar;C:\Users\gaurm\.gradle\caches\modules-2\files-2.1\org.lwjgl\lwjgl\3.3.3\1713758e3660ba66e1e954396fd18126038b33c0\lwjgl-3.3.3-natives-linux.jar;C:\Users\gaurm\.gradle\caches\modules-2\files-2.1\org.lwjgl\lwjgl\3.3.3\2075c51a80f0ef0f22ba616ba54007ac2b0debd4\lwjgl-3.3.3-natives-linux-arm32.jar;C:\Users\gaurm\.gradle\caches\modules-2\files-2.1\org.lwjgl\lwjgl\3.3.3\f35d8b6ffe1ac1e3a5eb1d4e33de80f044ad5fd8\lwjgl-3.3.3-natives-linux-arm64.jar;C:\Users\gaurm\.gradle\caches\modules-2\files-2.1\org.lwjgl\lwjgl\3.3.3\33a6efa288390490ce6eb6c3df47ac21ecf648cf\lwjgl-3.3.3-natives-macos.jar;C:\Users\gaurm\.gradle\caches\modules-2\files-2.1\org.lwjgl\lwjgl\3.3.3\226246e75f6bd8d4e1895bdce8638ef87808d114\lwjgl-3.3.3-natives-macos-arm64.jar;C:\Users\gaurm\.gradle\caches\modules-2\files-2.1\org.lwjgl\lwjgl\3.3.3\a5ed18a2b82fc91b81f40d717cb1f64c9dcb0540\lwjgl-3.3.3-natives-windows.jar;C:\Users\gaurm\.gradle\caches\modules-2\files-2.1\org.lwjgl\lwjgl\3.3.3\9e670718e050aeaeea0c2d5b907cffb142f2e58f\lwjgl-3.3.3-natives-windows-x86.jar;C:\Users\gaurm\.gradle\caches\modules-2\files-2.1\com.badlogicgames.jlayer\jlayer\1.0.1-gdx\7cca83cec5c1b2f011362f4d85aabd71a73b049d\jlayer-1.0.1-gdx.jar;C:\Users\gaurm\.gradle\caches\modules-2\files-2.1\org.jcraft\jorbis\0.0.17\8872d22b293e8f5d7d56ff92be966e6dc28ebdc6\jorbis-0.0.17.jar;C:\Users\gaurm\.gradle\caches\modules-2\files-2.1\net.onedaybeard.artemis\artemis-odb\2.3.0\4fdbe995b570dc6ae7078d30770fc8df348f10d6\artemis-odb-2.3.0.jar;C:\Users\gaurm\.gradle\caches\modules-2\files-2.1\com.badlogicgames.gdx\gdx-jnigen-loader\2.3.1\2d472f69243631fbcb3d4c3f93dd2e137a6cb084\gdx-jnigen-loader-2.3.1.jar
Launcher Type: SUN_STANDARD

[Global flags]
     intx CICompilerCount                          = 12                                        {product} {ergonomic}
     uint ConcGCThreads                            = 3                                         {product} {ergonomic}
     uint G1ConcRefinementThreads                  = 13                                        {product} {ergonomic}
   size_t G1HeapRegionSize                         = 2097152                                   {product} {ergonomic}
   size_t InitialHeapSize                          = 260046848                                 {product} {ergonomic}
   size_t MarkStackSize                            = 4194304                                   {product} {ergonomic}
   size_t MaxHeapSize                              = 4139778048                                {product} {ergonomic}
   size_t MaxNewSize                               = 2483027968                                {product} {ergonomic}
   size_t MinHeapDeltaBytes                        = 2097152                                   {product} {ergonomic}
   size_t MinHeapSize                              = 8388608                                   {product} {ergonomic}
    uintx NonNMethodCodeHeapSize                   = 7602480                                {pd product} {ergonomic}
    uintx NonProfiledCodeHeapSize                  = 122027880                              {pd product} {ergonomic}
    uintx ProfiledCodeHeapSize                     = 122027880                              {pd product} {ergonomic}
    uintx ReservedCodeCacheSize                    = 251658240                              {pd product} {ergonomic}
     bool SegmentedCodeCache                       = true                                      {product} {ergonomic}
   size_t SoftMaxHeapSize                          = 4139778048                             {manageable} {ergonomic}
     bool UseCompressedOops                        = true                           {product lp64_product} {ergonomic}
     bool UseG1GC                                  = true                                      {product} {ergonomic}
     bool UseLargePagesIndividualAllocation        = false                                  {pd product} {ergonomic}

Logging:
Log output configuration:
 #0: stdout all=warning uptime,level,tags foldmultilines=false
 #1: stderr all=off uptime,level,tags foldmultilines=false

Environment Variables:
PATH=C:\Program Files\Common Files\Oracle\Java\javapath;C:\Program Files (x86)\VMware\VMware Player\bin\;C:\Windows\system32;C:\Windows;C:\Windows\System32\Wbem;C:\Windows\System32\WindowsPowerShell\v1.0\;C:\Windows\System32\OpenSSH\;C:\Program Files (x86)\NVIDIA Corporation\PhysX\Common;C:\Program Files\NVIDIA Corporation\NVIDIA NvDLISR;C:\WINDOWS\system32;C:\WINDOWS;C:\WINDOWS\System32\Wbem;C:\WINDOWS\System32\WindowsPowerShell\v1.0\;C:\WINDOWS\System32\OpenSSH\;C:\Program Files\MySQL\MySQL Server 8.0\bin;C:\Program Files\dotnet\;C:\MinGW\bin;C:\msys64\mingw64\bin;C:\Program Files\Java\jdk-22\bin;C:\Program Files\Git\cmd;C:\Program Files\MySQL\MySQL Shell 8.0\bin\;C:\Users\gaurm\AppData\Local\Programs\Python\Python39\Scripts\;C:\Users\gaurm\AppData\Local\Programs\Python\Python39\;C:\Users\gaurm\AppData\Local\Microsoft\WindowsApps;C:\Program Files\JetBrains\IntelliJ IDEA Community Edition 2024.2\bin;;C:\Program Files\JetBrains\IntelliJ IDEA 2024.2.1\bin;;C:\Users\gaurm\AppData\Local\Programs\Microsoft VS Code\bin
USERNAME=gaurm
OS=Windows_NT
PROCESSOR_IDENTIFIER=AMD64 Family 23 Model 96 Stepping 1, AuthenticAMD
TMP=C:\Users\gaurm\AppData\Local\Temp
TEMP=C:\Users\gaurm\AppData\Local\Temp




Periodic native trim disabled

---------------  S Y S T E M  ---------------

OS:
 Windows 11 , 64 bit Build 22621 (10.0.22621.4391)
OS uptime: 0 days 21:49 hours

CPU: total 16 (initial active 16) (16 cores per cpu, 2 threads per core) family 23 model 96 stepping 1 microcode 0x0, cx8, cmov, fxsr, ht, mmx, 3dnowpref, sse, sse2, sse3, ssse3, sse4a, sse4.1, sse4.2, popcnt, lzcnt, tsc, tscinvbit, avx, avx2, aes, clmul, bmi1, bmi2, adx, sha, fma, vzeroupper, clflush, clflushopt, rdtscp, rdpid, f16c
Processor Information for all 16 processors :
  Max Mhz: 2900, Current Mhz: 2900, Mhz Limit: 2900

Memory: 4k page, system-wide physical 15789M (3999M free)
TotalPageFile size 31661M (AvailPageFile size 14720M)
current process WorkingSet (physical memory assigned to process): 204M, peak: 248M
current process commit charge ("private bytes"): 610M, peak: 642M

vm_info: Java HotSpot(TM) 64-Bit Server VM (22.0.2+9-70) for windows-amd64 JRE (22.0.2+9-70), built on 2024-06-04T16:52:23Z by "mach5one" with MS VC++ 17.6 (VS2022)

END.
